#
# There is insufficient memory for the Java Runtime Environment to continue.
# Native memory allocation (malloc) failed to allocate 127926272 bytes for committing reserved memory.
# Possible reasons:
#   The system is out of physical RAM or swap space
#   In 32 bit mode, the process size limit was hit
# Possible solutions:
#   Reduce memory load on the system
#   Increase physical memory or swap space
#   Check if swap backing store is full
#   Use 64 bit Java on a 64 bit OS
#   Decrease Java heap size (-Xmx/-Xms)
#   Decrease number of Java threads
#   Decrease Java thread stack sizes (-Xss)
#   Set larger code cache with -XX:ReservedCodeCacheSize=
# This output file may be truncated or incomplete.
#
#  Out of Memory Error (os_linux.cpp:2827), pid=11903, tid=140396367681280
#
# JRE version: OpenJDK Runtime Environment (7.0_101) (build 1.7.0_101-b00)
# Java VM: OpenJDK 64-Bit Server VM (24.95-b01 mixed mode linux-amd64 compressed oops)
# Derivative: IcedTea 2.6.6
# Distribution: Ubuntu 14.04 LTS, package 7u101-2.6.6-0ubuntu0.14.04.1
# Failed to write core dump. Core dumps have been disabled. To enable core dumping, try "ulimit -c unlimited" before starting Java again
#

---------------  T H R E A D  ---------------

Current thread (0x00007fb09c076000):  VMThread [stack: 0x00007fb0938f9000,0x00007fb0939fa000] [id=11931]

Stack: [0x00007fb0938f9000,0x00007fb0939fa000],  sp=0x00007fb0939f8490,  free space=1021k
Native frames: (J=compiled Java code, j=interpreted, Vv=VM code, C=native code)
V  [libjvm.so+0x955705]
V  [libjvm.so+0x490c44]
V  [libjvm.so+0x7d0c9b]
V  [libjvm.so+0x7cb75f]
V  [libjvm.so+0x83ee5b]
V  [libjvm.so+0x83fcc0]
V  [libjvm.so+0x8403ab]
V  [libjvm.so+0x83c5e8]
V  [libjvm.so+0x83ce58]
V  [libjvm.so+0x7f34a3]
V  [libjvm.so+0x957104]
V  [libjvm.so+0x95b207]
V  [libjvm.so+0x959cc8]
V  [libjvm.so+0x95a129]
V  [libjvm.so+0x95a572]
V  [libjvm.so+0x7cdb62]

VM_Operation (0x00007fb090f72080): ParallelGCFailedAllocation, mode: safepoint, requested by thread 0x00007fb09c1ad000


---------------  P R O C E S S  ---------------

Java Threads: ( => current thread )
  0x00007fb09c1bc800 JavaThread "pool-1-thread-4" [_thread_blocked, id=11975, stack(0x00007fb090a6f000,0x00007fb090b70000)]
  0x00007fb09c1bb000 JavaThread "pool-1-thread-3" [_thread_blocked, id=11974, stack(0x00007fb090b70000,0x00007fb090c71000)]
  0x00007fb09c1ae800 JavaThread "pool-2-thread-1" [_thread_blocked, id=11970, stack(0x00007fb090d72000,0x00007fb090e73000)]
  0x00007fb09c1ad000 JavaThread "pool-1-thread-1" [_thread_blocked, id=11969, stack(0x00007fb090e73000,0x00007fb090f74000)]
  0x00007fb09c0ae800 JavaThread "Service Thread" daemon [_thread_blocked, id=11952, stack(0x00007fb0927f3000,0x00007fb0928f4000)]
  0x00007fb09c0ac800 JavaThread "C2 CompilerThread1" daemon [_thread_blocked, id=11949, stack(0x00007fb0928f4000,0x00007fb0929f5000)]
  0x00007fb09c0a9800 JavaThread "C2 CompilerThread0" daemon [_thread_blocked, id=11946, stack(0x00007fb0929f5000,0x00007fb092af6000)]
  0x00007fb09c0a7000 JavaThread "Signal Dispatcher" daemon [_thread_blocked, id=11944, stack(0x00007fb092af6000,0x00007fb092bf7000)]
  0x00007fb09c07c000 JavaThread "Finalizer" daemon [_thread_blocked, id=11941, stack(0x00007fb0936f7000,0x00007fb0937f8000)]
  0x00007fb09c07a000 JavaThread "Reference Handler" daemon [_thread_blocked, id=11936, stack(0x00007fb0937f8000,0x00007fb0938f9000)]
  0x00007fb09c00a800 JavaThread "main" [_thread_blocked, id=11909, stack(0x00007fb0a3622000,0x00007fb0a3723000)]

Other Threads:
=>0x00007fb09c076000 VMThread [stack: 0x00007fb0938f9000,0x00007fb0939fa000] [id=11931]
  0x00007fb09c0b9000 WatcherThread [stack: 0x00007fb0926f2000,0x00007fb0927f3000] [id=11955]

VM state:at safepoint (normal execution)

VM Mutex/Monitor currently owned by a thread:  ([mutex/lock_event])
[0x00007fb09c006ac0] Threads_lock - owner thread: 0x00007fb09c076000
[0x00007fb09c006fc0] Heap_lock - owner thread: 0x00007fb09c1ad000

Heap
 PSYoungGen      total 122880K, used 13291K [0x00000000eaa80000, 0x00000000f3080000, 0x0000000100000000)
  eden space 109568K, 0% used [0x00000000eaa80000,0x00000000eaa80000,0x00000000f1580000)
  from space 13312K, 99% used [0x00000000f1580000,0x00000000f227add8,0x00000000f2280000)
  to   space 12288K, 0% used [0x00000000f2280000,0x00000000f2280000,0x00000000f2e80000)
 ParOldGen       total 35328K, used 32445K [0x00000000c0000000, 0x00000000c2280000, 0x00000000eaa80000)
  object space 35328K, 91% used [0x00000000c0000000,0x00000000c1faf400,0x00000000c2280000)
 PSPermGen       total 21504K, used 6403K [0x00000000b5a00000, 0x00000000b6f00000, 0x00000000c0000000)
  object space 21504K, 29% used [0x00000000b5a00000,0x00000000b6040fb0,0x00000000b6f00000)

Card table byte_map: [0x00007fb0a0005000,0x00007fb0a0259000] byte_map_base: 0x00007fb09fa58000

Polling page: 0x00007fb0a3744000

Code Cache  [0x00007fb099000000, 0x00007fb099270000, 0x00007fb09c000000)
 total_blobs=593 nmethods=363 adapters=184 free_code_cache=47506Kb largest_free_block=48600704

Compilation events (10 events):
Event: 43,393 Thread 0x00007fb09c0a9800 nmethod 370 0x00007fb099196510 code [0x00007fb099196640, 0x00007fb099196698]
Event: 43,393 Thread 0x00007fb09c0a9800  371             com.android.dx.cf.code.RopperMachine::jopToRopOpcode (1103 bytes)
Event: 43,422 Thread 0x00007fb09c0ac800 nmethod 368 0x00007fb0991a3f50 code [0x00007fb0991a4220, 0x00007fb0991a52b0]
Event: 43,422 Thread 0x00007fb09c0ac800  372             com.android.dx.rop.type.Type::getBasicType (5 bytes)
Event: 43,423 Thread 0x00007fb09c0ac800 nmethod 372 0x00007fb0990f16d0 code [0x00007fb0990f1800, 0x00007fb0990f1858]
Event: 43,423 Thread 0x00007fb09c0ac800  373             com.android.dx.rop.cst.TypedConstant::<init> (5 bytes)
Event: 43,424 Thread 0x00007fb09c0ac800 nmethod 373 0x00007fb0990f14d0 code [0x00007fb0990f1600, 0x00007fb0990f1658]
Event: 43,424 Thread 0x00007fb09c0ac800  374             com.android.dx.rop.code.LocalItem::equals (29 bytes)
Event: 43,571 Thread 0x00007fb09c0ac800 nmethod 374 0x00007fb0990ebd50 code [0x00007fb0990ebec0, 0x00007fb0990ec1d8]
Event: 43,577 Thread 0x00007fb09c0ac800  375             java.util.BitSet::ensureCapacity (39 bytes)

GC Heap History (10 events):
Event: 3,655 GC heap after
Heap after GC invocations=2 (full 0):
 PSYoungGen      total 29696K, used 2024K [0x00000000eaa80000, 0x00000000ec980000, 0x0000000100000000)
  eden space 27648K, 0% used [0x00000000eaa80000,0x00000000eaa80000,0x00000000ec580000)
  from space 2048K, 98% used [0x00000000ec780000,0x00000000ec97a2e8,0x00000000ec980000)
  to   space 2048K, 0% used [0x00000000ec580000,0x00000000ec580000,0x00000000ec780000)
 ParOldGen       total 35328K, used 2119K [0x00000000c0000000, 0x00000000c2280000, 0x00000000eaa80000)
  object space 35328K, 6% used [0x00000000c0000000,0x00000000c0211fe0,0x00000000c2280000)
 PSPermGen       total 21504K, used 6095K [0x00000000b5a00000, 0x00000000b6f00000, 0x00000000c0000000)
  object space 21504K, 28% used [0x00000000b5a00000,0x00000000b5ff3fe0,0x00000000b6f00000)
}
Event: 8,263 GC heap before
{Heap before GC invocations=3 (full 0):
 PSYoungGen      total 29696K, used 29672K [0x00000000eaa80000, 0x00000000ec980000, 0x0000000100000000)
  eden space 27648K, 100% used [0x00000000eaa80000,0x00000000ec580000,0x00000000ec580000)
  from space 2048K, 98% used [0x00000000ec780000,0x00000000ec97a2e8,0x00000000ec980000)
  to   space 2048K, 0% used [0x00000000ec580000,0x00000000ec580000,0x00000000ec780000)
 ParOldGen       total 35328K, used 2119K [0x00000000c0000000, 0x00000000c2280000, 0x00000000eaa80000)
  object space 35328K, 6% used [0x00000000c0000000,0x00000000c0211fe0,0x00000000c2280000)
 PSPermGen       total 21504K, used 6238K [0x00000000b5a00000, 0x00000000b6f00000, 0x00000000c0000000)
  object space 21504K, 29% used [0x00000000b5a00000,0x00000000b6017bf8,0x00000000b6f00000)
Event: 8,383 GC heap after
Heap after GC invocations=3 (full 0):
 PSYoungGen      total 29696K, used 2040K [0x00000000eaa80000, 0x00000000ee480000, 0x0000000100000000)
  eden space 27648K, 0% used [0x00000000eaa80000,0x00000000eaa80000,0x00000000ec580000)
  from space 2048K, 99% used [0x00000000ec580000,0x00000000ec77e3c0,0x00000000ec780000)
  to   space 2048K, 0% used [0x00000000ee280000,0x00000000ee280000,0x00000000ee480000)
 ParOldGen       total 35328K, used 6760K [0x00000000c0000000, 0x00000000c2280000, 0x00000000eaa80000)
  object space 35328K, 19% used [0x00000000c0000000,0x00000000c069a3a8,0x00000000c2280000)
 PSPermGen       total 21504K, used 6238K [0x00000000b5a00000, 0x00000000b6f00000, 0x00000000c0000000)
  object space 21504K, 29% used [0x00000000b5a00000,0x00000000b6017bf8,0x00000000b6f00000)
}
Event: 13,149 GC heap before
{Heap before GC invocations=4 (full 0):
 PSYoungGen      total 29696K, used 29688K [0x00000000eaa80000, 0x00000000ee480000, 0x0000000100000000)
  eden space 27648K, 100% used [0x00000000eaa80000,0x00000000ec580000,0x00000000ec580000)
  from space 2048K, 99% used [0x00000000ec580000,0x00000000ec77e3c0,0x00000000ec780000)
  to   space 2048K, 0% used [0x00000000ee280000,0x00000000ee280000,0x00000000ee480000)
 ParOldGen       total 35328K, used 6760K [0x00000000c0000000, 0x00000000c2280000, 0x00000000eaa80000)
  object space 35328K, 19% used [0x00000000c0000000,0x00000000c069a3a8,0x00000000c2280000)
 PSPermGen       total 21504K, used 6277K [0x00000000b5a00000, 0x00000000b6f00000, 0x00000000c0000000)
  object space 21504K, 29% used [0x00000000b5a00000,0x00000000b60215b8,0x00000000b6f00000)
Event: 13,239 GC heap after
Heap after GC invocations=4 (full 0):
 PSYoungGen      total 57344K, used 2039K [0x00000000eaa80000, 0x00000000ee480000, 0x0000000100000000)
  eden space 55296K, 0% used [0x00000000eaa80000,0x00000000eaa80000,0x00000000ee080000)
  from space 2048K, 99% used [0x00000000ee280000,0x00000000ee47dc58,0x00000000ee480000)
  to   space 2048K, 0% used [0x00000000ee080000,0x00000000ee080000,0x00000000ee280000)
 ParOldGen       total 35328K, used 11379K [0x00000000c0000000, 0x00000000c2280000, 0x00000000eaa80000)
  object space 35328K, 32% used [0x00000000c0000000,0x00000000c0b1ce10,0x00000000c2280000)
 PSPermGen       total 21504K, used 6277K [0x00000000b5a00000, 0x00000000b6f00000, 0x00000000c0000000)
  object space 21504K, 29% used [0x00000000b5a00000,0x00000000b60215b8,0x00000000b6f00000)
}
Event: 22,421 GC heap before
{Heap before GC invocations=5 (full 0):
 PSYoungGen      total 57344K, used 57335K [0x00000000eaa80000, 0x00000000ee480000, 0x0000000100000000)
  eden space 55296K, 100% used [0x00000000eaa80000,0x00000000ee080000,0x00000000ee080000)
  from space 2048K, 99% used [0x00000000ee280000,0x00000000ee47dc58,0x00000000ee480000)
  to   space 2048K, 0% used [0x00000000ee080000,0x00000000ee080000,0x00000000ee280000)
 ParOldGen       total 35328K, used 11379K [0x00000000c0000000, 0x00000000c2280000, 0x00000000eaa80000)
  object space 35328K, 32% used [0x00000000c0000000,0x00000000c0b1ce10,0x00000000c2280000)
 PSPermGen       total 21504K, used 6324K [0x00000000b5a00000, 0x00000000b6f00000, 0x00000000c0000000)
  object space 21504K, 29% used [0x00000000b5a00000,0x00000000b602d000,0x00000000b6f00000)
Event: 22,543 GC heap after
Heap after GC invocations=5 (full 0):
 PSYoungGen      total 57344K, used 2022K [0x00000000eaa80000, 0x00000000f2e80000, 0x0000000100000000)
  eden space 55296K, 0% used [0x00000000eaa80000,0x00000000eaa80000,0x00000000ee080000)
  from space 2048K, 98% used [0x00000000ee080000,0x00000000ee279be0,0x00000000ee280000)
  to   space 12288K, 0% used [0x00000000f2280000,0x00000000f2280000,0x00000000f2e80000)
 ParOldGen       total 35328K, used 20527K [0x00000000c0000000, 0x00000000c2280000, 0x00000000eaa80000)
  object space 35328K, 58% used [0x00000000c0000000,0x00000000c140bc20,0x00000000c2280000)
 PSPermGen       total 21504K, used 6324K [0x00000000b5a00000, 0x00000000b6f00000, 0x00000000c0000000)
  object space 21504K, 29% used [0x00000000b5a00000,0x00000000b602d000,0x00000000b6f00000)
}
Event: 29,457 GC heap before
{Heap before GC invocations=6 (full 0):
 PSYoungGen      total 57344K, used 57318K [0x00000000eaa80000, 0x00000000f2e80000, 0x0000000100000000)
  eden space 55296K, 100% used [0x00000000eaa80000,0x00000000ee080000,0x00000000ee080000)
  from space 2048K, 98% used [0x00000000ee080000,0x00000000ee279be0,0x00000000ee280000)
  to   space 12288K, 0% used [0x00000000f2280000,0x00000000f2280000,0x00000000f2e80000)
 ParOldGen       total 35328K, used 20527K [0x00000000c0000000, 0x00000000c2280000, 0x00000000eaa80000)
  object space 35328K, 58% used [0x00000000c0000000,0x00000000c140bc20,0x00000000c2280000)
 PSPermGen       total 21504K, used 6361K [0x00000000b5a00000, 0x00000000b6f00000, 0x00000000c0000000)
  object space 21504K, 29% used [0x00000000b5a00000,0x00000000b6036598,0x00000000b6f00000)
Event: 29,735 GC heap after
Heap after GC invocations=6 (full 0):
 PSYoungGen      total 121856K, used 9606K [0x00000000eaa80000, 0x00000000f3080000, 0x0000000100000000)
  eden space 109568K, 0% used [0x00000000eaa80000,0x00000000eaa80000,0x00000000f1580000)
  from space 12288K, 78% used [0x00000000f2280000,0x00000000f2be1bf0,0x00000000f2e80000)
  to   space 13312K, 0% used [0x00000000f1580000,0x00000000f1580000,0x00000000f2280000)
 ParOldGen       total 35328K, used 20527K [0x00000000c0000000, 0x00000000c2280000, 0x00000000eaa80000)
  object space 35328K, 58% used [0x00000000c0000000,0x00000000c140bc20,0x00000000c2280000)
 PSPermGen       total 21504K, used 6361K [0x00000000b5a00000, 0x00000000b6f00000, 0x00000000c0000000)
  object space 21504K, 29% used [0x00000000b5a00000,0x00000000b6036598,0x00000000b6f00000)
}
Event: 43,644 GC heap before
{Heap before GC invocations=7 (full 0):
 PSYoungGen      total 121856K, used 119174K [0x00000000eaa80000, 0x00000000f3080000, 0x0000000100000000)
  eden space 109568K, 100% used [0x00000000eaa80000,0x00000000f1580000,0x00000000f1580000)
  from space 12288K, 78% used [0x00000000f2280000,0x00000000f2be1bf0,0x00000000f2e80000)
  to   space 13312K, 0% used [0x00000000f1580000,0x00000000f1580000,0x00000000f2280000)
 ParOldGen       total 35328K, used 20527K [0x00000000c0000000, 0x00000000c2280000, 0x00000000eaa80000)
  object space 35328K, 58% used [0x00000000c0000000,0x00000000c140bc20,0x00000000c2280000)
 PSPermGen       total 21504K, used 6403K [0x00000000b5a00000, 0x00000000b6f00000, 0x00000000c0000000)
  object space 21504K, 29% used [0x00000000b5a00000,0x00000000b6040fb0,0x00000000b6f00000)

Deoptimization events (10 events):
Event: 4,894 Thread 0x00007fb09c00a800 Uncommon trap: reason=null_check action=make_not_entrant pc=0x00007fb0990a94ac method=com.android.dx.ssa.SsaRenamer.getLocalForNewReg(I)Lcom/android/dx/rop/code/LocalItem; @ 19
Event: 5,887 Thread 0x00007fb09c1ba000 Uncommon trap: reason=null_check action=make_not_entrant pc=0x00007fb0990aeaf4 method=com.android.dx.ssa.SsaRenamer.getLocalForNewReg(I)Lcom/android/dx/rop/code/LocalItem; @ 19
Event: 8,032 Thread 0x00007fb09c00a800 Uncommon trap: reason=unstable_if action=reinterpret pc=0x00007fb09907b044 method=com.android.dx.rop.cst.Constant.compareTo(Lcom/android/dx/rop/cst/Constant;)I @ 12
Event: 11,423 Thread 0x00007fb09c1bb000 Uncommon trap: reason=unstable_if action=reinterpret pc=0x00007fb0990d4764 method=com.android.dx.ssa.LocalVariableExtractor.processBlock(I)V @ 251
Event: 14,638 Thread 0x00007fb09c1bc800 Uncommon trap: reason=unstable_if action=reinterpret pc=0x00007fb0990a1f34 method=com.android.dx.util.IntList.binarysearch(I)I @ 105
Event: 16,579 Thread 0x00007fb09c00a800 Uncommon trap: reason=null_check action=make_not_entrant pc=0x00007fb0990da53c method=com.android.dx.rop.type.Type.putIntern(Lcom/android/dx/rop/type/Type;)Lcom/android/dx/rop/type/Type; @ 18
Event: 18,421 Thread 0x00007fb09c1bb000 Uncommon trap: reason=unstable_if action=reinterpret pc=0x00007fb0990ee50c method=com.android.dx.ssa.Dominators.run()V @ 346
Event: 31,709 Thread 0x00007fb09c1bc800 Uncommon trap: reason=unstable_if action=reinterpret pc=0x00007fb0991456a8 method=com.android.dx.cf.code.Ropper.isSynchronized()Z @ 12
Event: 32,516 Thread 0x00007fb09c1bc800 Uncommon trap: reason=unstable_if action=reinterpret pc=0x00007fb099159d98 method=java.util.BitSet.ensureCapacity(I)V @ 6
Event: 37,471 Thread 0x00007fb09c00a800 Uncommon trap: reason=unstable_if action=reinterpret pc=0x00007fb0990e4958 method=com.android.dx.ssa.SCCP.simulateBranch(Lcom/android/dx/ssa/SsaInsn;)V @ 548

Internal exceptions (10 events):
Event: 2,434 Thread 0x00007fb09c1ad000 Implicit null exception at 0x00007fb099083112 to 0x00007fb099083301
Event: 3,112 Thread 0x00007fb09c1ad000 Threw 0x00000000eb481978 at /build/openjdk-7-9duhBW/openjdk-7-7u101-2.6.6/build/openjdk/hotspot/src/share/vm/prims/jvm.cpp:1322
Event: 3,338 Thread 0x00007fb09c1bc800 Threw 0x00000000eb50ce70 at /build/openjdk-7-9duhBW/openjdk-7-7u101-2.6.6/build/openjdk/hotspot/src/share/vm/prims/jvm.cpp:1322
Event: 4,894 Thread 0x00007fb09c00a800 Implicit null exception at 0x00007fb0990a7c0b to 0x00007fb0990a9489
Event: 5,817 Thread 0x00007fb09c00a800 Threw 0x00000000eb8792d0 at /build/openjdk-7-9duhBW/openjdk-7-7u101-2.6.6/build/openjdk/hotspot/src/share/vm/prims/jvm.cpp:1322
Event: 5,887 Thread 0x00007fb09c1ba000 Implicit null exception at 0x00007fb0990ae108 to 0x00007fb0990aead1
Event: 14,025 Thread 0x00007fb09c1ba000 Threw 0x00000000eaf692a0 at /build/openjdk-7-9duhBW/openjdk-7-7u101-2.6.6/build/openjdk/hotspot/src/share/vm/prims/jvm.cpp:1322
Event: 14,633 Thread 0x00007fb09c00a800 Threw 0x00000000eb1b23c8 at /build/openjdk-7-9duhBW/openjdk-7-7u101-2.6.6/build/openjdk/hotspot/src/share/vm/prims/jvm.cpp:1322
Event: 16,579 Thread 0x00007fb09c00a800 Implicit null exception at 0x00007fb0990d9e77 to 0x00007fb0990da52d
Event: 26,272 Thread 0x00007fb09c00a800 Threw 0x00000000ec6a8608 at /build/openjdk-7-9duhBW/openjdk-7-7u101-2.6.6/build/openjdk/hotspot/src/share/vm/prims/jvm.cpp:1322

Events (10 events):
Event: 37,471 Thread 0x00007fb09c00a800 DEOPT PACKING pc=0x00007fb0990e4958 sp=0x00007fb0a3720960
Event: 37,471 Thread 0x00007fb09c00a800 DEOPT UNPACKING pc=0x00007fb099039045 sp=0x00007fb0a3720928 mode 2
Event: 39,736 Thread 0x00007fb09c0a9800 flushing nmethod 0x00007fb0990d9610
Event: 39,758 Thread 0x00007fb09c0ac800 flushing nmethod 0x00007fb0990eb410
Event: 42,269 loading class 0x00007fb08e2892f0
Event: 42,285 loading class 0x00007fb08e2892f0 done
Event: 42,289 loading class 0x00007fb08e289260
Event: 42,289 loading class 0x00007fb08e289260 done
Event: 43,575 Thread 0x00007fb09c1ba000 Thread exited: 0x00007fb09c1ba000
Event: 43,633 Executing VM operation: ParallelGCFailedAllocation


Dynamic libraries:
00400000-00401000 r-xp 00000000 08:06 795899                             /usr/lib/jvm/java-7-openjdk-amd64/jre/bin/java
00600000-00601000 r--p 00000000 08:06 795899                             /usr/lib/jvm/java-7-openjdk-amd64/jre/bin/java
00601000-00602000 rw-p 00001000 08:06 795899                             /usr/lib/jvm/java-7-openjdk-amd64/jre/bin/java
00b30000-00b51000 rw-p 00000000 00:00 0                                  [heap]
b5a00000-b6f00000 rw-p 00000000 00:00 0 
b6f00000-c0000000 rw-p 00000000 00:00 0 
c0000000-c2280000 rw-p 00000000 00:00 0 
c2280000-eaa80000 rw-p 00000000 00:00 0 
eaa80000-f3080000 rw-p 00000000 00:00 0 
faa80000-100000000 rw-p 00000000 00:00 0 
7fb048000000-7fb048023000 rw-p 00000000 00:00 0 
7fb048023000-7fb04c000000 ---p 00000000 00:00 0 
7fb050000000-7fb050024000 rw-p 00000000 00:00 0 
7fb050024000-7fb054000000 ---p 00000000 00:00 0 
7fb054000000-7fb054021000 rw-p 00000000 00:00 0 
7fb054021000-7fb058000000 ---p 00000000 00:00 0 
7fb058000000-7fb05802a000 rw-p 00000000 00:00 0 
7fb05802a000-7fb05c000000 ---p 00000000 00:00 0 
7fb05c000000-7fb05c021000 rw-p 00000000 00:00 0 
7fb05c021000-7fb060000000 ---p 00000000 00:00 0 
7fb060000000-7fb060021000 rw-p 00000000 00:00 0 
7fb060021000-7fb064000000 ---p 00000000 00:00 0 
7fb064000000-7fb064021000 rw-p 00000000 00:00 0 
7fb064021000-7fb068000000 ---p 00000000 00:00 0 
7fb068000000-7fb069575000 rw-p 00000000 00:00 0 
7fb069575000-7fb06c000000 ---p 00000000 00:00 0 
7fb06c000000-7fb06d1e5000 rw-p 00000000 00:00 0 
7fb06d1e5000-7fb070000000 ---p 00000000 00:00 0 
7fb070000000-7fb070021000 rw-p 00000000 00:00 0 
7fb070021000-7fb074000000 ---p 00000000 00:00 0 
7fb074000000-7fb074021000 rw-p 00000000 00:00 0 
7fb074021000-7fb078000000 ---p 00000000 00:00 0 
7fb078000000-7fb078021000 rw-p 00000000 00:00 0 
7fb078021000-7fb07c000000 ---p 00000000 00:00 0 
7fb07c000000-7fb07c021000 rw-p 00000000 00:00 0 
7fb07c021000-7fb080000000 ---p 00000000 00:00 0 
7fb080000000-7fb080021000 rw-p 00000000 00:00 0 
7fb080021000-7fb084000000 ---p 00000000 00:00 0 
7fb084000000-7fb084021000 rw-p 00000000 00:00 0 
7fb084021000-7fb088000000 ---p 00000000 00:00 0 
7fb088000000-7fb088021000 rw-p 00000000 00:00 0 
7fb088021000-7fb08c000000 ---p 00000000 00:00 0 
7fb08dfdc000-7fb08e025000 rw-p 00000000 00:00 0 
7fb08e025000-7fb08e1d7000 r--s 01d32000 08:06 806333                     /usr/lib/jvm/java-7-openjdk-amd64/jre/lib/rt.jar
7fb08e1d7000-7fb090a53000 rw-p 00000000 00:00 0 
7fb090a6f000-7fb090a72000 ---p 00000000 00:00 0 
7fb090a72000-7fb090b70000 rw-p 00000000 00:00 0 
7fb090b70000-7fb090b73000 ---p 00000000 00:00 0 
7fb090b73000-7fb090c71000 rw-p 00000000 00:00 0 
7fb090c71000-7fb090c74000 ---p 00000000 00:00 0 
7fb090c74000-7fb090d72000 rw-p 00000000 00:00 0 
7fb090d72000-7fb090d75000 ---p 00000000 00:00 0 
7fb090d75000-7fb090e73000 rw-p 00000000 00:00 0 
7fb090e73000-7fb090e76000 ---p 00000000 00:00 0 
7fb090e76000-7fb090f74000 rw-p 00000000 00:00 0 
7fb090f74000-7fb090fb1000 r-xp 00000000 08:06 1440198                    /lib/x86_64-linux-gnu/libpcre.so.3.13.1
7fb090fb1000-7fb0911b0000 ---p 0003d000 08:06 1440198                    /lib/x86_64-linux-gnu/libpcre.so.3.13.1
7fb0911b0000-7fb0911b1000 r--p 0003c000 08:06 1440198                    /lib/x86_64-linux-gnu/libpcre.so.3.13.1
7fb0911b1000-7fb0911b2000 rw-p 0003d000 08:06 1440198                    /lib/x86_64-linux-gnu/libpcre.so.3.13.1
7fb0911b2000-7fb0911b9000 r-xp 00000000 08:06 523646                     /usr/lib/x86_64-linux-gnu/libffi.so.6.0.1
7fb0911b9000-7fb0913b8000 ---p 00007000 08:06 523646                     /usr/lib/x86_64-linux-gnu/libffi.so.6.0.1
7fb0913b8000-7fb0913b9000 r--p 00006000 08:06 523646                     /usr/lib/x86_64-linux-gnu/libffi.so.6.0.1
7fb0913b9000-7fb0913ba000 rw-p 00007000 08:06 523646                     /usr/lib/x86_64-linux-gnu/libffi.so.6.0.1
7fb0913ba000-7fb0913d1000 r-xp 00000000 08:06 1446787                    /lib/x86_64-linux-gnu/libresolv-2.19.so
7fb0913d1000-7fb0915d1000 ---p 00017000 08:06 1446787                    /lib/x86_64-linux-gnu/libresolv-2.19.so
7fb0915d1000-7fb0915d2000 r--p 00017000 08:06 1446787                    /lib/x86_64-linux-gnu/libresolv-2.19.so
7fb0915d2000-7fb0915d3000 rw-p 00018000 08:06 1446787                    /lib/x86_64-linux-gnu/libresolv-2.19.so
7fb0915d3000-7fb0915d5000 rw-p 00000000 00:00 0 
7fb0915d5000-7fb0915f5000 r-xp 00000000 08:06 1443709                    /lib/x86_64-linux-gnu/libselinux.so.1
7fb0915f5000-7fb0917f4000 ---p 00020000 08:06 1443709                    /lib/x86_64-linux-gnu/libselinux.so.1
7fb0917f4000-7fb0917f5000 r--p 0001f000 08:06 1443709                    /lib/x86_64-linux-gnu/libselinux.so.1
7fb0917f5000-7fb0917f6000 rw-p 00020000 08:06 1443709                    /lib/x86_64-linux-gnu/libselinux.so.1
7fb0917f6000-7fb0917f8000 rw-p 00000000 00:00 0 
7fb0917f8000-7fb0917fb000 r-xp 00000000 08:06 531295                     /usr/lib/x86_64-linux-gnu/libgmodule-2.0.so.0.4002.0
7fb0917fb000-7fb0919fa000 ---p 00003000 08:06 531295                     /usr/lib/x86_64-linux-gnu/libgmodule-2.0.so.0.4002.0
7fb0919fa000-7fb0919fb000 r--p 00002000 08:06 531295                     /usr/lib/x86_64-linux-gnu/libgmodule-2.0.so.0.4002.0
7fb0919fb000-7fb0919fc000 rw-p 00003000 08:06 531295                     /usr/lib/x86_64-linux-gnu/libgmodule-2.0.so.0.4002.0
7fb0919fc000-7fb091b02000 r-xp 00000000 08:06 1443610                    /lib/x86_64-linux-gnu/libglib-2.0.so.0.4002.0
7fb091b02000-7fb091d01000 ---p 00106000 08:06 1443610                    /lib/x86_64-linux-gnu/libglib-2.0.so.0.4002.0
7fb091d01000-7fb091d02000 r--p 00105000 08:06 1443610                    /lib/x86_64-linux-gnu/libglib-2.0.so.0.4002.0
7fb091d02000-7fb091d03000 rw-p 00106000 08:06 1443610                    /lib/x86_64-linux-gnu/libglib-2.0.so.0.4002.0
7fb091d03000-7fb091d04000 rw-p 00000000 00:00 0 
7fb091d04000-7fb091d53000 r-xp 00000000 08:06 531307                     /usr/lib/x86_64-linux-gnu/libgobject-2.0.so.0.4002.0
7fb091d53000-7fb091f53000 ---p 0004f000 08:06 531307                     /usr/lib/x86_64-linux-gnu/libgobject-2.0.so.0.4002.0
7fb091f53000-7fb091f54000 r--p 0004f000 08:06 531307                     /usr/lib/x86_64-linux-gnu/libgobject-2.0.so.0.4002.0
7fb091f54000-7fb091f55000 rw-p 00050000 08:06 531307                     /usr/lib/x86_64-linux-gnu/libgobject-2.0.so.0.4002.0
7fb091f55000-7fb0920c1000 r-xp 00000000 08:06 531285                     /usr/lib/x86_64-linux-gnu/libgio-2.0.so.0.4002.0
7fb0920c1000-7fb0922c0000 ---p 0016c000 08:06 531285                     /usr/lib/x86_64-linux-gnu/libgio-2.0.so.0.4002.0
7fb0922c0000-7fb0922c4000 r--p 0016b000 08:06 531285                     /usr/lib/x86_64-linux-gnu/libgio-2.0.so.0.4002.0
7fb0922c4000-7fb0922c6000 rw-p 0016f000 08:06 531285                     /usr/lib/x86_64-linux-gnu/libgio-2.0.so.0.4002.0
7fb0922c6000-7fb0922c8000 rw-p 00000000 00:00 0 
7fb0922c8000-7fb0922df000 r-xp 00000000 08:06 799168                     /usr/lib/jvm/java-7-openjdk-amd64/jre/lib/amd64/libnet.so
7fb0922df000-7fb0924de000 ---p 00017000 08:06 799168                     /usr/lib/jvm/java-7-openjdk-amd64/jre/lib/amd64/libnet.so
7fb0924de000-7fb0924df000 r--p 00016000 08:06 799168                     /usr/lib/jvm/java-7-openjdk-amd64/jre/lib/amd64/libnet.so
7fb0924df000-7fb0924e0000 rw-p 00017000 08:06 799168                     /usr/lib/jvm/java-7-openjdk-amd64/jre/lib/amd64/libnet.so
7fb0924e0000-7fb0924f0000 r-xp 00000000 08:06 806319                     /usr/lib/jvm/java-7-openjdk-amd64/jre/lib/amd64/libnio.so
7fb0924f0000-7fb0926f0000 ---p 00010000 08:06 806319                     /usr/lib/jvm/java-7-openjdk-amd64/jre/lib/amd64/libnio.so
7fb0926f0000-7fb0926f1000 r--p 00010000 08:06 806319                     /usr/lib/jvm/java-7-openjdk-amd64/jre/lib/amd64/libnio.so
7fb0926f1000-7fb0926f2000 rw-p 00011000 08:06 806319                     /usr/lib/jvm/java-7-openjdk-amd64/jre/lib/amd64/libnio.so
7fb0926f2000-7fb0926f3000 ---p 00000000 00:00 0 
7fb0926f3000-7fb0927f3000 rw-p 00000000 00:00 0 
7fb0927f3000-7fb0927f6000 ---p 00000000 00:00 0 
7fb0927f6000-7fb0928f4000 rw-p 00000000 00:00 0 
7fb0928f4000-7fb0928f7000 ---p 00000000 00:00 0 
7fb0928f7000-7fb0929f5000 rw-p 00000000 00:00 0 
7fb0929f5000-7fb0929f8000 ---p 00000000 00:00 0 
7fb0929f8000-7fb092af6000 rw-p 00000000 00:00 0 
7fb092af6000-7fb092af9000 ---p 00000000 00:00 0 
7fb092af9000-7fb092bf7000 rw-p 00000000 00:00 0 
7fb092bf7000-7fb0936f7000 r--p 00000000 08:06 528122                     /usr/lib/locale/locale-archive
7fb0936f7000-7fb0936fa000 ---p 00000000 00:00 0 
7fb0936fa000-7fb0937f8000 rw-p 00000000 00:00 0 
7fb0937f8000-7fb0937fb000 ---p 00000000 00:00 0 
7fb0937fb000-7fb0938f9000 rw-p 00000000 00:00 0 
7fb0938f9000-7fb0938fa000 ---p 00000000 00:00 0 
7fb0938fa000-7fb094000000 rw-p 00000000 00:00 0 
7fb094000000-7fb094021000 rw-p 00000000 00:00 0 
7fb094021000-7fb098000000 ---p 00000000 00:00 0 
7fb09800f000-7fb09803e000 r--p 00000000 08:06 800728                     /usr/share/locale-langpack/ru/LC_MESSAGES/libc.mo
7fb09803e000-7fb09806f000 rw-p 00000000 00:00 0 
7fb09808f000-7fb098096000 r--s 00000000 08:06 660065                     /usr/lib/x86_64-linux-gnu/gconv/gconv-modules.cache
7fb098096000-7fb0980a5000 r--s 000df000 00:1d 1343636                    /home/thedragonspb/Android/Sdk/build-tools/23.0.3/lib/dx.jar
7fb0980a5000-7fb098a53000 rw-p 00000000 00:00 0 
7fb098a53000-7fb098a54000 ---p 00000000 00:00 0 
7fb098a54000-7fb098b54000 rw-p 00000000 00:00 0 
7fb098b54000-7fb098b55000 ---p 00000000 00:00 0 
7fb098b55000-7fb098c55000 rw-p 00000000 00:00 0 
7fb098c55000-7fb098c56000 ---p 00000000 00:00 0 
7fb098c56000-7fb098d56000 rw-p 00000000 00:00 0 
7fb098d56000-7fb098d57000 ---p 00000000 00:00 0 
7fb098d57000-7fb098e62000 rw-p 00000000 00:00 0 
7fb098e62000-7fb098eaa000 rw-p 00000000 00:00 0 
7fb098eaa000-7fb098ebc000 rw-p 00000000 00:00 0 
7fb098ebc000-7fb099000000 rw-p 00000000 00:00 0 
7fb099000000-7fb099270000 rwxp 00000000 00:00 0 
7fb099270000-7fb09c1e1000 rw-p 00000000 00:00 0 
7fb09c1e1000-7fb0a0000000 ---p 00000000 00:00 0 
7fb0a0002000-7fb0a0005000 r--s 0000f000 08:06 806346                     /usr/lib/jvm/java-7-openjdk-amd64/jre/lib/ext/icedtea-sound.jar
7fb0a0005000-7fb0a0010000 rw-p 00000000 00:00 0 
7fb0a0010000-7fb0a0058000 rw-p 00000000 00:00 0 
7fb0a0058000-7fb0a006a000 rw-p 00000000 00:00 0 
7fb0a006a000-7fb0a01ad000 rw-p 00000000 00:00 0 
7fb0a01ad000-7fb0a01f1000 rw-p 00000000 00:00 0 
7fb0a01f1000-7fb0a0258000 rw-p 00000000 00:00 0 
7fb0a0258000-7fb0a0259000 rw-p 00000000 00:00 0 
7fb0a0259000-7fb0a0261000 r-xp 00000000 08:06 806301                     /usr/lib/jvm/java-7-openjdk-amd64/jre/lib/amd64/libzip.so
7fb0a0261000-7fb0a0460000 ---p 00008000 08:06 806301                     /usr/lib/jvm/java-7-openjdk-amd64/jre/lib/amd64/libzip.so
7fb0a0460000-7fb0a0461000 r--p 00007000 08:06 806301                     /usr/lib/jvm/java-7-openjdk-amd64/jre/lib/amd64/libzip.so
7fb0a0461000-7fb0a0462000 rw-p 00008000 08:06 806301                     /usr/lib/jvm/java-7-openjdk-amd64/jre/lib/amd64/libzip.so
7fb0a0462000-7fb0a046d000 r-xp 00000000 08:06 1447429                    /lib/x86_64-linux-gnu/libnss_files-2.19.so
7fb0a046d000-7fb0a066c000 ---p 0000b000 08:06 1447429                    /lib/x86_64-linux-gnu/libnss_files-2.19.so
7fb0a066c000-7fb0a066d000 r--p 0000a000 08:06 1447429                    /lib/x86_64-linux-gnu/libnss_files-2.19.so
7fb0a066d000-7fb0a066e000 rw-p 0000b000 08:06 1447429                    /lib/x86_64-linux-gnu/libnss_files-2.19.so
7fb0a066e000-7fb0a0679000 r-xp 00000000 08:06 1447421                    /lib/x86_64-linux-gnu/libnss_nis-2.19.so
7fb0a0679000-7fb0a0878000 ---p 0000b000 08:06 1447421                    /lib/x86_64-linux-gnu/libnss_nis-2.19.so
7fb0a0878000-7fb0a0879000 r--p 0000a000 08:06 1447421                    /lib/x86_64-linux-gnu/libnss_nis-2.19.so
7fb0a0879000-7fb0a087a000 rw-p 0000b000 08:06 1447421                    /lib/x86_64-linux-gnu/libnss_nis-2.19.so
7fb0a087a000-7fb0a0891000 r-xp 00000000 08:06 1447417                    /lib/x86_64-linux-gnu/libnsl-2.19.so
7fb0a0891000-7fb0a0a90000 ---p 00017000 08:06 1447417                    /lib/x86_64-linux-gnu/libnsl-2.19.so
7fb0a0a90000-7fb0a0a91000 r--p 00016000 08:06 1447417                    /lib/x86_64-linux-gnu/libnsl-2.19.so
7fb0a0a91000-7fb0a0a92000 rw-p 00017000 08:06 1447417                    /lib/x86_64-linux-gnu/libnsl-2.19.so
7fb0a0a92000-7fb0a0a94000 rw-p 00000000 00:00 0 
7fb0a0a94000-7fb0a0a9d000 r-xp 00000000 08:06 1447416                    /lib/x86_64-linux-gnu/libnss_compat-2.19.so
7fb0a0a9d000-7fb0a0c9c000 ---p 00009000 08:06 1447416                    /lib/x86_64-linux-gnu/libnss_compat-2.19.so
7fb0a0c9c000-7fb0a0c9d000 r--p 00008000 08:06 1447416                    /lib/x86_64-linux-gnu/libnss_compat-2.19.so
7fb0a0c9d000-7fb0a0c9e000 rw-p 00009000 08:06 1447416                    /lib/x86_64-linux-gnu/libnss_compat-2.19.so
7fb0a0c9e000-7fb0a0cc9000 r-xp 00000000 08:06 799049                     /usr/lib/jvm/java-7-openjdk-amd64/jre/lib/amd64/libjava.so
7fb0a0cc9000-7fb0a0ec9000 ---p 0002b000 08:06 799049                     /usr/lib/jvm/java-7-openjdk-amd64/jre/lib/amd64/libjava.so
7fb0a0ec9000-7fb0a0eca000 r--p 0002b000 08:06 799049                     /usr/lib/jvm/java-7-openjdk-amd64/jre/lib/amd64/libjava.so
7fb0a0eca000-7fb0a0ecc000 rw-p 0002c000 08:06 799049                     /usr/lib/jvm/java-7-openjdk-amd64/jre/lib/amd64/libjava.so
7fb0a0ecc000-7fb0a0edc000 r-xp 00000000 08:06 799050                     /usr/lib/jvm/java-7-openjdk-amd64/jre/lib/amd64/libverify.so
7fb0a0edc000-7fb0a10db000 ---p 00010000 08:06 799050                     /usr/lib/jvm/java-7-openjdk-amd64/jre/lib/amd64/libverify.so
7fb0a10db000-7fb0a10dd000 r--p 0000f000 08:06 799050                     /usr/lib/jvm/java-7-openjdk-amd64/jre/lib/amd64/libverify.so
7fb0a10dd000-7fb0a10de000 rw-p 00011000 08:06 799050                     /usr/lib/jvm/java-7-openjdk-amd64/jre/lib/amd64/libverify.so
7fb0a10de000-7fb0a10e5000 r-xp 00000000 08:06 1447425                    /lib/x86_64-linux-gnu/librt-2.19.so
7fb0a10e5000-7fb0a12e4000 ---p 00007000 08:06 1447425                    /lib/x86_64-linux-gnu/librt-2.19.so
7fb0a12e4000-7fb0a12e5000 r--p 00006000 08:06 1447425                    /lib/x86_64-linux-gnu/librt-2.19.so
7fb0a12e5000-7fb0a12e6000 rw-p 00007000 08:06 1447425                    /lib/x86_64-linux-gnu/librt-2.19.so
7fb0a12e6000-7fb0a12fc000 r-xp 00000000 08:06 1443556                    /lib/x86_64-linux-gnu/libgcc_s.so.1
7fb0a12fc000-7fb0a14fb000 ---p 00016000 08:06 1443556                    /lib/x86_64-linux-gnu/libgcc_s.so.1
7fb0a14fb000-7fb0a14fc000 rw-p 00015000 08:06 1443556                    /lib/x86_64-linux-gnu/libgcc_s.so.1
7fb0a14fc000-7fb0a1601000 r-xp 00000000 08:06 1447411                    /lib/x86_64-linux-gnu/libm-2.19.so
7fb0a1601000-7fb0a1800000 ---p 00105000 08:06 1447411                    /lib/x86_64-linux-gnu/libm-2.19.so
7fb0a1800000-7fb0a1801000 r--p 00104000 08:06 1447411                    /lib/x86_64-linux-gnu/libm-2.19.so
7fb0a1801000-7fb0a1802000 rw-p 00105000 08:06 1447411                    /lib/x86_64-linux-gnu/libm-2.19.so
7fb0a1802000-7fb0a18e8000 r-xp 00000000 08:06 523292                     /usr/lib/x86_64-linux-gnu/libstdc++.so.6.0.19
7fb0a18e8000-7fb0a1ae7000 ---p 000e6000 08:06 523292                     /usr/lib/x86_64-linux-gnu/libstdc++.so.6.0.19
7fb0a1ae7000-7fb0a1aef000 r--p 000e5000 08:06 523292                     /usr/lib/x86_64-linux-gnu/libstdc++.so.6.0.19
7fb0a1aef000-7fb0a1af1000 rw-p 000ed000 08:06 523292                     /usr/lib/x86_64-linux-gnu/libstdc++.so.6.0.19
7fb0a1af1000-7fb0a1b06000 rw-p 00000000 00:00 0 
7fb0a1b06000-7fb0a262b000 r-xp 00000000 08:06 805879                     /usr/lib/jvm/java-7-openjdk-amd64/jre/lib/amd64/server/libjvm.so
7fb0a262b000-7fb0a282b000 ---p 00b25000 08:06 805879                     /usr/lib/jvm/java-7-openjdk-amd64/jre/lib/amd64/server/libjvm.so
7fb0a282b000-7fb0a28c5000 r--p 00b25000 08:06 805879                     /usr/lib/jvm/java-7-openjdk-amd64/jre/lib/amd64/server/libjvm.so
7fb0a28c5000-7fb0a28e8000 rw-p 00bbf000 08:06 805879                     /usr/lib/jvm/java-7-openjdk-amd64/jre/lib/amd64/server/libjvm.so
7fb0a28e8000-7fb0a2917000 rw-p 00000000 00:00 0 
7fb0a2917000-7fb0a292f000 r-xp 00000000 08:06 1443740                    /lib/x86_64-linux-gnu/libz.so.1.2.8
7fb0a292f000-7fb0a2b2e000 ---p 00018000 08:06 1443740                    /lib/x86_64-linux-gnu/libz.so.1.2.8
7fb0a2b2e000-7fb0a2b2f000 r--p 00017000 08:06 1443740                    /lib/x86_64-linux-gnu/libz.so.1.2.8
7fb0a2b2f000-7fb0a2b30000 rw-p 00018000 08:06 1443740                    /lib/x86_64-linux-gnu/libz.so.1.2.8
7fb0a2b30000-7fb0a2b49000 r-xp 00000000 08:06 1447418                    /lib/x86_64-linux-gnu/libpthread-2.19.so
7fb0a2b49000-7fb0a2d48000 ---p 00019000 08:06 1447418                    /lib/x86_64-linux-gnu/libpthread-2.19.so
7fb0a2d48000-7fb0a2d49000 r--p 00018000 08:06 1447418                    /lib/x86_64-linux-gnu/libpthread-2.19.so
7fb0a2d49000-7fb0a2d4a000 rw-p 00019000 08:06 1447418                    /lib/x86_64-linux-gnu/libpthread-2.19.so
7fb0a2d4a000-7fb0a2d4e000 rw-p 00000000 00:00 0 
7fb0a2d4e000-7fb0a2d51000 r-xp 00000000 08:06 1447413                    /lib/x86_64-linux-gnu/libdl-2.19.so
7fb0a2d51000-7fb0a2f50000 ---p 00003000 08:06 1447413                    /lib/x86_64-linux-gnu/libdl-2.19.so
7fb0a2f50000-7fb0a2f51000 r--p 00002000 08:06 1447413                    /lib/x86_64-linux-gnu/libdl-2.19.so
7fb0a2f51000-7fb0a2f52000 rw-p 00003000 08:06 1447413                    /lib/x86_64-linux-gnu/libdl-2.19.so
7fb0a2f52000-7fb0a310d000 r-xp 00000000 08:06 1447426                    /lib/x86_64-linux-gnu/libc-2.19.so
7fb0a310d000-7fb0a330c000 ---p 001bb000 08:06 1447426                    /lib/x86_64-linux-gnu/libc-2.19.so
7fb0a330c000-7fb0a3310000 r--p 001ba000 08:06 1447426                    /lib/x86_64-linux-gnu/libc-2.19.so
7fb0a3310000-7fb0a3312000 rw-p 001be000 08:06 1447426                    /lib/x86_64-linux-gnu/libc-2.19.so
7fb0a3312000-7fb0a3317000 rw-p 00000000 00:00 0 
7fb0a3317000-7fb0a3324000 r-xp 00000000 08:06 806316                     /usr/lib/jvm/java-7-openjdk-amd64/jre/lib/amd64/jli/libjli.so
7fb0a3324000-7fb0a3523000 ---p 0000d000 08:06 806316                     /usr/lib/jvm/java-7-openjdk-amd64/jre/lib/amd64/jli/libjli.so
7fb0a3523000-7fb0a3524000 r--p 0000c000 08:06 806316                     /usr/lib/jvm/java-7-openjdk-amd64/jre/lib/amd64/jli/libjli.so
7fb0a3524000-7fb0a3525000 rw-p 0000d000 08:06 806316                     /usr/lib/jvm/java-7-openjdk-amd64/jre/lib/amd64/jli/libjli.so
7fb0a3525000-7fb0a3548000 r-xp 00000000 08:06 1447419                    /lib/x86_64-linux-gnu/ld-2.19.so
7fb0a354a000-7fb0a356c000 rw-p 00000000 00:00 0 
7fb0a356c000-7fb0a3622000 rw-p 00000000 00:00 0 
7fb0a3622000-7fb0a3625000 ---p 00000000 00:00 0 
7fb0a3625000-7fb0a3728000 rw-p 00000000 00:00 0 
7fb0a3729000-7fb0a372a000 rw-p 00000000 00:00 0 
7fb0a372a000-7fb0a372e000 r--s 00034000 08:06 806345                     /usr/lib/jvm/java-7-openjdk-amd64/jre/lib/ext/sunjce_provider.jar
7fb0a372e000-7fb0a3730000 r--s 00012000 08:06 806344                     /usr/lib/jvm/java-7-openjdk-amd64/jre/lib/ext/zipfs.jar
7fb0a3730000-7fb0a3732000 r--s 00006000 08:06 807305                     /usr/share/java/java-atk-wrapper.jar
7fb0a3732000-7fb0a3736000 r--s 00085000 08:06 806347                     /usr/lib/jvm/java-7-openjdk-amd64/jre/lib/ext/localedata.jar
7fb0a3736000-7fb0a3737000 r--s 00002000 08:06 806343                     /usr/lib/jvm/java-7-openjdk-amd64/jre/lib/ext/dnsns.jar
7fb0a3737000-7fb0a373b000 r--s 0003c000 08:06 806348                     /usr/lib/jvm/java-7-openjdk-amd64/jre/lib/ext/sunpkcs11.jar
7fb0a373b000-7fb0a3743000 rw-s 00000000 08:06 796067                     /tmp/hsperfdata_thedragonspb/11903
7fb0a3743000-7fb0a3744000 rw-p 00000000 00:00 0 
7fb0a3744000-7fb0a3745000 ---p 00000000 00:00 0 
7fb0a3745000-7fb0a3747000 rw-p 00000000 00:00 0 
7fb0a3747000-7fb0a3748000 r--p 00022000 08:06 1447419                    /lib/x86_64-linux-gnu/ld-2.19.so
7fb0a3748000-7fb0a3749000 rw-p 00023000 08:06 1447419                    /lib/x86_64-linux-gnu/ld-2.19.so
7fb0a3749000-7fb0a374a000 rw-p 00000000 00:00 0 
7ffcd46f3000-7ffcd4714000 rw-p 00000000 00:00 0                          [stack]
7ffcd4777000-7ffcd4779000 r--p 00000000 00:00 0                          [vvar]
7ffcd4779000-7ffcd477b000 r-xp 00000000 00:00 0                          [vdso]
ffffffffff600000-ffffffffff601000 r-xp 00000000 00:00 0                  [vsyscall]

VM Arguments:
jvm_args: -Djava.awt.headless=true -Xmx1024M -Dfile.encoding=UTF-8 -Duser.country=RU -Duser.language=ru -Duser.variant 
java_command: com.android.dx.command.Main --dex --force-jumbo --num-threads=4 --output /home/thedragonspb/AndroidStudioProjects/ComplexCalc3/app/build/intermediates/pre-dexed/debug/com.android.support-appcompat-v7-23.3.0_d6a383bbad49d0e79b44d88181bb3a99b2dbf7a8.jar /home/thedragonspb/AndroidStudioProjects/ComplexCalc3/app/build/intermediates/exploded-aar/com.android.support/appcompat-v7/23.3.0/jars/classes.jar
Launcher Type: SUN_STANDARD

Environment Variables:
PATH=/usr/local/sbin:/usr/local/bin:/usr/sbin:/usr/bin:/sbin:/bin:/usr/games:/usr/local/games
LD_LIBRARY_PATH=.:
SHELL=/bin/bash
DISPLAY=:0.0

Signal Handlers:
SIGSEGV: [libjvm.so+0x9561e0], sa_mask[0]=0x7ffbfeff, sa_flags=0x10000004
SIGBUS: [libjvm.so+0x9561e0], sa_mask[0]=0x7ffbfeff, sa_flags=0x10000004
SIGFPE: [libjvm.so+0x7cc4d0], sa_mask[0]=0x7ffbfeff, sa_flags=0x10000004
SIGPIPE: [libjvm.so+0x7cc4d0], sa_mask[0]=0x7ffbfeff, sa_flags=0x10000004
SIGXFSZ: [libjvm.so+0x7cc4d0], sa_mask[0]=0x7ffbfeff, sa_flags=0x10000004
SIGILL: [libjvm.so+0x7cc4d0], sa_mask[0]=0x7ffbfeff, sa_flags=0x10000004
SIGUSR1: SIG_DFL, sa_mask[0]=0x00000000, sa_flags=0x00000000
SIGUSR2: [libjvm.so+0x7cc370], sa_mask[0]=0x00000004, sa_flags=0x10000004
SIGHUP: [libjvm.so+0x7cc550], sa_mask[0]=0x7ffbfeff, sa_flags=0x10000004
SIGINT: [libjvm.so+0x7cc550], sa_mask[0]=0x7ffbfeff, sa_flags=0x10000004
SIGTERM: [libjvm.so+0x7cc550], sa_mask[0]=0x7ffbfeff, sa_flags=0x10000004
SIGQUIT: [libjvm.so+0x7cc550], sa_mask[0]=0x7ffbfeff, sa_flags=0x10000004
SIGTRAP: SIG_DFL, sa_mask[0]=0x00000000, sa_flags=0x00000000


---------------  S Y S T E M  ---------------

OS:Ubuntu 14.04 (trusty)
uname:Linux 3.19.0-59-generic #65~14.04.1-Ubuntu SMP Tue Apr 19 18:57:09 UTC 2016 x86_64
libc:glibc 2.19 NPTL 2.19 
rlimit: STACK 8192k, CORE 0k, NPROC 12989, NOFILE 4096, AS infinity
load average:14,56 6,32 4,22

/proc/meminfo:
MemTotal:        3409948 kB
MemFree:          322320 kB
MemAvailable:     290220 kB
Buffers:             940 kB
Cached:            94864 kB
SwapCached:            0 kB
Active:          2799344 kB
Inactive:          89888 kB
Active(anon):    2795416 kB
Inactive(anon):    22540 kB
Active(file):       3928 kB
Inactive(file):    67348 kB
Unevictable:          88 kB
Mlocked:              88 kB
SwapTotal:             0 kB
SwapFree:              0 kB
Dirty:               172 kB
Writeback:             0 kB
AnonPages:       2793908 kB
Mapped:            76328 kB
Shmem:             24096 kB
Slab:              79304 kB
SReclaimable:      33456 kB
SUnreclaim:        45848 kB
KernelStack:        9840 kB
PageTables:        39908 kB
NFS_Unstable:          0 kB
Bounce:                0 kB
WritebackTmp:          0 kB
CommitLimit:     1704972 kB
Committed_AS:    6108240 kB
VmallocTotal:   34359738367 kB
VmallocUsed:       95904 kB
VmallocChunk:   34359637248 kB
HardwareCorrupted:     0 kB
AnonHugePages:   1286144 kB
CmaTotal:              0 kB
CmaFree:               0 kB
HugePages_Total:       0
HugePages_Free:        0
HugePages_Rsvd:        0
HugePages_Surp:        0
Hugepagesize:       2048 kB
DirectMap4k:      241404 kB
DirectMap2M:     3373056 kB
DirectMap1G:           0 kB


CPU:total 4 (4 cores per cpu, 1 threads per core) family 22 model 0 stepping 1, cmov, cx8, fxsr, mmx, sse, sse2, sse3, ssse3, sse4.1, sse4.2, popcnt, avx, aes, mmxext, 3dnowpref, lzcnt, sse4a, tsc, tscinvbit, tscinv

/proc/cpuinfo:
processor	: 0
vendor_id	: AuthenticAMD
cpu family	: 22
model		: 0
model name	: AMD A4-5000 APU with Radeon(TM) HD Graphics
stepping	: 1
microcode	: 0x700010b
cpu MHz		: 1500.000
cache size	: 2048 KB
physical id	: 0
siblings	: 4
core id		: 0
cpu cores	: 4
apicid		: 0
initial apicid	: 0
fpu		: yes
fpu_exception	: yes
cpuid level	: 13
wp		: yes
flags		: fpu vme de pse tsc msr pae mce cx8 apic sep mtrr pge mca cmov pat pse36 clflush mmx fxsr sse sse2 ht syscall nx mmxext fxsr_opt pdpe1gb rdtscp lm constant_tsc rep_good nopl nonstop_tsc extd_apicid aperfmperf eagerfpu pni pclmulqdq monitor ssse3 cx16 sse4_1 sse4_2 movbe popcnt aes xsave avx f16c lahf_lm cmp_legacy svm extapic cr8_legacy abm sse4a misalignsse 3dnowprefetch osvw ibs skinit wdt topoext perfctr_nb perfctr_l2 arat hw_pstate proc_feedback npt lbrv svm_lock nrip_save tsc_scale flushbyasid decodeassists pausefilter pfthreshold vmmcall bmi1 xsaveopt
bugs		: fxsave_leak
bogomips	: 2994.37
TLB size	: 1024 4K pages
clflush size	: 64
cache_alignment	: 64
address sizes	: 40 bits physical, 48 bits virtual
power management: ts ttp tm 100mhzsteps hwpstate [11]

processor	: 1
vendor_id	: AuthenticAMD
cpu family	: 22
model		: 0
model name	: AMD A4-5000 APU with Radeon(TM) HD Graphics    
stepping	: 1
microcode	: 0x700010b
cpu MHz		: 800.000
cache size	: 2048 KB
physical id	: 0
siblings	: 4
core id		: 1
cpu cores	: 4
apicid		: 1
initial apicid	: 1
fpu		: yes
fpu_exception	: yes
cpuid level	: 13
wp		: yes
flags		: fpu vme de pse tsc msr pae mce cx8 apic sep mtrr pge mca cmov pat pse36 clflush mmx fxsr sse sse2 ht syscall nx mmxext fxsr_opt pdpe1gb rdtscp lm constant_tsc rep_good nopl nonstop_tsc extd_apicid aperfmperf eagerfpu pni pclmulqdq monitor ssse3 cx16 sse4_1 sse4_2 movbe popcnt aes xsave avx f16c lahf_lm cmp_legacy svm extapic cr8_legacy abm sse4a misalignsse 3dnowprefetch osvw ibs skinit wdt topoext perfctr_nb perfctr_l2 arat hw_pstate proc_feedback npt lbrv svm_lock nrip_save tsc_scale flushbyasid decodeassists pausefilter pfthreshold vmmcall bmi1 xsaveopt
bugs		: fxsave_leak
bogomips	: 2994.37
TLB size	: 1024 4K pages
clflush size	: 64
cache_alignment	: 64
address sizes	: 40 bits physical, 48 bits virtual
power management: ts ttp tm 100mhzsteps hwpstate [11]

processor	: 2
vendor_id	: AuthenticAMD
cpu family	: 22
model		: 0
model name	: AMD A4-5000 APU with Radeon(TM) HD Graphics    
stepping	: 1
microcode	: 0x700010b
cpu MHz		: 1500.000
cache size	: 2048 KB
physical id	: 0
siblings	: 4
core id		: 2
cpu cores	: 4
apicid		: 2
initial apicid	: 2
fpu		: yes
fpu_exception	: yes
cpuid level	: 13
wp		: yes
flags		: fpu vme de pse tsc msr pae mce cx8 apic sep mtrr pge mca cmov pat pse36 clflush mmx fxsr sse sse2 ht syscall nx mmxext fxsr_opt pdpe1gb rdtscp lm constant_tsc rep_good nopl nonstop_tsc extd_apicid aperfmperf eagerfpu pni pclmulqdq monitor ssse3 cx16 sse4_1 sse4_2 movbe popcnt aes xsave avx f16c lahf_lm cmp_legacy svm extapic cr8_legacy abm sse4a misalignsse 3dnowprefetch osvw ibs skinit wdt topoext perfctr_nb perfctr_l2 arat hw_pstate proc_feedback npt lbrv svm_lock nrip_save tsc_scale flushbyasid decodeassists pausefilter pfthreshold vmmcall bmi1 xsaveopt
bugs		: fxsave_leak
bogomips	: 2994.37
TLB size	: 1024 4K pages
clflush size	: 64
cache_alignment	: 64
address sizes	: 40 bits physical, 48 bits virtual
power management: ts ttp tm 100mhzsteps hwpstate [11]

processor	: 3
vendor_id	: AuthenticAMD
cpu family	: 22
model		: 0
model name	: AMD A4-5000 APU with Radeon(TM) HD Graphics    
stepping	: 1
microcode	: 0x700010b
cpu MHz		: 800.000
cache size	: 2048 KB
physical id	: 0
siblings	: 4
core id		: 3
cpu cores	: 4
apicid		: 3
initial apicid	: 3
fpu		: yes
fpu_exception	: yes
cpuid level	: 13
wp		: yes
flags		: fpu vme de pse tsc msr pae mce cx8 apic sep mtrr pge mca cmov pat pse36 clflush mmx fxsr sse sse2 ht syscall nx mmxext fxsr_opt pdpe1gb rdtscp lm constant_tsc rep_good nopl nonstop_tsc extd_apicid aperfmperf eagerfpu pni pclmulqdq monitor ssse3 cx16 sse4_1 sse4_2 movbe popcnt aes xsave avx f16c lahf_lm cmp_legacy svm extapic cr8_legacy abm sse4a misalignsse 3dnowprefetch osvw ibs skinit wdt topoext perfctr_nb perfctr_l2 arat hw_pstate proc_feedback npt lbrv svm_lock nrip_save tsc_scale flushbyasid decodeassists pausefilter pfthreshold vmmcall bmi1 xsaveopt
bugs		: fxsave_leak
bogomips	: 2994.37
TLB size	: 1024 4K pages
clflush size	: 64
cache_alignment	: 64
address sizes	: 40 bits physical, 48 bits virtual
power management: ts ttp tm 100mhzsteps hwpstate [11]



Memory: 4k page, physical 3409948k(322320k free), swap 0k(0k free)

vm_info: OpenJDK 64-Bit Server VM (24.95-b01) for linux-amd64 JRE (1.7.0_101-b00), built on Apr 24 2016 20:39:29 by "buildd" with gcc 4.8.2

time: Tue May 10 20:56:50 2016
elapsed time: 45 seconds

