#
# There is insufficient memory for the Java Runtime Environment to continue.
# Native memory allocation (malloc) failed to allocate 128974848 bytes for committing reserved memory.
# Possible reasons:
#   The system is out of physical RAM or swap space
#   In 32 bit mode, the process size limit was hit
# Possible solutions:
#   Reduce memory load on the system
#   Increase physical memory or swap space
#   Check if swap backing store is full
#   Use 64 bit Java on a 64 bit OS
#   Decrease Java heap size (-Xmx/-Xms)
#   Decrease number of Java threads
#   Decrease Java thread stack sizes (-Xss)
#   Set larger code cache with -XX:ReservedCodeCacheSize=
# This output file may be truncated or incomplete.
#
#  Out of Memory Error (os_linux.cpp:2827), pid=7300, tid=140058506876672
#
# JRE version: OpenJDK Runtime Environment (7.0_101) (build 1.7.0_101-b00)
# Java VM: OpenJDK 64-Bit Server VM (24.95-b01 mixed mode linux-amd64 compressed oops)
# Derivative: IcedTea 2.6.6
# Distribution: Ubuntu 14.04 LTS, package 7u101-2.6.6-0ubuntu0.14.04.1
# Failed to write core dump. Core dumps have been disabled. To enable core dumping, try "ulimit -c unlimited" before starting Java again
#

---------------  T H R E A D  ---------------

Current thread (0x00007f61f4076000):  VMThread [stack: 0x00007f61e97cd000,0x00007f61e98ce000] [id=7320]

Stack: [0x00007f61e97cd000,0x00007f61e98ce000],  sp=0x00007f61e98cc490,  free space=1021k
Native frames: (J=compiled Java code, j=interpreted, Vv=VM code, C=native code)
V  [libjvm.so+0x955705]
V  [libjvm.so+0x490c44]
V  [libjvm.so+0x7d0c9b]
V  [libjvm.so+0x7cb75f]
V  [libjvm.so+0x83ee5b]
V  [libjvm.so+0x83fcc0]
V  [libjvm.so+0x8403ab]
V  [libjvm.so+0x83c5e8]
V  [libjvm.so+0x83ce58]
V  [libjvm.so+0x7f34a3]
V  [libjvm.so+0x957104]
V  [libjvm.so+0x95b207]
V  [libjvm.so+0x959cc8]
V  [libjvm.so+0x95a129]
V  [libjvm.so+0x95a572]
V  [libjvm.so+0x7cdb62]

VM_Operation (0x00007f61e2ba9090): ParallelGCFailedAllocation, mode: safepoint, requested by thread 0x00007f61f41b0000


---------------  P R O C E S S  ---------------

Java Threads: ( => current thread )
  0x00007f61f41b3800 JavaThread "pool-1-thread-4" [_thread_blocked, id=7359, stack(0x00007f61e28a8000,0x00007f61e29a9000)]
  0x00007f61f41b1800 JavaThread "pool-1-thread-3" [_thread_blocked, id=7358, stack(0x00007f61e29a9000,0x00007f61e2aaa000)]
  0x00007f61f41b0000 JavaThread "pool-1-thread-2" [_thread_blocked, id=7357, stack(0x00007f61e2aaa000,0x00007f61e2bab000)]
  0x00007f61f41ab000 JavaThread "pool-2-thread-1" [_thread_blocked, id=7356, stack(0x00007f61e2bab000,0x00007f61e2cac000)]
  0x00007f61f41aa000 JavaThread "pool-1-thread-1" [_thread_blocked, id=7355, stack(0x00007f61e809b000,0x00007f61e819c000)]
  0x00007f61f40b0800 JavaThread "Service Thread" daemon [_thread_blocked, id=7341, stack(0x00007f61e86c7000,0x00007f61e87c8000)]
  0x00007f61f40ae800 JavaThread "C2 CompilerThread1" daemon [_thread_in_native, id=7340, stack(0x00007f61e87c8000,0x00007f61e88c9000)]
  0x00007f61f40ab800 JavaThread "C2 CompilerThread0" daemon [_thread_blocked, id=7339, stack(0x00007f61e88c9000,0x00007f61e89ca000)]
  0x00007f61f40a9000 JavaThread "Signal Dispatcher" daemon [_thread_blocked, id=7338, stack(0x00007f61e89ca000,0x00007f61e8acb000)]
  0x00007f61f407c000 JavaThread "Finalizer" daemon [_thread_blocked, id=7322, stack(0x00007f61e95cb000,0x00007f61e96cc000)]
  0x00007f61f407a000 JavaThread "Reference Handler" daemon [_thread_blocked, id=7321, stack(0x00007f61e96cc000,0x00007f61e97cd000)]
  0x00007f61f400a800 JavaThread "main" [_thread_blocked, id=7304, stack(0x00007f61fbf98000,0x00007f61fc099000)]

Other Threads:
=>0x00007f61f4076000 VMThread [stack: 0x00007f61e97cd000,0x00007f61e98ce000] [id=7320]
  0x00007f61f40bb000 WatcherThread [stack: 0x00007f61e85c6000,0x00007f61e86c7000] [id=7342]

VM state:at safepoint (normal execution)

VM Mutex/Monitor currently owned by a thread:  ([mutex/lock_event])
[0x00007f61f4006ac0] Threads_lock - owner thread: 0x00007f61f4076000
[0x00007f61f4006fc0] Heap_lock - owner thread: 0x00007f61f41b0000

Heap
 PSYoungGen      total 123392K, used 14833K [0x00000000eaa80000, 0x00000000f3380000, 0x0000000100000000)
  eden space 108544K, 0% used [0x00000000eaa80000,0x00000000eaa80000,0x00000000f1480000)
  from space 14848K, 99% used [0x00000000f1480000,0x00000000f22fc7d0,0x00000000f2300000)
  to   space 12800K, 0% used [0x00000000f2300000,0x00000000f2300000,0x00000000f2f80000)
 ParOldGen       total 35328K, used 33466K [0x00000000c0000000, 0x00000000c2280000, 0x00000000eaa80000)
  object space 35328K, 94% used [0x00000000c0000000,0x00000000c20ae9e0,0x00000000c2280000)
 PSPermGen       total 21504K, used 6404K [0x00000000b5a00000, 0x00000000b6f00000, 0x00000000c0000000)
  object space 21504K, 29% used [0x00000000b5a00000,0x00000000b60413b8,0x00000000b6f00000)

Card table byte_map: [0x00007f61f897b000,0x00007f61f8bcf000] byte_map_base: 0x00007f61f83ce000

Polling page: 0x00007f61fc0ba000

Code Cache  [0x00007f61f1000000, 0x00007f61f1270000, 0x00007f61f4000000)
 total_blobs=570 nmethods=340 adapters=184 free_code_cache=47650Kb largest_free_block=48752064

Compilation events (10 events):
Event: 41,106 Thread 0x00007f61f40ab800 nmethod 351 0x00007f61f117c410 code [0x00007f61f117c6a0, 0x00007f61f117d438]
Event: 41,106 Thread 0x00007f61f40ab800  352             com.android.dx.ssa.LiteralOpUpgrader::tryReplacingWithConstant (161 bytes)
Event: 41,359 Thread 0x00007f61f40ab800 nmethod 352 0x00007f61f117f090 code [0x00007f61f117f320, 0x00007f61f11800f8]
Event: 41,359 Thread 0x00007f61f40ab800  353             com.android.dx.cf.attrib.BaseAttribute::getName (5 bytes)
Event: 41,360 Thread 0x00007f61f40ab800 nmethod 353 0x00007f61f10ecf10 code [0x00007f61f10ed040, 0x00007f61f10ed098]
Event: 41,360 Thread 0x00007f61f40ab800  354             com.android.dx.rop.code.PlainInsn::withNewRegisters (18 bytes)
Event: 41,378 Thread 0x00007f61f40ab800 nmethod 354 0x00007f61f10ee390 code [0x00007f61f10ee4e0, 0x00007f61f10ee698]
Event: 41,378 Thread 0x00007f61f40ab800  355   !         com.android.dx.cf.code.Simulator::simulate (74 bytes)
Event: 41,420 Thread 0x00007f61f40ab800 nmethod 355 0x00007f61f10ede50 code [0x00007f61f10edfc0, 0x00007f61f10ee178]
Event: 41,421 Thread 0x00007f61f40ab800  356             com.android.dx.ssa.back.FirstFitLocalCombiningAllocator$1::processInsn (169 bytes)

GC Heap History (10 events):
Event: 2,567 GC heap after
Heap after GC invocations=2 (full 0):
 PSYoungGen      total 29696K, used 2026K [0x00000000eaa80000, 0x00000000ec980000, 0x0000000100000000)
  eden space 27648K, 0% used [0x00000000eaa80000,0x00000000eaa80000,0x00000000ec580000)
  from space 2048K, 98% used [0x00000000ec780000,0x00000000ec97a8f8,0x00000000ec980000)
  to   space 2048K, 0% used [0x00000000ec580000,0x00000000ec580000,0x00000000ec780000)
 ParOldGen       total 35328K, used 1901K [0x00000000c0000000, 0x00000000c2280000, 0x00000000eaa80000)
  object space 35328K, 5% used [0x00000000c0000000,0x00000000c01db768,0x00000000c2280000)
 PSPermGen       total 21504K, used 5992K [0x00000000b5a00000, 0x00000000b6f00000, 0x00000000c0000000)
  object space 21504K, 27% used [0x00000000b5a00000,0x00000000b5fda128,0x00000000b6f00000)
}
Event: 7,513 GC heap before
{Heap before GC invocations=3 (full 0):
 PSYoungGen      total 29696K, used 29674K [0x00000000eaa80000, 0x00000000ec980000, 0x0000000100000000)
  eden space 27648K, 100% used [0x00000000eaa80000,0x00000000ec580000,0x00000000ec580000)
  from space 2048K, 98% used [0x00000000ec780000,0x00000000ec97a8f8,0x00000000ec980000)
  to   space 2048K, 0% used [0x00000000ec580000,0x00000000ec580000,0x00000000ec780000)
 ParOldGen       total 35328K, used 1901K [0x00000000c0000000, 0x00000000c2280000, 0x00000000eaa80000)
  object space 35328K, 5% used [0x00000000c0000000,0x00000000c01db768,0x00000000c2280000)
 PSPermGen       total 21504K, used 6223K [0x00000000b5a00000, 0x00000000b6f00000, 0x00000000c0000000)
  object space 21504K, 28% used [0x00000000b5a00000,0x00000000b6013e10,0x00000000b6f00000)
Event: 7,611 GC heap after
Heap after GC invocations=3 (full 0):
 PSYoungGen      total 29696K, used 2019K [0x00000000eaa80000, 0x00000000ee480000, 0x0000000100000000)
  eden space 27648K, 0% used [0x00000000eaa80000,0x00000000eaa80000,0x00000000ec580000)
  from space 2048K, 98% used [0x00000000ec580000,0x00000000ec778cb8,0x00000000ec780000)
  to   space 2048K, 0% used [0x00000000ee280000,0x00000000ee280000,0x00000000ee480000)
 ParOldGen       total 35328K, used 6702K [0x00000000c0000000, 0x00000000c2280000, 0x00000000eaa80000)
  object space 35328K, 18% used [0x00000000c0000000,0x00000000c068ba10,0x00000000c2280000)
 PSPermGen       total 21504K, used 6223K [0x00000000b5a00000, 0x00000000b6f00000, 0x00000000c0000000)
  object space 21504K, 28% used [0x00000000b5a00000,0x00000000b6013e10,0x00000000b6f00000)
}
Event: 12,364 GC heap before
{Heap before GC invocations=4 (full 0):
 PSYoungGen      total 29696K, used 29667K [0x00000000eaa80000, 0x00000000ee480000, 0x0000000100000000)
  eden space 27648K, 100% used [0x00000000eaa80000,0x00000000ec580000,0x00000000ec580000)
  from space 2048K, 98% used [0x00000000ec580000,0x00000000ec778cb8,0x00000000ec780000)
  to   space 2048K, 0% used [0x00000000ee280000,0x00000000ee280000,0x00000000ee480000)
 ParOldGen       total 35328K, used 6702K [0x00000000c0000000, 0x00000000c2280000, 0x00000000eaa80000)
  object space 35328K, 18% used [0x00000000c0000000,0x00000000c068ba10,0x00000000c2280000)
 PSPermGen       total 21504K, used 6276K [0x00000000b5a00000, 0x00000000b6f00000, 0x00000000c0000000)
  object space 21504K, 29% used [0x00000000b5a00000,0x00000000b6021320,0x00000000b6f00000)
Event: 12,450 GC heap after
Heap after GC invocations=4 (full 0):
 PSYoungGen      total 57344K, used 2034K [0x00000000eaa80000, 0x00000000ee480000, 0x0000000100000000)
  eden space 55296K, 0% used [0x00000000eaa80000,0x00000000eaa80000,0x00000000ee080000)
  from space 2048K, 99% used [0x00000000ee280000,0x00000000ee47c988,0x00000000ee480000)
  to   space 2048K, 0% used [0x00000000ee080000,0x00000000ee080000,0x00000000ee280000)
 ParOldGen       total 35328K, used 11304K [0x00000000c0000000, 0x00000000c2280000, 0x00000000eaa80000)
  object space 35328K, 31% used [0x00000000c0000000,0x00000000c0b0a2b0,0x00000000c2280000)
 PSPermGen       total 21504K, used 6276K [0x00000000b5a00000, 0x00000000b6f00000, 0x00000000c0000000)
  object space 21504K, 29% used [0x00000000b5a00000,0x00000000b6021320,0x00000000b6f00000)
}
Event: 21,332 GC heap before
{Heap before GC invocations=5 (full 0):
 PSYoungGen      total 57344K, used 57330K [0x00000000eaa80000, 0x00000000ee480000, 0x0000000100000000)
  eden space 55296K, 100% used [0x00000000eaa80000,0x00000000ee080000,0x00000000ee080000)
  from space 2048K, 99% used [0x00000000ee280000,0x00000000ee47c988,0x00000000ee480000)
  to   space 2048K, 0% used [0x00000000ee080000,0x00000000ee080000,0x00000000ee280000)
 ParOldGen       total 35328K, used 11304K [0x00000000c0000000, 0x00000000c2280000, 0x00000000eaa80000)
  object space 35328K, 31% used [0x00000000c0000000,0x00000000c0b0a2b0,0x00000000c2280000)
 PSPermGen       total 21504K, used 6321K [0x00000000b5a00000, 0x00000000b6f00000, 0x00000000c0000000)
  object space 21504K, 29% used [0x00000000b5a00000,0x00000000b602c448,0x00000000b6f00000)
Event: 21,507 GC heap after
Heap after GC invocations=5 (full 0):
 PSYoungGen      total 57344K, used 2037K [0x00000000eaa80000, 0x00000000f2f80000, 0x0000000100000000)
  eden space 55296K, 0% used [0x00000000eaa80000,0x00000000eaa80000,0x00000000ee080000)
  from space 2048K, 99% used [0x00000000ee080000,0x00000000ee27d420,0x00000000ee280000)
  to   space 12800K, 0% used [0x00000000f2300000,0x00000000f2300000,0x00000000f2f80000)
 ParOldGen       total 35328K, used 20030K [0x00000000c0000000, 0x00000000c2280000, 0x00000000eaa80000)
  object space 35328K, 56% used [0x00000000c0000000,0x00000000c138f940,0x00000000c2280000)
 PSPermGen       total 21504K, used 6321K [0x00000000b5a00000, 0x00000000b6f00000, 0x00000000c0000000)
  object space 21504K, 29% used [0x00000000b5a00000,0x00000000b602c448,0x00000000b6f00000)
}
Event: 28,497 GC heap before
{Heap before GC invocations=6 (full 0):
 PSYoungGen      total 57344K, used 57333K [0x00000000eaa80000, 0x00000000f2f80000, 0x0000000100000000)
  eden space 55296K, 100% used [0x00000000eaa80000,0x00000000ee080000,0x00000000ee080000)
  from space 2048K, 99% used [0x00000000ee080000,0x00000000ee27d420,0x00000000ee280000)
  to   space 12800K, 0% used [0x00000000f2300000,0x00000000f2300000,0x00000000f2f80000)
 ParOldGen       total 35328K, used 20030K [0x00000000c0000000, 0x00000000c2280000, 0x00000000eaa80000)
  object space 35328K, 56% used [0x00000000c0000000,0x00000000c138f940,0x00000000c2280000)
 PSPermGen       total 21504K, used 6361K [0x00000000b5a00000, 0x00000000b6f00000, 0x00000000c0000000)
  object space 21504K, 29% used [0x00000000b5a00000,0x00000000b60365d0,0x00000000b6f00000)
Event: 28,732 GC heap after
Heap after GC invocations=6 (full 0):
 PSYoungGen      total 121344K, used 11109K [0x00000000eaa80000, 0x00000000f3380000, 0x0000000100000000)
  eden space 108544K, 0% used [0x00000000eaa80000,0x00000000eaa80000,0x00000000f1480000)
  from space 12800K, 86% used [0x00000000f2300000,0x00000000f2dd9600,0x00000000f2f80000)
  to   space 14848K, 0% used [0x00000000f1480000,0x00000000f1480000,0x00000000f2300000)
 ParOldGen       total 35328K, used 20030K [0x00000000c0000000, 0x00000000c2280000, 0x00000000eaa80000)
  object space 35328K, 56% used [0x00000000c0000000,0x00000000c138f940,0x00000000c2280000)
 PSPermGen       total 21504K, used 6361K [0x00000000b5a00000, 0x00000000b6f00000, 0x00000000c0000000)
  object space 21504K, 29% used [0x00000000b5a00000,0x00000000b60365d0,0x00000000b6f00000)
}
Event: 41,868 GC heap before
{Heap before GC invocations=7 (full 0):
 PSYoungGen      total 121344K, used 119653K [0x00000000eaa80000, 0x00000000f3380000, 0x0000000100000000)
  eden space 108544K, 100% used [0x00000000eaa80000,0x00000000f1480000,0x00000000f1480000)
  from space 12800K, 86% used [0x00000000f2300000,0x00000000f2dd9600,0x00000000f2f80000)
  to   space 14848K, 0% used [0x00000000f1480000,0x00000000f1480000,0x00000000f2300000)
 ParOldGen       total 35328K, used 20030K [0x00000000c0000000, 0x00000000c2280000, 0x00000000eaa80000)
  object space 35328K, 56% used [0x00000000c0000000,0x00000000c138f940,0x00000000c2280000)
 PSPermGen       total 21504K, used 6404K [0x00000000b5a00000, 0x00000000b6f00000, 0x00000000c0000000)
  object space 21504K, 29% used [0x00000000b5a00000,0x00000000b60413b8,0x00000000b6f00000)

Deoptimization events (10 events):
Event: 12,630 Thread 0x00007f61f41b0000 Uncommon trap: reason=null_check action=make_not_entrant pc=0x00007f61f10c499c method=com.android.dx.ssa.SsaRenamer.getLocalForNewReg(I)Lcom/android/dx/rop/code/LocalItem; @ 19
Event: 12,907 Thread 0x00007f61f41b3800 Uncommon trap: reason=class_check action=maybe_recompile pc=0x00007f61f10bf660 method=java.util.HashMap.put(Ljava/lang/Object;Ljava/lang/Object;)Ljava/lang/Object; @ 83
Event: 12,907 Thread 0x00007f61f41b3800 Uncommon trap: reason=class_check action=maybe_recompile pc=0x00007f61f10bf660 method=java.util.HashMap.put(Ljava/lang/Object;Ljava/lang/Object;)Ljava/lang/Object; @ 83
Event: 12,907 Thread 0x00007f61f41b3800 Uncommon trap: reason=class_check action=maybe_recompile pc=0x00007f61f10bf660 method=java.util.HashMap.put(Ljava/lang/Object;Ljava/lang/Object;)Ljava/lang/Object; @ 83
Event: 12,907 Thread 0x00007f61f41b3800 Uncommon trap: reason=class_check action=maybe_recompile pc=0x00007f61f10bf660 method=java.util.HashMap.put(Ljava/lang/Object;Ljava/lang/Object;)Ljava/lang/Object; @ 83
Event: 26,068 Thread 0x00007f61f41b1800 Uncommon trap: reason=unstable_if action=reinterpret pc=0x00007f61f10e7c14 method=com.android.dx.ssa.SCCP.simulateBranch(Lcom/android/dx/ssa/SsaInsn;)V @ 548
Event: 26,550 Thread 0x00007f61f41b3800 Uncommon trap: reason=null_check action=make_not_entrant pc=0x00007f61f111ac98 method=com.android.dx.cf.code.Ropper$CatchInfo.getSetup(Lcom/android/dx/rop/type/Type;)Lcom/android/dx/cf/code/Ropper$ExceptionHandlerSetup; @ 10
Event: 39,784 Thread 0x00007f61f41b3800 Uncommon trap: reason=unstable_if action=reinterpret pc=0x00007f61f10d60d8 method=com.android.dx.ssa.Dominators.run()V @ 346
Event: 40,241 Thread 0x00007f61f41b0000 Uncommon trap: reason=unstable_if action=reinterpret pc=0x00007f61f10ec5ac method=com.android.dx.ssa.MoveParamCombiner$1.visitNonMoveInsn(Lcom/android/dx/ssa/NormalSsaInsn;)V @ 27
Event: 41,777 Thread 0x00007f61f41b1800 Uncommon trap: reason=bimorphic action=maybe_recompile pc=0x00007f61f11789d8 method=com.android.dx.ssa.LiteralOpUpgrader.tryReplacingWithConstant(Lcom/android/dx/ssa/NormalSsaInsn;)Z @ 62

Internal exceptions (10 events):
Event: 2,342 Thread 0x00007f61f41b1800 Threw 0x00000000eb5b2dd0 at /build/openjdk-7-9duhBW/openjdk-7-7u101-2.6.6/build/openjdk/hotspot/src/share/vm/prims/jvm.cpp:1322
Event: 2,944 Thread 0x00007f61f41b0000 Threw 0x00000000ead230b8 at /build/openjdk-7-9duhBW/openjdk-7-7u101-2.6.6/build/openjdk/hotspot/src/share/vm/prims/jvm.cpp:1322
Event: 3,587 Thread 0x00007f61f41b3800 Threw 0x00000000eb150810 at /build/openjdk-7-9duhBW/openjdk-7-7u101-2.6.6/build/openjdk/hotspot/src/share/vm/prims/jvm.cpp:1322
Event: 5,482 Thread 0x00007f61f400a800 Implicit null exception at 0x00007f61f10a1463 to 0x00007f61f10a1b49
Event: 9,129 Thread 0x00007f61f400a800 Threw 0x00000000eb263920 at /build/openjdk-7-9duhBW/openjdk-7-7u101-2.6.6/build/openjdk/hotspot/src/share/vm/prims/jvm.cpp:1322
Event: 9,442 Thread 0x00007f61f400a800 Threw 0x00000000eb430018 at /build/openjdk-7-9duhBW/openjdk-7-7u101-2.6.6/build/openjdk/hotspot/src/share/vm/prims/jvm.cpp:1322
Event: 12,630 Thread 0x00007f61f41b0000 Implicit null exception at 0x00007f61f10c30aa to 0x00007f61f10c4979
Event: 13,763 Thread 0x00007f61f41aa000 Threw 0x00000000eb2d6dc0 at /build/openjdk-7-9duhBW/openjdk-7-7u101-2.6.6/build/openjdk/hotspot/src/share/vm/prims/jvm.cpp:1322
Event: 26,550 Thread 0x00007f61f41b3800 Implicit null exception at 0x00007f61f1116f59 to 0x00007f61f111ac6d
Event: 29,836 Thread 0x00007f61f400a800 Threw 0x00000000eb2b1a90 at /build/openjdk-7-9duhBW/openjdk-7-7u101-2.6.6/build/openjdk/hotspot/src/share/vm/prims/jvm.cpp:1322

Events (10 events):
Event: 39,784 Thread 0x00007f61f41b3800 Uncommon trap: trap_request=0xffffff75 fr.pc=0x00007f61f10d60d8
Event: 39,784 Thread 0x00007f61f41b3800 DEOPT PACKING pc=0x00007f61f10d60d8 sp=0x00007f61e29a7060
Event: 39,784 Thread 0x00007f61f41b3800 DEOPT UNPACKING pc=0x00007f61f1039045 sp=0x00007f61e29a7078 mode 2
Event: 40,241 Thread 0x00007f61f41b0000 Uncommon trap: trap_request=0xffffff75 fr.pc=0x00007f61f10ec5ac
Event: 40,241 Thread 0x00007f61f41b0000 DEOPT PACKING pc=0x00007f61f10ec5ac sp=0x00007f61e2ba9170
Event: 40,241 Thread 0x00007f61f41b0000 DEOPT UNPACKING pc=0x00007f61f1039045 sp=0x00007f61e2ba90e8 mode 2
Event: 41,777 Thread 0x00007f61f41b1800 Uncommon trap: trap_request=0xffffffc6 fr.pc=0x00007f61f11789d8
Event: 41,777 Thread 0x00007f61f41b1800 DEOPT PACKING pc=0x00007f61f11789d8 sp=0x00007f61e2aa8140
Event: 41,777 Thread 0x00007f61f41b1800 DEOPT UNPACKING pc=0x00007f61f1039045 sp=0x00007f61e2aa8028 mode 2
Event: 41,846 Executing VM operation: ParallelGCFailedAllocation


Dynamic libraries:
00400000-00401000 r-xp 00000000 08:06 795899                             /usr/lib/jvm/java-7-openjdk-amd64/jre/bin/java
00600000-00601000 r--p 00000000 08:06 795899                             /usr/lib/jvm/java-7-openjdk-amd64/jre/bin/java
00601000-00602000 rw-p 00001000 08:06 795899                             /usr/lib/jvm/java-7-openjdk-amd64/jre/bin/java
015c6000-015e7000 rw-p 00000000 00:00 0                                  [heap]
b5a00000-b6f00000 rw-p 00000000 00:00 0 
b6f00000-c0000000 rw-p 00000000 00:00 0 
c0000000-c2280000 rw-p 00000000 00:00 0 
c2280000-eaa80000 rw-p 00000000 00:00 0 
eaa80000-f3380000 rw-p 00000000 00:00 0 
fae80000-100000000 rw-p 00000000 00:00 0 
7f619c000000-7f619c021000 rw-p 00000000 00:00 0 
7f619c021000-7f61a0000000 ---p 00000000 00:00 0 
7f61a4000000-7f61a402a000 rw-p 00000000 00:00 0 
7f61a402a000-7f61a8000000 ---p 00000000 00:00 0 
7f61ac000000-7f61ac021000 rw-p 00000000 00:00 0 
7f61ac021000-7f61b0000000 ---p 00000000 00:00 0 
7f61b0000000-7f61b002d000 rw-p 00000000 00:00 0 
7f61b002d000-7f61b4000000 ---p 00000000 00:00 0 
7f61b4000000-7f61b4021000 rw-p 00000000 00:00 0 
7f61b4021000-7f61b8000000 ---p 00000000 00:00 0 
7f61b8000000-7f61b8036000 rw-p 00000000 00:00 0 
7f61b8036000-7f61bc000000 ---p 00000000 00:00 0 
7f61bc000000-7f61bd8e7000 rw-p 00000000 00:00 0 
7f61bd8e7000-7f61c0000000 ---p 00000000 00:00 0 
7f61c0000000-7f61c0021000 rw-p 00000000 00:00 0 
7f61c0021000-7f61c4000000 ---p 00000000 00:00 0 
7f61c4000000-7f61c4021000 rw-p 00000000 00:00 0 
7f61c4021000-7f61c8000000 ---p 00000000 00:00 0 
7f61c8000000-7f61c95e9000 rw-p 00000000 00:00 0 
7f61c95e9000-7f61cc000000 ---p 00000000 00:00 0 
7f61cc000000-7f61cc021000 rw-p 00000000 00:00 0 
7f61cc021000-7f61d0000000 ---p 00000000 00:00 0 
7f61d0000000-7f61d0021000 rw-p 00000000 00:00 0 
7f61d0021000-7f61d4000000 ---p 00000000 00:00 0 
7f61d4000000-7f61d4021000 rw-p 00000000 00:00 0 
7f61d4021000-7f61d8000000 ---p 00000000 00:00 0 
7f61d8000000-7f61d8021000 rw-p 00000000 00:00 0 
7f61d8021000-7f61dc000000 ---p 00000000 00:00 0 
7f61dc000000-7f61dc021000 rw-p 00000000 00:00 0 
7f61dc021000-7f61e0000000 ---p 00000000 00:00 0 
7f61e28a8000-7f61e28ab000 ---p 00000000 00:00 0 
7f61e28ab000-7f61e29a9000 rw-p 00000000 00:00 0 
7f61e29a9000-7f61e29ac000 ---p 00000000 00:00 0 
7f61e29ac000-7f61e2aaa000 rw-p 00000000 00:00 0 
7f61e2aaa000-7f61e2aad000 ---p 00000000 00:00 0 
7f61e2aad000-7f61e2bab000 rw-p 00000000 00:00 0 
7f61e2bab000-7f61e2bae000 ---p 00000000 00:00 0 
7f61e2bae000-7f61e2cac000 rw-p 00000000 00:00 0 
7f61e2cac000-7f61e2ce9000 r-xp 00000000 08:06 1440198                    /lib/x86_64-linux-gnu/libpcre.so.3.13.1
7f61e2ce9000-7f61e2ee8000 ---p 0003d000 08:06 1440198                    /lib/x86_64-linux-gnu/libpcre.so.3.13.1
7f61e2ee8000-7f61e2ee9000 r--p 0003c000 08:06 1440198                    /lib/x86_64-linux-gnu/libpcre.so.3.13.1
7f61e2ee9000-7f61e2eea000 rw-p 0003d000 08:06 1440198                    /lib/x86_64-linux-gnu/libpcre.so.3.13.1
7f61e2eea000-7f61e2ef1000 r-xp 00000000 08:06 523646                     /usr/lib/x86_64-linux-gnu/libffi.so.6.0.1
7f61e2ef1000-7f61e30f0000 ---p 00007000 08:06 523646                     /usr/lib/x86_64-linux-gnu/libffi.so.6.0.1
7f61e30f0000-7f61e30f1000 r--p 00006000 08:06 523646                     /usr/lib/x86_64-linux-gnu/libffi.so.6.0.1
7f61e30f1000-7f61e30f2000 rw-p 00007000 08:06 523646                     /usr/lib/x86_64-linux-gnu/libffi.so.6.0.1
7f61e30f2000-7f61e3109000 r-xp 00000000 08:06 1446787                    /lib/x86_64-linux-gnu/libresolv-2.19.so
7f61e3109000-7f61e3309000 ---p 00017000 08:06 1446787                    /lib/x86_64-linux-gnu/libresolv-2.19.so
7f61e3309000-7f61e330a000 r--p 00017000 08:06 1446787                    /lib/x86_64-linux-gnu/libresolv-2.19.so
7f61e330a000-7f61e330b000 rw-p 00018000 08:06 1446787                    /lib/x86_64-linux-gnu/libresolv-2.19.so
7f61e330b000-7f61e330d000 rw-p 00000000 00:00 0 
7f61e330d000-7f61e332d000 r-xp 00000000 08:06 1443709                    /lib/x86_64-linux-gnu/libselinux.so.1
7f61e332d000-7f61e352c000 ---p 00020000 08:06 1443709                    /lib/x86_64-linux-gnu/libselinux.so.1
7f61e352c000-7f61e352d000 r--p 0001f000 08:06 1443709                    /lib/x86_64-linux-gnu/libselinux.so.1
7f61e352d000-7f61e352e000 rw-p 00020000 08:06 1443709                    /lib/x86_64-linux-gnu/libselinux.so.1
7f61e352e000-7f61e3530000 rw-p 00000000 00:00 0 
7f61e3530000-7f61e3533000 r-xp 00000000 08:06 531295                     /usr/lib/x86_64-linux-gnu/libgmodule-2.0.so.0.4002.0
7f61e3533000-7f61e3732000 ---p 00003000 08:06 531295                     /usr/lib/x86_64-linux-gnu/libgmodule-2.0.so.0.4002.0
7f61e3732000-7f61e3733000 r--p 00002000 08:06 531295                     /usr/lib/x86_64-linux-gnu/libgmodule-2.0.so.0.4002.0
7f61e3733000-7f61e3734000 rw-p 00003000 08:06 531295                     /usr/lib/x86_64-linux-gnu/libgmodule-2.0.so.0.4002.0
7f61e3734000-7f61e383a000 r-xp 00000000 08:06 1443610                    /lib/x86_64-linux-gnu/libglib-2.0.so.0.4002.0
7f61e383a000-7f61e3a39000 ---p 00106000 08:06 1443610                    /lib/x86_64-linux-gnu/libglib-2.0.so.0.4002.0
7f61e3a39000-7f61e3a3a000 r--p 00105000 08:06 1443610                    /lib/x86_64-linux-gnu/libglib-2.0.so.0.4002.0
7f61e3a3a000-7f61e3a3b000 rw-p 00106000 08:06 1443610                    /lib/x86_64-linux-gnu/libglib-2.0.so.0.4002.0
7f61e3a3b000-7f61e3a3c000 rw-p 00000000 00:00 0 
7f61e3a3c000-7f61e3a8b000 r-xp 00000000 08:06 531307                     /usr/lib/x86_64-linux-gnu/libgobject-2.0.so.0.4002.0
7f61e3a8b000-7f61e3c8b000 ---p 0004f000 08:06 531307                     /usr/lib/x86_64-linux-gnu/libgobject-2.0.so.0.4002.0
7f61e3c8b000-7f61e3c8c000 r--p 0004f000 08:06 531307                     /usr/lib/x86_64-linux-gnu/libgobject-2.0.so.0.4002.0
7f61e3c8c000-7f61e3c8d000 rw-p 00050000 08:06 531307                     /usr/lib/x86_64-linux-gnu/libgobject-2.0.so.0.4002.0
7f61e3c8d000-7f61e3df9000 r-xp 00000000 08:06 531285                     /usr/lib/x86_64-linux-gnu/libgio-2.0.so.0.4002.0
7f61e3df9000-7f61e3ff8000 ---p 0016c000 08:06 531285                     /usr/lib/x86_64-linux-gnu/libgio-2.0.so.0.4002.0
7f61e3ff8000-7f61e3ffc000 r--p 0016b000 08:06 531285                     /usr/lib/x86_64-linux-gnu/libgio-2.0.so.0.4002.0
7f61e3ffc000-7f61e3ffe000 rw-p 0016f000 08:06 531285                     /usr/lib/x86_64-linux-gnu/libgio-2.0.so.0.4002.0
7f61e3ffe000-7f61e4000000 rw-p 00000000 00:00 0 
7f61e4000000-7f61e4021000 rw-p 00000000 00:00 0 
7f61e4021000-7f61e8000000 ---p 00000000 00:00 0 
7f61e809b000-7f61e809e000 ---p 00000000 00:00 0 
7f61e809e000-7f61e819c000 rw-p 00000000 00:00 0 
7f61e819c000-7f61e81b3000 r-xp 00000000 08:06 799168                     /usr/lib/jvm/java-7-openjdk-amd64/jre/lib/amd64/libnet.so
7f61e81b3000-7f61e83b2000 ---p 00017000 08:06 799168                     /usr/lib/jvm/java-7-openjdk-amd64/jre/lib/amd64/libnet.so
7f61e83b2000-7f61e83b3000 r--p 00016000 08:06 799168                     /usr/lib/jvm/java-7-openjdk-amd64/jre/lib/amd64/libnet.so
7f61e83b3000-7f61e83b4000 rw-p 00017000 08:06 799168                     /usr/lib/jvm/java-7-openjdk-amd64/jre/lib/amd64/libnet.so
7f61e83b4000-7f61e83c4000 r-xp 00000000 08:06 806319                     /usr/lib/jvm/java-7-openjdk-amd64/jre/lib/amd64/libnio.so
7f61e83c4000-7f61e85c4000 ---p 00010000 08:06 806319                     /usr/lib/jvm/java-7-openjdk-amd64/jre/lib/amd64/libnio.so
7f61e85c4000-7f61e85c5000 r--p 00010000 08:06 806319                     /usr/lib/jvm/java-7-openjdk-amd64/jre/lib/amd64/libnio.so
7f61e85c5000-7f61e85c6000 rw-p 00011000 08:06 806319                     /usr/lib/jvm/java-7-openjdk-amd64/jre/lib/amd64/libnio.so
7f61e85c6000-7f61e85c7000 ---p 00000000 00:00 0 
7f61e85c7000-7f61e86c7000 rw-p 00000000 00:00 0 
7f61e86c7000-7f61e86ca000 ---p 00000000 00:00 0 
7f61e86ca000-7f61e87c8000 rw-p 00000000 00:00 0 
7f61e87c8000-7f61e87cb000 ---p 00000000 00:00 0 
7f61e87cb000-7f61e88c9000 rw-p 00000000 00:00 0 
7f61e88c9000-7f61e88cc000 ---p 00000000 00:00 0 
7f61e88cc000-7f61e89ca000 rw-p 00000000 00:00 0 
7f61e89ca000-7f61e89cd000 ---p 00000000 00:00 0 
7f61e89cd000-7f61e8acb000 rw-p 00000000 00:00 0 
7f61e8acb000-7f61e95cb000 r--p 00000000 08:06 528122                     /usr/lib/locale/locale-archive
7f61e95cb000-7f61e95ce000 ---p 00000000 00:00 0 
7f61e95ce000-7f61e96cc000 rw-p 00000000 00:00 0 
7f61e96cc000-7f61e96cf000 ---p 00000000 00:00 0 
7f61e96cf000-7f61e97cd000 rw-p 00000000 00:00 0 
7f61e97cd000-7f61e97ce000 ---p 00000000 00:00 0 
7f61e97ce000-7f61ec000000 rw-p 00000000 00:00 0 
7f61ec000000-7f61ec021000 rw-p 00000000 00:00 0 
7f61ec021000-7f61f0000000 ---p 00000000 00:00 0 
7f61f002a000-7f61f0059000 r--p 00000000 08:06 800728                     /usr/share/locale-langpack/ru/LC_MESSAGES/libc.mo
7f61f0059000-7f61f008a000 rw-p 00000000 00:00 0 
7f61f00a0000-7f61f00a7000 r--s 00000000 08:06 660065                     /usr/lib/x86_64-linux-gnu/gconv/gconv-modules.cache
7f61f00a7000-7f61f00bd000 r--s 000f1000 00:1d 1345612                    /home/thedragonspb/AndroidStudioProjects/ComplexCalc3/app/build/intermediates/exploded-aar/com.android.support/support-v4/23.3.0/jars/classes.jar
7f61f00bd000-7f61f0e4e000 rw-p 00000000 00:00 0 
7f61f0e4e000-7f61f1000000 r--s 01d32000 08:06 806333                     /usr/lib/jvm/java-7-openjdk-amd64/jre/lib/rt.jar
7f61f1000000-7f61f1270000 rwxp 00000000 00:00 0 
7f61f1270000-7f61f41ef000 rw-p 00000000 00:00 0 
7f61f41ef000-7f61f8000000 ---p 00000000 00:00 0 
7f61f8006000-7f61f8015000 r--s 000df000 00:1d 1343636                    /home/thedragonspb/Android/Sdk/build-tools/23.0.3/lib/dx.jar
7f61f8015000-7f61f8018000 r--s 0000f000 08:06 806346                     /usr/lib/jvm/java-7-openjdk-amd64/jre/lib/ext/icedtea-sound.jar
7f61f8018000-7f61f83ce000 rw-p 00000000 00:00 0 
7f61f83ce000-7f61f83cf000 ---p 00000000 00:00 0 
7f61f83cf000-7f61f84cf000 rw-p 00000000 00:00 0 
7f61f84cf000-7f61f84d0000 ---p 00000000 00:00 0 
7f61f84d0000-7f61f85d0000 rw-p 00000000 00:00 0 
7f61f85d0000-7f61f85d1000 ---p 00000000 00:00 0 
7f61f85d1000-7f61f86d1000 rw-p 00000000 00:00 0 
7f61f86d1000-7f61f86d2000 ---p 00000000 00:00 0 
7f61f86d2000-7f61f87dd000 rw-p 00000000 00:00 0 
7f61f87dd000-7f61f8825000 rw-p 00000000 00:00 0 
7f61f8825000-7f61f8837000 rw-p 00000000 00:00 0 
7f61f8837000-7f61f897b000 rw-p 00000000 00:00 0 
7f61f897b000-7f61f8986000 rw-p 00000000 00:00 0 
7f61f8986000-7f61f89ce000 rw-p 00000000 00:00 0 
7f61f89ce000-7f61f89e0000 rw-p 00000000 00:00 0 
7f61f89e0000-7f61f8b23000 rw-p 00000000 00:00 0 
7f61f8b23000-7f61f8b68000 rw-p 00000000 00:00 0 
7f61f8b68000-7f61f8bce000 rw-p 00000000 00:00 0 
7f61f8bce000-7f61f8bcf000 rw-p 00000000 00:00 0 
7f61f8bcf000-7f61f8bd7000 r-xp 00000000 08:06 806301                     /usr/lib/jvm/java-7-openjdk-amd64/jre/lib/amd64/libzip.so
7f61f8bd7000-7f61f8dd6000 ---p 00008000 08:06 806301                     /usr/lib/jvm/java-7-openjdk-amd64/jre/lib/amd64/libzip.so
7f61f8dd6000-7f61f8dd7000 r--p 00007000 08:06 806301                     /usr/lib/jvm/java-7-openjdk-amd64/jre/lib/amd64/libzip.so
7f61f8dd7000-7f61f8dd8000 rw-p 00008000 08:06 806301                     /usr/lib/jvm/java-7-openjdk-amd64/jre/lib/amd64/libzip.so
7f61f8dd8000-7f61f8de3000 r-xp 00000000 08:06 1447429                    /lib/x86_64-linux-gnu/libnss_files-2.19.so
7f61f8de3000-7f61f8fe2000 ---p 0000b000 08:06 1447429                    /lib/x86_64-linux-gnu/libnss_files-2.19.so
7f61f8fe2000-7f61f8fe3000 r--p 0000a000 08:06 1447429                    /lib/x86_64-linux-gnu/libnss_files-2.19.so
7f61f8fe3000-7f61f8fe4000 rw-p 0000b000 08:06 1447429                    /lib/x86_64-linux-gnu/libnss_files-2.19.so
7f61f8fe4000-7f61f8fef000 r-xp 00000000 08:06 1447421                    /lib/x86_64-linux-gnu/libnss_nis-2.19.so
7f61f8fef000-7f61f91ee000 ---p 0000b000 08:06 1447421                    /lib/x86_64-linux-gnu/libnss_nis-2.19.so
7f61f91ee000-7f61f91ef000 r--p 0000a000 08:06 1447421                    /lib/x86_64-linux-gnu/libnss_nis-2.19.so
7f61f91ef000-7f61f91f0000 rw-p 0000b000 08:06 1447421                    /lib/x86_64-linux-gnu/libnss_nis-2.19.so
7f61f91f0000-7f61f9207000 r-xp 00000000 08:06 1447417                    /lib/x86_64-linux-gnu/libnsl-2.19.so
7f61f9207000-7f61f9406000 ---p 00017000 08:06 1447417                    /lib/x86_64-linux-gnu/libnsl-2.19.so
7f61f9406000-7f61f9407000 r--p 00016000 08:06 1447417                    /lib/x86_64-linux-gnu/libnsl-2.19.so
7f61f9407000-7f61f9408000 rw-p 00017000 08:06 1447417                    /lib/x86_64-linux-gnu/libnsl-2.19.so
7f61f9408000-7f61f940a000 rw-p 00000000 00:00 0 
7f61f940a000-7f61f9413000 r-xp 00000000 08:06 1447416                    /lib/x86_64-linux-gnu/libnss_compat-2.19.so
7f61f9413000-7f61f9612000 ---p 00009000 08:06 1447416                    /lib/x86_64-linux-gnu/libnss_compat-2.19.so
7f61f9612000-7f61f9613000 r--p 00008000 08:06 1447416                    /lib/x86_64-linux-gnu/libnss_compat-2.19.so
7f61f9613000-7f61f9614000 rw-p 00009000 08:06 1447416                    /lib/x86_64-linux-gnu/libnss_compat-2.19.so
7f61f9614000-7f61f963f000 r-xp 00000000 08:06 799049                     /usr/lib/jvm/java-7-openjdk-amd64/jre/lib/amd64/libjava.so
7f61f963f000-7f61f983f000 ---p 0002b000 08:06 799049                     /usr/lib/jvm/java-7-openjdk-amd64/jre/lib/amd64/libjava.so
7f61f983f000-7f61f9840000 r--p 0002b000 08:06 799049                     /usr/lib/jvm/java-7-openjdk-amd64/jre/lib/amd64/libjava.so
7f61f9840000-7f61f9842000 rw-p 0002c000 08:06 799049                     /usr/lib/jvm/java-7-openjdk-amd64/jre/lib/amd64/libjava.so
7f61f9842000-7f61f9852000 r-xp 00000000 08:06 799050                     /usr/lib/jvm/java-7-openjdk-amd64/jre/lib/amd64/libverify.so
7f61f9852000-7f61f9a51000 ---p 00010000 08:06 799050                     /usr/lib/jvm/java-7-openjdk-amd64/jre/lib/amd64/libverify.so
7f61f9a51000-7f61f9a53000 r--p 0000f000 08:06 799050                     /usr/lib/jvm/java-7-openjdk-amd64/jre/lib/amd64/libverify.so
7f61f9a53000-7f61f9a54000 rw-p 00011000 08:06 799050                     /usr/lib/jvm/java-7-openjdk-amd64/jre/lib/amd64/libverify.so
7f61f9a54000-7f61f9a5b000 r-xp 00000000 08:06 1447425                    /lib/x86_64-linux-gnu/librt-2.19.so
7f61f9a5b000-7f61f9c5a000 ---p 00007000 08:06 1447425                    /lib/x86_64-linux-gnu/librt-2.19.so
7f61f9c5a000-7f61f9c5b000 r--p 00006000 08:06 1447425                    /lib/x86_64-linux-gnu/librt-2.19.so
7f61f9c5b000-7f61f9c5c000 rw-p 00007000 08:06 1447425                    /lib/x86_64-linux-gnu/librt-2.19.so
7f61f9c5c000-7f61f9c72000 r-xp 00000000 08:06 1443556                    /lib/x86_64-linux-gnu/libgcc_s.so.1
7f61f9c72000-7f61f9e71000 ---p 00016000 08:06 1443556                    /lib/x86_64-linux-gnu/libgcc_s.so.1
7f61f9e71000-7f61f9e72000 rw-p 00015000 08:06 1443556                    /lib/x86_64-linux-gnu/libgcc_s.so.1
7f61f9e72000-7f61f9f77000 r-xp 00000000 08:06 1447411                    /lib/x86_64-linux-gnu/libm-2.19.so
7f61f9f77000-7f61fa176000 ---p 00105000 08:06 1447411                    /lib/x86_64-linux-gnu/libm-2.19.so
7f61fa176000-7f61fa177000 r--p 00104000 08:06 1447411                    /lib/x86_64-linux-gnu/libm-2.19.so
7f61fa177000-7f61fa178000 rw-p 00105000 08:06 1447411                    /lib/x86_64-linux-gnu/libm-2.19.so
7f61fa178000-7f61fa25e000 r-xp 00000000 08:06 523292                     /usr/lib/x86_64-linux-gnu/libstdc++.so.6.0.19
7f61fa25e000-7f61fa45d000 ---p 000e6000 08:06 523292                     /usr/lib/x86_64-linux-gnu/libstdc++.so.6.0.19
7f61fa45d000-7f61fa465000 r--p 000e5000 08:06 523292                     /usr/lib/x86_64-linux-gnu/libstdc++.so.6.0.19
7f61fa465000-7f61fa467000 rw-p 000ed000 08:06 523292                     /usr/lib/x86_64-linux-gnu/libstdc++.so.6.0.19
7f61fa467000-7f61fa47c000 rw-p 00000000 00:00 0 
7f61fa47c000-7f61fafa1000 r-xp 00000000 08:06 805879                     /usr/lib/jvm/java-7-openjdk-amd64/jre/lib/amd64/server/libjvm.so
7f61fafa1000-7f61fb1a1000 ---p 00b25000 08:06 805879                     /usr/lib/jvm/java-7-openjdk-amd64/jre/lib/amd64/server/libjvm.so
7f61fb1a1000-7f61fb23b000 r--p 00b25000 08:06 805879                     /usr/lib/jvm/java-7-openjdk-amd64/jre/lib/amd64/server/libjvm.so
7f61fb23b000-7f61fb25e000 rw-p 00bbf000 08:06 805879                     /usr/lib/jvm/java-7-openjdk-amd64/jre/lib/amd64/server/libjvm.so
7f61fb25e000-7f61fb28d000 rw-p 00000000 00:00 0 
7f61fb28d000-7f61fb2a5000 r-xp 00000000 08:06 1443740                    /lib/x86_64-linux-gnu/libz.so.1.2.8
7f61fb2a5000-7f61fb4a4000 ---p 00018000 08:06 1443740                    /lib/x86_64-linux-gnu/libz.so.1.2.8
7f61fb4a4000-7f61fb4a5000 r--p 00017000 08:06 1443740                    /lib/x86_64-linux-gnu/libz.so.1.2.8
7f61fb4a5000-7f61fb4a6000 rw-p 00018000 08:06 1443740                    /lib/x86_64-linux-gnu/libz.so.1.2.8
7f61fb4a6000-7f61fb4bf000 r-xp 00000000 08:06 1447418                    /lib/x86_64-linux-gnu/libpthread-2.19.so
7f61fb4bf000-7f61fb6be000 ---p 00019000 08:06 1447418                    /lib/x86_64-linux-gnu/libpthread-2.19.so
7f61fb6be000-7f61fb6bf000 r--p 00018000 08:06 1447418                    /lib/x86_64-linux-gnu/libpthread-2.19.so
7f61fb6bf000-7f61fb6c0000 rw-p 00019000 08:06 1447418                    /lib/x86_64-linux-gnu/libpthread-2.19.so
7f61fb6c0000-7f61fb6c4000 rw-p 00000000 00:00 0 
7f61fb6c4000-7f61fb6c7000 r-xp 00000000 08:06 1447413                    /lib/x86_64-linux-gnu/libdl-2.19.so
7f61fb6c7000-7f61fb8c6000 ---p 00003000 08:06 1447413                    /lib/x86_64-linux-gnu/libdl-2.19.so
7f61fb8c6000-7f61fb8c7000 r--p 00002000 08:06 1447413                    /lib/x86_64-linux-gnu/libdl-2.19.so
7f61fb8c7000-7f61fb8c8000 rw-p 00003000 08:06 1447413                    /lib/x86_64-linux-gnu/libdl-2.19.so
7f61fb8c8000-7f61fba83000 r-xp 00000000 08:06 1447426                    /lib/x86_64-linux-gnu/libc-2.19.so
7f61fba83000-7f61fbc82000 ---p 001bb000 08:06 1447426                    /lib/x86_64-linux-gnu/libc-2.19.so
7f61fbc82000-7f61fbc86000 r--p 001ba000 08:06 1447426                    /lib/x86_64-linux-gnu/libc-2.19.so
7f61fbc86000-7f61fbc88000 rw-p 001be000 08:06 1447426                    /lib/x86_64-linux-gnu/libc-2.19.so
7f61fbc88000-7f61fbc8d000 rw-p 00000000 00:00 0 
7f61fbc8d000-7f61fbc9a000 r-xp 00000000 08:06 806316                     /usr/lib/jvm/java-7-openjdk-amd64/jre/lib/amd64/jli/libjli.so
7f61fbc9a000-7f61fbe99000 ---p 0000d000 08:06 806316                     /usr/lib/jvm/java-7-openjdk-amd64/jre/lib/amd64/jli/libjli.so
7f61fbe99000-7f61fbe9a000 r--p 0000c000 08:06 806316                     /usr/lib/jvm/java-7-openjdk-amd64/jre/lib/amd64/jli/libjli.so
7f61fbe9a000-7f61fbe9b000 rw-p 0000d000 08:06 806316                     /usr/lib/jvm/java-7-openjdk-amd64/jre/lib/amd64/jli/libjli.so
7f61fbe9b000-7f61fbebe000 r-xp 00000000 08:06 1447419                    /lib/x86_64-linux-gnu/ld-2.19.so
7f61fbec0000-7f61fbee2000 rw-p 00000000 00:00 0 
7f61fbee2000-7f61fbf98000 rw-p 00000000 00:00 0 
7f61fbf98000-7f61fbf9b000 ---p 00000000 00:00 0 
7f61fbf9b000-7f61fc09e000 rw-p 00000000 00:00 0 
7f61fc09f000-7f61fc0a0000 rw-p 00000000 00:00 0 
7f61fc0a0000-7f61fc0a4000 r--s 00034000 08:06 806345                     /usr/lib/jvm/java-7-openjdk-amd64/jre/lib/ext/sunjce_provider.jar
7f61fc0a4000-7f61fc0a6000 r--s 00012000 08:06 806344                     /usr/lib/jvm/java-7-openjdk-amd64/jre/lib/ext/zipfs.jar
7f61fc0a6000-7f61fc0a8000 r--s 00006000 08:06 807305                     /usr/share/java/java-atk-wrapper.jar
7f61fc0a8000-7f61fc0ac000 r--s 00085000 08:06 806347                     /usr/lib/jvm/java-7-openjdk-amd64/jre/lib/ext/localedata.jar
7f61fc0ac000-7f61fc0ad000 r--s 00002000 08:06 806343                     /usr/lib/jvm/java-7-openjdk-amd64/jre/lib/ext/dnsns.jar
7f61fc0ad000-7f61fc0b1000 r--s 0003c000 08:06 806348                     /usr/lib/jvm/java-7-openjdk-amd64/jre/lib/ext/sunpkcs11.jar
7f61fc0b1000-7f61fc0b9000 rw-s 00000000 08:06 820252                     /tmp/hsperfdata_thedragonspb/7300
7f61fc0b9000-7f61fc0ba000 rw-p 00000000 00:00 0 
7f61fc0ba000-7f61fc0bb000 ---p 00000000 00:00 0 
7f61fc0bb000-7f61fc0bd000 rw-p 00000000 00:00 0 
7f61fc0bd000-7f61fc0be000 r--p 00022000 08:06 1447419                    /lib/x86_64-linux-gnu/ld-2.19.so
7f61fc0be000-7f61fc0bf000 rw-p 00023000 08:06 1447419                    /lib/x86_64-linux-gnu/ld-2.19.so
7f61fc0bf000-7f61fc0c0000 rw-p 00000000 00:00 0 
7ffe436d7000-7ffe436f8000 rw-p 00000000 00:00 0                          [stack]
7ffe43729000-7ffe4372b000 r--p 00000000 00:00 0                          [vvar]
7ffe4372b000-7ffe4372d000 r-xp 00000000 00:00 0                          [vdso]
ffffffffff600000-ffffffffff601000 r-xp 00000000 00:00 0                  [vsyscall]

VM Arguments:
jvm_args: -Djava.awt.headless=true -Xmx1024M -Dfile.encoding=UTF-8 -Duser.country=RU -Duser.language=ru -Duser.variant 
java_command: com.android.dx.command.Main --dex --force-jumbo --num-threads=4 --output /home/thedragonspb/AndroidStudioProjects/ComplexCalc3/app/build/intermediates/pre-dexed/debug/com.android.support-support-v4-23.3.0_8fa9546de7217f5729dbfe1cb521bae565b11ec5.jar /home/thedragonspb/AndroidStudioProjects/ComplexCalc3/app/build/intermediates/exploded-aar/com.android.support/support-v4/23.3.0/jars/classes.jar
Launcher Type: SUN_STANDARD

Environment Variables:
PATH=/usr/local/sbin:/usr/local/bin:/usr/sbin:/usr/bin:/sbin:/bin:/usr/games:/usr/local/games
LD_LIBRARY_PATH=.:
SHELL=/bin/bash
DISPLAY=:0.0

Signal Handlers:
SIGSEGV: [libjvm.so+0x9561e0], sa_mask[0]=0x7ffbfeff, sa_flags=0x10000004
SIGBUS: [libjvm.so+0x9561e0], sa_mask[0]=0x7ffbfeff, sa_flags=0x10000004
SIGFPE: [libjvm.so+0x7cc4d0], sa_mask[0]=0x7ffbfeff, sa_flags=0x10000004
SIGPIPE: [libjvm.so+0x7cc4d0], sa_mask[0]=0x7ffbfeff, sa_flags=0x10000004
SIGXFSZ: [libjvm.so+0x7cc4d0], sa_mask[0]=0x7ffbfeff, sa_flags=0x10000004
SIGILL: [libjvm.so+0x7cc4d0], sa_mask[0]=0x7ffbfeff, sa_flags=0x10000004
SIGUSR1: SIG_DFL, sa_mask[0]=0x00000000, sa_flags=0x00000000
SIGUSR2: [libjvm.so+0x7cc370], sa_mask[0]=0x00000004, sa_flags=0x10000004
SIGHUP: [libjvm.so+0x7cc550], sa_mask[0]=0x7ffbfeff, sa_flags=0x10000004
SIGINT: [libjvm.so+0x7cc550], sa_mask[0]=0x7ffbfeff, sa_flags=0x10000004
SIGTERM: [libjvm.so+0x7cc550], sa_mask[0]=0x7ffbfeff, sa_flags=0x10000004
SIGQUIT: [libjvm.so+0x7cc550], sa_mask[0]=0x7ffbfeff, sa_flags=0x10000004
SIGTRAP: SIG_DFL, sa_mask[0]=0x00000000, sa_flags=0x00000000


---------------  S Y S T E M  ---------------

OS:Ubuntu 14.04 (trusty)
uname:Linux 3.19.0-59-generic #65~14.04.1-Ubuntu SMP Tue Apr 19 18:57:09 UTC 2016 x86_64
libc:glibc 2.19 NPTL 2.19 
rlimit: STACK 8192k, CORE 0k, NPROC 12989, NOFILE 4096, AS infinity
load average:10,95 6,82 4,78

/proc/meminfo:
MemTotal:        3409948 kB
MemFree:           99972 kB
MemAvailable:      63336 kB
Buffers:            1168 kB
Cached:            85924 kB
SwapCached:            0 kB
Active:          3066872 kB
Inactive:          54568 kB
Active(anon):    3035960 kB
Inactive(anon):    24660 kB
Active(file):      30912 kB
Inactive(file):    29908 kB
Unevictable:          88 kB
Mlocked:              88 kB
SwapTotal:             0 kB
SwapFree:              0 kB
Dirty:               280 kB
Writeback:             0 kB
AnonPages:       3034468 kB
Mapped:            74012 kB
Shmem:             26252 kB
Slab:              79724 kB
SReclaimable:      34840 kB
SUnreclaim:        44884 kB
KernelStack:        9840 kB
PageTables:        40680 kB
NFS_Unstable:          0 kB
Bounce:                0 kB
WritebackTmp:          0 kB
CommitLimit:     1704972 kB
Committed_AS:    6425928 kB
VmallocTotal:   34359738367 kB
VmallocUsed:       95796 kB
VmallocChunk:   34359637248 kB
HardwareCorrupted:     0 kB
AnonHugePages:   1468416 kB
CmaTotal:              0 kB
CmaFree:               0 kB
HugePages_Total:       0
HugePages_Free:        0
HugePages_Rsvd:        0
HugePages_Surp:        0
Hugepagesize:       2048 kB
DirectMap4k:      212732 kB
DirectMap2M:     3401728 kB
DirectMap1G:           0 kB


CPU:total 4 (4 cores per cpu, 1 threads per core) family 22 model 0 stepping 1, cmov, cx8, fxsr, mmx, sse, sse2, sse3, ssse3, sse4.1, sse4.2, popcnt, avx, aes, mmxext, 3dnowpref, lzcnt, sse4a, tsc, tscinvbit, tscinv

/proc/cpuinfo:
processor	: 0
vendor_id	: AuthenticAMD
cpu family	: 22
model		: 0
model name	: AMD A4-5000 APU with Radeon(TM) HD Graphics
stepping	: 1
microcode	: 0x700010b
cpu MHz		: 1500.000
cache size	: 2048 KB
physical id	: 0
siblings	: 4
core id		: 0
cpu cores	: 4
apicid		: 0
initial apicid	: 0
fpu		: yes
fpu_exception	: yes
cpuid level	: 13
wp		: yes
flags		: fpu vme de pse tsc msr pae mce cx8 apic sep mtrr pge mca cmov pat pse36 clflush mmx fxsr sse sse2 ht syscall nx mmxext fxsr_opt pdpe1gb rdtscp lm constant_tsc rep_good nopl nonstop_tsc extd_apicid aperfmperf eagerfpu pni pclmulqdq monitor ssse3 cx16 sse4_1 sse4_2 movbe popcnt aes xsave avx f16c lahf_lm cmp_legacy svm extapic cr8_legacy abm sse4a misalignsse 3dnowprefetch osvw ibs skinit wdt topoext perfctr_nb perfctr_l2 arat hw_pstate proc_feedback npt lbrv svm_lock nrip_save tsc_scale flushbyasid decodeassists pausefilter pfthreshold vmmcall bmi1 xsaveopt
bugs		: fxsave_leak
bogomips	: 2994.37
TLB size	: 1024 4K pages
clflush size	: 64
cache_alignment	: 64
address sizes	: 40 bits physical, 48 bits virtual
power management: ts ttp tm 100mhzsteps hwpstate [11]

processor	: 1
vendor_id	: AuthenticAMD
cpu family	: 22
model		: 0
model name	: AMD A4-5000 APU with Radeon(TM) HD Graphics    
stepping	: 1
microcode	: 0x700010b
cpu MHz		: 1500.000
cache size	: 2048 KB
physical id	: 0
siblings	: 4
core id		: 1
cpu cores	: 4
apicid		: 1
initial apicid	: 1
fpu		: yes
fpu_exception	: yes
cpuid level	: 13
wp		: yes
flags		: fpu vme de pse tsc msr pae mce cx8 apic sep mtrr pge mca cmov pat pse36 clflush mmx fxsr sse sse2 ht syscall nx mmxext fxsr_opt pdpe1gb rdtscp lm constant_tsc rep_good nopl nonstop_tsc extd_apicid aperfmperf eagerfpu pni pclmulqdq monitor ssse3 cx16 sse4_1 sse4_2 movbe popcnt aes xsave avx f16c lahf_lm cmp_legacy svm extapic cr8_legacy abm sse4a misalignsse 3dnowprefetch osvw ibs skinit wdt topoext perfctr_nb perfctr_l2 arat hw_pstate proc_feedback npt lbrv svm_lock nrip_save tsc_scale flushbyasid decodeassists pausefilter pfthreshold vmmcall bmi1 xsaveopt
bugs		: fxsave_leak
bogomips	: 2994.37
TLB size	: 1024 4K pages
clflush size	: 64
cache_alignment	: 64
address sizes	: 40 bits physical, 48 bits virtual
power management: ts ttp tm 100mhzsteps hwpstate [11]

processor	: 2
vendor_id	: AuthenticAMD
cpu family	: 22
model		: 0
model name	: AMD A4-5000 APU with Radeon(TM) HD Graphics    
stepping	: 1
microcode	: 0x700010b
cpu MHz		: 1500.000
cache size	: 2048 KB
physical id	: 0
siblings	: 4
core id		: 2
cpu cores	: 4
apicid		: 2
initial apicid	: 2
fpu		: yes
fpu_exception	: yes
cpuid level	: 13
wp		: yes
flags		: fpu vme de pse tsc msr pae mce cx8 apic sep mtrr pge mca cmov pat pse36 clflush mmx fxsr sse sse2 ht syscall nx mmxext fxsr_opt pdpe1gb rdtscp lm constant_tsc rep_good nopl nonstop_tsc extd_apicid aperfmperf eagerfpu pni pclmulqdq monitor ssse3 cx16 sse4_1 sse4_2 movbe popcnt aes xsave avx f16c lahf_lm cmp_legacy svm extapic cr8_legacy abm sse4a misalignsse 3dnowprefetch osvw ibs skinit wdt topoext perfctr_nb perfctr_l2 arat hw_pstate proc_feedback npt lbrv svm_lock nrip_save tsc_scale flushbyasid decodeassists pausefilter pfthreshold vmmcall bmi1 xsaveopt
bugs		: fxsave_leak
bogomips	: 2994.37
TLB size	: 1024 4K pages
clflush size	: 64
cache_alignment	: 64
address sizes	: 40 bits physical, 48 bits virtual
power management: ts ttp tm 100mhzsteps hwpstate [11]

processor	: 3
vendor_id	: AuthenticAMD
cpu family	: 22
model		: 0
model name	: AMD A4-5000 APU with Radeon(TM) HD Graphics    
stepping	: 1
microcode	: 0x700010b
cpu MHz		: 1500.000
cache size	: 2048 KB
physical id	: 0
siblings	: 4
core id		: 3
cpu cores	: 4
apicid		: 3
initial apicid	: 3
fpu		: yes
fpu_exception	: yes
cpuid level	: 13
wp		: yes
flags		: fpu vme de pse tsc msr pae mce cx8 apic sep mtrr pge mca cmov pat pse36 clflush mmx fxsr sse sse2 ht syscall nx mmxext fxsr_opt pdpe1gb rdtscp lm constant_tsc rep_good nopl nonstop_tsc extd_apicid aperfmperf eagerfpu pni pclmulqdq monitor ssse3 cx16 sse4_1 sse4_2 movbe popcnt aes xsave avx f16c lahf_lm cmp_legacy svm extapic cr8_legacy abm sse4a misalignsse 3dnowprefetch osvw ibs skinit wdt topoext perfctr_nb perfctr_l2 arat hw_pstate proc_feedback npt lbrv svm_lock nrip_save tsc_scale flushbyasid decodeassists pausefilter pfthreshold vmmcall bmi1 xsaveopt
bugs		: fxsave_leak
bogomips	: 2994.37
TLB size	: 1024 4K pages
clflush size	: 64
cache_alignment	: 64
address sizes	: 40 bits physical, 48 bits virtual
power management: ts ttp tm 100mhzsteps hwpstate [11]



Memory: 4k page, physical 3409948k(99476k free), swap 0k(0k free)

vm_info: OpenJDK 64-Bit Server VM (24.95-b01) for linux-amd64 JRE (1.7.0_101-b00), built on Apr 24 2016 20:39:29 by "buildd" with gcc 4.8.2

time: Tue May 10 19:19:12 2016
elapsed time: 42 seconds

