#
# There is insufficient memory for the Java Runtime Environment to continue.
# Native memory allocation (malloc) failed to allocate 130023424 bytes for committing reserved memory.
# Possible reasons:
#   The system is out of physical RAM or swap space
#   In 32 bit mode, the process size limit was hit
# Possible solutions:
#   Reduce memory load on the system
#   Increase physical memory or swap space
#   Check if swap backing store is full
#   Use 64 bit Java on a 64 bit OS
#   Decrease Java heap size (-Xmx/-Xms)
#   Decrease number of Java threads
#   Decrease Java thread stack sizes (-Xss)
#   Set larger code cache with -XX:ReservedCodeCacheSize=
# This output file may be truncated or incomplete.
#
#  Out of Memory Error (os_linux.cpp:2827), pid=10466, tid=140094559008512
#
# JRE version: OpenJDK Runtime Environment (7.0_101) (build 1.7.0_101-b00)
# Java VM: OpenJDK 64-Bit Server VM (24.95-b01 mixed mode linux-amd64 compressed oops)
# Derivative: IcedTea 2.6.6
# Distribution: Ubuntu 14.04 LTS, package 7u101-2.6.6-0ubuntu0.14.04.1
# Failed to write core dump. Core dumps have been disabled. To enable core dumping, try "ulimit -c unlimited" before starting Java again
#

---------------  T H R E A D  ---------------

Current thread (0x00007f6a54076000):  VMThread [stack: 0x00007f6a4e5cb000,0x00007f6a4e6cc000] [id=10489]

Stack: [0x00007f6a4e5cb000,0x00007f6a4e6cc000],  sp=0x00007f6a4e6ca490,  free space=1021k
Native frames: (J=compiled Java code, j=interpreted, Vv=VM code, C=native code)
V  [libjvm.so+0x955705]
V  [libjvm.so+0x490c44]
V  [libjvm.so+0x7d0c9b]
V  [libjvm.so+0x7cb75f]
V  [libjvm.so+0x83ee5b]
V  [libjvm.so+0x83fcc0]
V  [libjvm.so+0x8403ab]
V  [libjvm.so+0x83c5e8]
V  [libjvm.so+0x83ce58]
V  [libjvm.so+0x7f34a3]
V  [libjvm.so+0x957104]
V  [libjvm.so+0x95b207]
V  [libjvm.so+0x959cc8]
V  [libjvm.so+0x95a129]
V  [libjvm.so+0x95a572]
V  [libjvm.so+0x7cdb62]

VM_Operation (0x00007f6a1f8b50d0): ParallelGCFailedAllocation, mode: safepoint, requested by thread 0x00007f6a541ba000


---------------  P R O C E S S  ---------------

Java Threads: ( => current thread )
  0x00007f6a541bc000 JavaThread "pool-1-thread-4" [_thread_blocked, id=10542, stack(0x00007f6a1f6b5000,0x00007f6a1f7b6000)]
  0x00007f6a541ba000 JavaThread "pool-1-thread-3" [_thread_blocked, id=10541, stack(0x00007f6a1f7b6000,0x00007f6a1f8b7000)]
  0x00007f6a541b9000 JavaThread "pool-1-thread-2" [_thread_blocked, id=10538, stack(0x00007f6a1f8b7000,0x00007f6a1f9b8000)]
  0x00007f6a541b5800 JavaThread "pool-2-thread-1" [_thread_blocked, id=10528, stack(0x00007f6a1f9b8000,0x00007f6a1fab9000)]
  0x00007f6a541aa000 JavaThread "pool-1-thread-1" [_thread_blocked, id=10527, stack(0x00007f6a1fab9000,0x00007f6a1fbba000)]
  0x00007f6a540b0800 JavaThread "Service Thread" daemon [_thread_blocked, id=10513, stack(0x00007f6a4d4c5000,0x00007f6a4d5c6000)]
  0x00007f6a540ae800 JavaThread "C2 CompilerThread1" daemon [_thread_blocked, id=10512, stack(0x00007f6a4d5c6000,0x00007f6a4d6c7000)]
  0x00007f6a540ab800 JavaThread "C2 CompilerThread0" daemon [_thread_blocked, id=10511, stack(0x00007f6a4d6c7000,0x00007f6a4d7c8000)]
  0x00007f6a540a9000 JavaThread "Signal Dispatcher" daemon [_thread_blocked, id=10510, stack(0x00007f6a4d7c8000,0x00007f6a4d8c9000)]
  0x00007f6a5407c000 JavaThread "Finalizer" daemon [_thread_blocked, id=10492, stack(0x00007f6a4e3c9000,0x00007f6a4e4ca000)]
  0x00007f6a5407a000 JavaThread "Reference Handler" daemon [_thread_blocked, id=10491, stack(0x00007f6a4e4ca000,0x00007f6a4e5cb000)]
  0x00007f6a5400a800 JavaThread "main" [_thread_blocked, id=10469, stack(0x00007f6a5cd1a000,0x00007f6a5ce1b000)]

Other Threads:
=>0x00007f6a54076000 VMThread [stack: 0x00007f6a4e5cb000,0x00007f6a4e6cc000] [id=10489]
  0x00007f6a540bb000 WatcherThread [stack: 0x00007f6a4d3c4000,0x00007f6a4d4c5000] [id=10514]

VM state:at safepoint (normal execution)

VM Mutex/Monitor currently owned by a thread:  ([mutex/lock_event])
[0x00007f6a54006ac0] Threads_lock - owner thread: 0x00007f6a54076000
[0x00007f6a54006fc0] Heap_lock - owner thread: 0x00007f6a541ba000

Heap
 PSYoungGen      total 123904K, used 14847K [0x00000000eaa80000, 0x00000000f3380000, 0x0000000100000000)
  eden space 109056K, 0% used [0x00000000eaa80000,0x00000000eaa80000,0x00000000f1500000)
  from space 14848K, 99% used [0x00000000f1500000,0x00000000f237fde0,0x00000000f2380000)
  to   space 13312K, 0% used [0x00000000f2380000,0x00000000f2380000,0x00000000f3080000)
 ParOldGen       total 35328K, used 34074K [0x00000000c0000000, 0x00000000c2280000, 0x00000000eaa80000)
  object space 35328K, 96% used [0x00000000c0000000,0x00000000c2146880,0x00000000c2280000)
 PSPermGen       total 21504K, used 6399K [0x00000000b5a00000, 0x00000000b6f00000, 0x00000000c0000000)
  object space 21504K, 29% used [0x00000000b5a00000,0x00000000b603fe68,0x00000000b6f00000)

Card table byte_map: [0x00007f6a596fd000,0x00007f6a59951000] byte_map_base: 0x00007f6a59150000

Polling page: 0x00007f6a5ce3c000

Code Cache  [0x00007f6a51000000, 0x00007f6a51270000, 0x00007f6a54000000)
 total_blobs=569 nmethods=339 adapters=184 free_code_cache=47570Kb largest_free_block=48672640

Compilation events (10 events):
Event: 46,696 Thread 0x00007f6a540ab800 nmethod 347 0x00007f6a51180d90 code [0x00007f6a51180ee0, 0x00007f6a51180f48]
Event: 46,697 Thread 0x00007f6a540ab800  348             java.util.Collections$UnmodifiableCollection::iterator (9 bytes)
Event: 46,734 Thread 0x00007f6a540ab800 nmethod 348 0x00007f6a5117ecd0 code [0x00007f6a5117ee40, 0x00007f6a5117f0d8]
Event: 46,734 Thread 0x00007f6a540ab800  349             java.util.Collections$UnmodifiableCollection$1::<init> (26 bytes)
Event: 46,773 Thread 0x00007f6a540ab800 nmethod 349 0x00007f6a510c91d0 code [0x00007f6a510c9340, 0x00007f6a510c9598]
Event: 46,773 Thread 0x00007f6a540ab800  350             com.android.dx.rop.code.ThrowingCstInsn::accept (8 bytes)
Event: 46,774 Thread 0x00007f6a540ab800 nmethod 350 0x00007f6a5117f3d0 code [0x00007f6a5117f520, 0x00007f6a5117f598]
Event: 46,774 Thread 0x00007f6a540ab800  351 %           com.android.dx.ssa.LocalVariableExtractor::processBlock @ 119 (383 bytes)
Event: 46,843 Thread 0x00007f6a540ae800 nmethod 346 0x00007f6a5118d6d0 code [0x00007f6a5118d9e0, 0x00007f6a5118e838]
Event: 46,871 Thread 0x00007f6a540ae800  352             com.android.dx.rop.code.RegisterSpecSet::intersect (117 bytes)

GC Heap History (10 events):
Event: 3,028 GC heap after
Heap after GC invocations=2 (full 0):
 PSYoungGen      total 29696K, used 2019K [0x00000000eaa80000, 0x00000000ec980000, 0x0000000100000000)
  eden space 27648K, 0% used [0x00000000eaa80000,0x00000000eaa80000,0x00000000ec580000)
  from space 2048K, 98% used [0x00000000ec780000,0x00000000ec978ca8,0x00000000ec980000)
  to   space 2048K, 0% used [0x00000000ec580000,0x00000000ec580000,0x00000000ec780000)
 ParOldGen       total 35328K, used 1800K [0x00000000c0000000, 0x00000000c2280000, 0x00000000eaa80000)
  object space 35328K, 5% used [0x00000000c0000000,0x00000000c01c22e8,0x00000000c2280000)
 PSPermGen       total 21504K, used 5989K [0x00000000b5a00000, 0x00000000b6f00000, 0x00000000c0000000)
  object space 21504K, 27% used [0x00000000b5a00000,0x00000000b5fd95c0,0x00000000b6f00000)
}
Event: 8,472 GC heap before
{Heap before GC invocations=3 (full 0):
 PSYoungGen      total 29696K, used 29667K [0x00000000eaa80000, 0x00000000ec980000, 0x0000000100000000)
  eden space 27648K, 100% used [0x00000000eaa80000,0x00000000ec580000,0x00000000ec580000)
  from space 2048K, 98% used [0x00000000ec780000,0x00000000ec978ca8,0x00000000ec980000)
  to   space 2048K, 0% used [0x00000000ec580000,0x00000000ec580000,0x00000000ec780000)
 ParOldGen       total 35328K, used 1800K [0x00000000c0000000, 0x00000000c2280000, 0x00000000eaa80000)
  object space 35328K, 5% used [0x00000000c0000000,0x00000000c01c22e8,0x00000000c2280000)
 PSPermGen       total 21504K, used 6217K [0x00000000b5a00000, 0x00000000b6f00000, 0x00000000c0000000)
  object space 21504K, 28% used [0x00000000b5a00000,0x00000000b6012570,0x00000000b6f00000)
Event: 8,577 GC heap after
Heap after GC invocations=3 (full 0):
 PSYoungGen      total 29696K, used 2017K [0x00000000eaa80000, 0x00000000ee480000, 0x0000000100000000)
  eden space 27648K, 0% used [0x00000000eaa80000,0x00000000eaa80000,0x00000000ec580000)
  from space 2048K, 98% used [0x00000000ec580000,0x00000000ec7786f8,0x00000000ec780000)
  to   space 2048K, 0% used [0x00000000ee280000,0x00000000ee280000,0x00000000ee480000)
 ParOldGen       total 35328K, used 7142K [0x00000000c0000000, 0x00000000c2280000, 0x00000000eaa80000)
  object space 35328K, 20% used [0x00000000c0000000,0x00000000c06f9918,0x00000000c2280000)
 PSPermGen       total 21504K, used 6217K [0x00000000b5a00000, 0x00000000b6f00000, 0x00000000c0000000)
  object space 21504K, 28% used [0x00000000b5a00000,0x00000000b6012570,0x00000000b6f00000)
}
Event: 13,671 GC heap before
{Heap before GC invocations=4 (full 0):
 PSYoungGen      total 29696K, used 29665K [0x00000000eaa80000, 0x00000000ee480000, 0x0000000100000000)
  eden space 27648K, 100% used [0x00000000eaa80000,0x00000000ec580000,0x00000000ec580000)
  from space 2048K, 98% used [0x00000000ec580000,0x00000000ec7786f8,0x00000000ec780000)
  to   space 2048K, 0% used [0x00000000ee280000,0x00000000ee280000,0x00000000ee480000)
 ParOldGen       total 35328K, used 7142K [0x00000000c0000000, 0x00000000c2280000, 0x00000000eaa80000)
  object space 35328K, 20% used [0x00000000c0000000,0x00000000c06f9918,0x00000000c2280000)
 PSPermGen       total 21504K, used 6280K [0x00000000b5a00000, 0x00000000b6f00000, 0x00000000c0000000)
  object space 21504K, 29% used [0x00000000b5a00000,0x00000000b60222d0,0x00000000b6f00000)
Event: 13,786 GC heap after
Heap after GC invocations=4 (full 0):
 PSYoungGen      total 57344K, used 2017K [0x00000000eaa80000, 0x00000000ee480000, 0x0000000100000000)
  eden space 55296K, 0% used [0x00000000eaa80000,0x00000000eaa80000,0x00000000ee080000)
  from space 2048K, 98% used [0x00000000ee280000,0x00000000ee4786f8,0x00000000ee480000)
  to   space 2048K, 0% used [0x00000000ee080000,0x00000000ee080000,0x00000000ee280000)
 ParOldGen       total 35328K, used 12045K [0x00000000c0000000, 0x00000000c2280000, 0x00000000eaa80000)
  object space 35328K, 34% used [0x00000000c0000000,0x00000000c0bc3768,0x00000000c2280000)
 PSPermGen       total 21504K, used 6280K [0x00000000b5a00000, 0x00000000b6f00000, 0x00000000c0000000)
  object space 21504K, 29% used [0x00000000b5a00000,0x00000000b60222d0,0x00000000b6f00000)
}
Event: 26,403 GC heap before
{Heap before GC invocations=5 (full 0):
 PSYoungGen      total 57344K, used 57313K [0x00000000eaa80000, 0x00000000ee480000, 0x0000000100000000)
  eden space 55296K, 100% used [0x00000000eaa80000,0x00000000ee080000,0x00000000ee080000)
  from space 2048K, 98% used [0x00000000ee280000,0x00000000ee4786f8,0x00000000ee480000)
  to   space 2048K, 0% used [0x00000000ee080000,0x00000000ee080000,0x00000000ee280000)
 ParOldGen       total 35328K, used 12045K [0x00000000c0000000, 0x00000000c2280000, 0x00000000eaa80000)
  object space 35328K, 34% used [0x00000000c0000000,0x00000000c0bc3768,0x00000000c2280000)
 PSPermGen       total 21504K, used 6318K [0x00000000b5a00000, 0x00000000b6f00000, 0x00000000c0000000)
  object space 21504K, 29% used [0x00000000b5a00000,0x00000000b602ba10,0x00000000b6f00000)
Event: 26,626 GC heap after
Heap after GC invocations=5 (full 0):
 PSYoungGen      total 57344K, used 2017K [0x00000000eaa80000, 0x00000000f3080000, 0x0000000100000000)
  eden space 55296K, 0% used [0x00000000eaa80000,0x00000000eaa80000,0x00000000ee080000)
  from space 2048K, 98% used [0x00000000ee080000,0x00000000ee278718,0x00000000ee280000)
  to   space 13312K, 0% used [0x00000000f2380000,0x00000000f2380000,0x00000000f3080000)
 ParOldGen       total 35328K, used 20943K [0x00000000c0000000, 0x00000000c2280000, 0x00000000eaa80000)
  object space 35328K, 59% used [0x00000000c0000000,0x00000000c1473d40,0x00000000c2280000)
 PSPermGen       total 21504K, used 6318K [0x00000000b5a00000, 0x00000000b6f00000, 0x00000000c0000000)
  object space 21504K, 29% used [0x00000000b5a00000,0x00000000b602ba10,0x00000000b6f00000)
}
Event: 34,671 GC heap before
{Heap before GC invocations=6 (full 0):
 PSYoungGen      total 57344K, used 57313K [0x00000000eaa80000, 0x00000000f3080000, 0x0000000100000000)
  eden space 55296K, 100% used [0x00000000eaa80000,0x00000000ee080000,0x00000000ee080000)
  from space 2048K, 98% used [0x00000000ee080000,0x00000000ee278718,0x00000000ee280000)
  to   space 13312K, 0% used [0x00000000f2380000,0x00000000f2380000,0x00000000f3080000)
 ParOldGen       total 35328K, used 20943K [0x00000000c0000000, 0x00000000c2280000, 0x00000000eaa80000)
  object space 35328K, 59% used [0x00000000c0000000,0x00000000c1473d40,0x00000000c2280000)
 PSPermGen       total 21504K, used 6359K [0x00000000b5a00000, 0x00000000b6f00000, 0x00000000c0000000)
  object space 21504K, 29% used [0x00000000b5a00000,0x00000000b6035d78,0x00000000b6f00000)
Event: 34,903 GC heap after
Heap after GC invocations=6 (full 0):
 PSYoungGen      total 122368K, used 10749K [0x00000000eaa80000, 0x00000000f3380000, 0x0000000100000000)
  eden space 109056K, 0% used [0x00000000eaa80000,0x00000000eaa80000,0x00000000f1500000)
  from space 13312K, 80% used [0x00000000f2380000,0x00000000f2dff688,0x00000000f3080000)
  to   space 14848K, 0% used [0x00000000f1500000,0x00000000f1500000,0x00000000f2380000)
 ParOldGen       total 35328K, used 20943K [0x00000000c0000000, 0x00000000c2280000, 0x00000000eaa80000)
  object space 35328K, 59% used [0x00000000c0000000,0x00000000c1473d40,0x00000000c2280000)
 PSPermGen       total 21504K, used 6359K [0x00000000b5a00000, 0x00000000b6f00000, 0x00000000c0000000)
  object space 21504K, 29% used [0x00000000b5a00000,0x00000000b6035d78,0x00000000b6f00000)
}
Event: 46,981 GC heap before
{Heap before GC invocations=7 (full 0):
 PSYoungGen      total 122368K, used 119805K [0x00000000eaa80000, 0x00000000f3380000, 0x0000000100000000)
  eden space 109056K, 100% used [0x00000000eaa80000,0x00000000f1500000,0x00000000f1500000)
  from space 13312K, 80% used [0x00000000f2380000,0x00000000f2dff688,0x00000000f3080000)
  to   space 14848K, 0% used [0x00000000f1500000,0x00000000f1500000,0x00000000f2380000)
 ParOldGen       total 35328K, used 20943K [0x00000000c0000000, 0x00000000c2280000, 0x00000000eaa80000)
  object space 35328K, 59% used [0x00000000c0000000,0x00000000c1473d40,0x00000000c2280000)
 PSPermGen       total 21504K, used 6399K [0x00000000b5a00000, 0x00000000b6f00000, 0x00000000c0000000)
  object space 21504K, 29% used [0x00000000b5a00000,0x00000000b603fe68,0x00000000b6f00000)

Deoptimization events (10 events):
Event: 10,530 Thread 0x00007f6a541b9000 Uncommon trap: reason=unstable_if action=reinterpret pc=0x00007f6a51098874 method=com.android.dx.util.IntList.binarysearch(I)I @ 105
Event: 12,950 Thread 0x00007f6a541ba000 Uncommon trap: reason=unstable_if action=reinterpret pc=0x00007f6a510903ec method=com.android.dx.rop.code.RegisterSpec.equals(ILcom/android/dx/rop/type/TypeBearer;Lcom/android/dx/rop/code/LocalItem;)Z @ 42
Event: 31,387 Thread 0x00007f6a5400a800 Uncommon trap: reason=unloaded action=reinterpret pc=0x00007f6a510db2e4 method=com.android.dx.cf.cst.ConstantPoolParser.parse0(ILjava/util/BitSet;)Lcom/android/dx/rop/cst/Constant; @ 220
Event: 32,011 Thread 0x00007f6a541ba000 Uncommon trap: reason=unstable_if action=reinterpret pc=0x00007f6a510d4c50 method=com.android.dx.ssa.SCCP.simulateBranch(Lcom/android/dx/ssa/SsaInsn;)V @ 64
Event: 33,278 Thread 0x00007f6a541aa000 Uncommon trap: reason=null_check action=make_not_entrant pc=0x00007f6a5111f050 method=com.android.dx.cf.code.Ropper$CatchInfo.getSetup(Lcom/android/dx/rop/type/Type;)Lcom/android/dx/cf/code/Ropper$ExceptionHandlerSetup; @ 10
Event: 44,535 Thread 0x00007f6a541bc000 Uncommon trap: reason=bimorphic action=maybe_recompile pc=0x00007f6a5116c21c method=com.android.dx.cf.code.BytecodeArray.parseInstruction(ILcom/android/dx/cf/code/BytecodeArray$Visitor;)I @ 1161
Event: 44,536 Thread 0x00007f6a541bc000 Uncommon trap: reason=bimorphic action=maybe_recompile pc=0x00007f6a5116c21c method=com.android.dx.cf.code.BytecodeArray.parseInstruction(ILcom/android/dx/cf/code/BytecodeArray$Visitor;)I @ 1161
Event: 44,717 Thread 0x00007f6a541aa000 Uncommon trap: reason=bimorphic action=maybe_recompile pc=0x00007f6a5116da30 method=com.android.dx.cf.code.BytecodeArray.parseInstruction(ILcom/android/dx/cf/code/BytecodeArray$Visitor;)I @ 2135
Event: 44,752 Thread 0x00007f6a541aa000 Uncommon trap: reason=bimorphic action=maybe_recompile pc=0x00007f6a5116da30 method=com.android.dx.cf.code.BytecodeArray.parseInstruction(ILcom/android/dx/cf/code/BytecodeArray$Visitor;)I @ 2135
Event: 45,424 Thread 0x00007f6a541bc000 Uncommon trap: reason=unstable_if action=reinterpret pc=0x00007f6a510e7e28 method=com.android.dx.ssa.Dominators.run()V @ 346

Internal exceptions (10 events):
Event: 2,736 Thread 0x00007f6a541bc000 Threw 0x00000000eb48cf28 at /build/openjdk-7-9duhBW/openjdk-7-7u101-2.6.6/build/openjdk/hotspot/src/share/vm/prims/jvm.cpp:1322
Event: 2,745 Thread 0x00007f6a5400a800 Threw 0x00000000eb6a4c38 at /build/openjdk-7-9duhBW/openjdk-7-7u101-2.6.6/build/openjdk/hotspot/src/share/vm/prims/jvm.cpp:1322
Event: 2,747 Thread 0x00007f6a5400a800 Threw 0x00000000eb6a77b8 at /build/openjdk-7-9duhBW/openjdk-7-7u101-2.6.6/build/openjdk/hotspot/src/share/vm/prims/jvm.cpp:1322
Event: 3,245 Thread 0x00007f6a5400a800 Threw 0x00000000eabc5048 at /build/openjdk-7-9duhBW/openjdk-7-7u101-2.6.6/build/openjdk/hotspot/src/share/vm/prims/jvm.cpp:1322
Event: 5,409 Thread 0x00007f6a541bc000 Threw 0x00000000eb47fa68 at /build/openjdk-7-9duhBW/openjdk-7-7u101-2.6.6/build/openjdk/hotspot/src/share/vm/prims/jvm.cpp:1322
Event: 11,010 Thread 0x00007f6a5400a800 Threw 0x00000000eb671ed0 at /build/openjdk-7-9duhBW/openjdk-7-7u101-2.6.6/build/openjdk/hotspot/src/share/vm/prims/jvm.cpp:1322
Event: 11,374 Thread 0x00007f6a5400a800 Threw 0x00000000eb8ef870 at /build/openjdk-7-9duhBW/openjdk-7-7u101-2.6.6/build/openjdk/hotspot/src/share/vm/prims/jvm.cpp:1322
Event: 16,591 Thread 0x00007f6a541ba000 Threw 0x00000000eb68a3e8 at /build/openjdk-7-9duhBW/openjdk-7-7u101-2.6.6/build/openjdk/hotspot/src/share/vm/prims/jvm.cpp:1322
Event: 33,278 Thread 0x00007f6a541aa000 Implicit null exception at 0x00007f6a5111b335 to 0x00007f6a5111f025
Event: 35,972 Thread 0x00007f6a5400a800 Threw 0x00000000eb2a4ef0 at /build/openjdk-7-9duhBW/openjdk-7-7u101-2.6.6/build/openjdk/hotspot/src/share/vm/prims/jvm.cpp:1322

Events (10 events):
Event: 44,717 Thread 0x00007f6a541aa000 Uncommon trap: trap_request=0xffffffc6 fr.pc=0x00007f6a5116da30
Event: 44,717 Thread 0x00007f6a541aa000 DEOPT PACKING pc=0x00007f6a5116da30 sp=0x00007f6a1fbb8030
Event: 44,717 Thread 0x00007f6a541aa000 DEOPT UNPACKING pc=0x00007f6a51039045 sp=0x00007f6a1fbb7ff0 mode 2
Event: 44,752 Thread 0x00007f6a541aa000 Uncommon trap: trap_request=0xffffffc6 fr.pc=0x00007f6a5116da30
Event: 44,752 Thread 0x00007f6a541aa000 DEOPT PACKING pc=0x00007f6a5116da30 sp=0x00007f6a1fbb8000
Event: 44,760 Thread 0x00007f6a541aa000 DEOPT UNPACKING pc=0x00007f6a51039045 sp=0x00007f6a1fbb7fc0 mode 2
Event: 45,424 Thread 0x00007f6a541bc000 Uncommon trap: trap_request=0xffffff75 fr.pc=0x00007f6a510e7e28
Event: 45,424 Thread 0x00007f6a541bc000 DEOPT PACKING pc=0x00007f6a510e7e28 sp=0x00007f6a1f7b4060
Event: 45,424 Thread 0x00007f6a541bc000 DEOPT UNPACKING pc=0x00007f6a51039045 sp=0x00007f6a1f7b4078 mode 2
Event: 46,963 Executing VM operation: ParallelGCFailedAllocation


Dynamic libraries:
00400000-00401000 r-xp 00000000 08:06 795899                             /usr/lib/jvm/java-7-openjdk-amd64/jre/bin/java
00600000-00601000 r--p 00000000 08:06 795899                             /usr/lib/jvm/java-7-openjdk-amd64/jre/bin/java
00601000-00602000 rw-p 00001000 08:06 795899                             /usr/lib/jvm/java-7-openjdk-amd64/jre/bin/java
0077c000-0079d000 rw-p 00000000 00:00 0                                  [heap]
b5a00000-b6f00000 rw-p 00000000 00:00 0 
b6f00000-c0000000 rw-p 00000000 00:00 0 
c0000000-c2280000 rw-p 00000000 00:00 0 
c2280000-eaa80000 rw-p 00000000 00:00 0 
eaa80000-f3380000 rw-p 00000000 00:00 0 
faf80000-100000000 rw-p 00000000 00:00 0 
7f6a04000000-7f6a04029000 rw-p 00000000 00:00 0 
7f6a04029000-7f6a08000000 ---p 00000000 00:00 0 
7f6a08000000-7f6a08021000 rw-p 00000000 00:00 0 
7f6a08021000-7f6a0c000000 ---p 00000000 00:00 0 
7f6a0c000000-7f6a0c021000 rw-p 00000000 00:00 0 
7f6a0c021000-7f6a10000000 ---p 00000000 00:00 0 
7f6a10000000-7f6a10021000 rw-p 00000000 00:00 0 
7f6a10021000-7f6a14000000 ---p 00000000 00:00 0 
7f6a14000000-7f6a1403b000 rw-p 00000000 00:00 0 
7f6a1403b000-7f6a18000000 ---p 00000000 00:00 0 
7f6a18000000-7f6a18021000 rw-p 00000000 00:00 0 
7f6a18021000-7f6a1c000000 ---p 00000000 00:00 0 
7f6a1f6b5000-7f6a1f6b8000 ---p 00000000 00:00 0 
7f6a1f6b8000-7f6a1f7b6000 rw-p 00000000 00:00 0 
7f6a1f7b6000-7f6a1f7b9000 ---p 00000000 00:00 0 
7f6a1f7b9000-7f6a1f8b7000 rw-p 00000000 00:00 0 
7f6a1f8b7000-7f6a1f8ba000 ---p 00000000 00:00 0 
7f6a1f8ba000-7f6a1f9b8000 rw-p 00000000 00:00 0 
7f6a1f9b8000-7f6a1f9bb000 ---p 00000000 00:00 0 
7f6a1f9bb000-7f6a1fab9000 rw-p 00000000 00:00 0 
7f6a1fab9000-7f6a1fabc000 ---p 00000000 00:00 0 
7f6a1fabc000-7f6a1fbba000 rw-p 00000000 00:00 0 
7f6a1fbba000-7f6a1fbf7000 r-xp 00000000 08:06 1440198                    /lib/x86_64-linux-gnu/libpcre.so.3.13.1
7f6a1fbf7000-7f6a1fdf6000 ---p 0003d000 08:06 1440198                    /lib/x86_64-linux-gnu/libpcre.so.3.13.1
7f6a1fdf6000-7f6a1fdf7000 r--p 0003c000 08:06 1440198                    /lib/x86_64-linux-gnu/libpcre.so.3.13.1
7f6a1fdf7000-7f6a1fdf8000 rw-p 0003d000 08:06 1440198                    /lib/x86_64-linux-gnu/libpcre.so.3.13.1
7f6a1fdf8000-7f6a1fdff000 r-xp 00000000 08:06 523646                     /usr/lib/x86_64-linux-gnu/libffi.so.6.0.1
7f6a1fdff000-7f6a1fffe000 ---p 00007000 08:06 523646                     /usr/lib/x86_64-linux-gnu/libffi.so.6.0.1
7f6a1fffe000-7f6a1ffff000 r--p 00006000 08:06 523646                     /usr/lib/x86_64-linux-gnu/libffi.so.6.0.1
7f6a1ffff000-7f6a20000000 rw-p 00007000 08:06 523646                     /usr/lib/x86_64-linux-gnu/libffi.so.6.0.1
7f6a20000000-7f6a21706000 rw-p 00000000 00:00 0 
7f6a21706000-7f6a24000000 ---p 00000000 00:00 0 
7f6a24000000-7f6a24021000 rw-p 00000000 00:00 0 
7f6a24021000-7f6a28000000 ---p 00000000 00:00 0 
7f6a28000000-7f6a28021000 rw-p 00000000 00:00 0 
7f6a28021000-7f6a2c000000 ---p 00000000 00:00 0 
7f6a2c000000-7f6a2d967000 rw-p 00000000 00:00 0 
7f6a2d967000-7f6a30000000 ---p 00000000 00:00 0 
7f6a30000000-7f6a30021000 rw-p 00000000 00:00 0 
7f6a30021000-7f6a34000000 ---p 00000000 00:00 0 
7f6a34000000-7f6a34021000 rw-p 00000000 00:00 0 
7f6a34021000-7f6a38000000 ---p 00000000 00:00 0 
7f6a38000000-7f6a38021000 rw-p 00000000 00:00 0 
7f6a38021000-7f6a3c000000 ---p 00000000 00:00 0 
7f6a3c000000-7f6a3c021000 rw-p 00000000 00:00 0 
7f6a3c021000-7f6a40000000 ---p 00000000 00:00 0 
7f6a40000000-7f6a40021000 rw-p 00000000 00:00 0 
7f6a40021000-7f6a44000000 ---p 00000000 00:00 0 
7f6a44000000-7f6a44021000 rw-p 00000000 00:00 0 
7f6a44021000-7f6a48000000 ---p 00000000 00:00 0 
7f6a48000000-7f6a48021000 rw-p 00000000 00:00 0 
7f6a48021000-7f6a4c000000 ---p 00000000 00:00 0 
7f6a4c054000-7f6a4c05b000 r--s 00000000 08:06 660065                     /usr/lib/x86_64-linux-gnu/gconv/gconv-modules.cache
7f6a4c05b000-7f6a4c08c000 rw-p 00000000 00:00 0 
7f6a4c08c000-7f6a4c0a3000 r-xp 00000000 08:06 1446787                    /lib/x86_64-linux-gnu/libresolv-2.19.so
7f6a4c0a3000-7f6a4c2a3000 ---p 00017000 08:06 1446787                    /lib/x86_64-linux-gnu/libresolv-2.19.so
7f6a4c2a3000-7f6a4c2a4000 r--p 00017000 08:06 1446787                    /lib/x86_64-linux-gnu/libresolv-2.19.so
7f6a4c2a4000-7f6a4c2a5000 rw-p 00018000 08:06 1446787                    /lib/x86_64-linux-gnu/libresolv-2.19.so
7f6a4c2a5000-7f6a4c2a7000 rw-p 00000000 00:00 0 
7f6a4c2a7000-7f6a4c2c7000 r-xp 00000000 08:06 1443709                    /lib/x86_64-linux-gnu/libselinux.so.1
7f6a4c2c7000-7f6a4c4c6000 ---p 00020000 08:06 1443709                    /lib/x86_64-linux-gnu/libselinux.so.1
7f6a4c4c6000-7f6a4c4c7000 r--p 0001f000 08:06 1443709                    /lib/x86_64-linux-gnu/libselinux.so.1
7f6a4c4c7000-7f6a4c4c8000 rw-p 00020000 08:06 1443709                    /lib/x86_64-linux-gnu/libselinux.so.1
7f6a4c4c8000-7f6a4c4ca000 rw-p 00000000 00:00 0 
7f6a4c4ca000-7f6a4c4cd000 r-xp 00000000 08:06 531295                     /usr/lib/x86_64-linux-gnu/libgmodule-2.0.so.0.4002.0
7f6a4c4cd000-7f6a4c6cc000 ---p 00003000 08:06 531295                     /usr/lib/x86_64-linux-gnu/libgmodule-2.0.so.0.4002.0
7f6a4c6cc000-7f6a4c6cd000 r--p 00002000 08:06 531295                     /usr/lib/x86_64-linux-gnu/libgmodule-2.0.so.0.4002.0
7f6a4c6cd000-7f6a4c6ce000 rw-p 00003000 08:06 531295                     /usr/lib/x86_64-linux-gnu/libgmodule-2.0.so.0.4002.0
7f6a4c6ce000-7f6a4c7d4000 r-xp 00000000 08:06 1443610                    /lib/x86_64-linux-gnu/libglib-2.0.so.0.4002.0
7f6a4c7d4000-7f6a4c9d3000 ---p 00106000 08:06 1443610                    /lib/x86_64-linux-gnu/libglib-2.0.so.0.4002.0
7f6a4c9d3000-7f6a4c9d4000 r--p 00105000 08:06 1443610                    /lib/x86_64-linux-gnu/libglib-2.0.so.0.4002.0
7f6a4c9d4000-7f6a4c9d5000 rw-p 00106000 08:06 1443610                    /lib/x86_64-linux-gnu/libglib-2.0.so.0.4002.0
7f6a4c9d5000-7f6a4c9d6000 rw-p 00000000 00:00 0 
7f6a4c9d6000-7f6a4ca25000 r-xp 00000000 08:06 531307                     /usr/lib/x86_64-linux-gnu/libgobject-2.0.so.0.4002.0
7f6a4ca25000-7f6a4cc25000 ---p 0004f000 08:06 531307                     /usr/lib/x86_64-linux-gnu/libgobject-2.0.so.0.4002.0
7f6a4cc25000-7f6a4cc26000 r--p 0004f000 08:06 531307                     /usr/lib/x86_64-linux-gnu/libgobject-2.0.so.0.4002.0
7f6a4cc26000-7f6a4cc27000 rw-p 00050000 08:06 531307                     /usr/lib/x86_64-linux-gnu/libgobject-2.0.so.0.4002.0
7f6a4cc27000-7f6a4cd93000 r-xp 00000000 08:06 531285                     /usr/lib/x86_64-linux-gnu/libgio-2.0.so.0.4002.0
7f6a4cd93000-7f6a4cf92000 ---p 0016c000 08:06 531285                     /usr/lib/x86_64-linux-gnu/libgio-2.0.so.0.4002.0
7f6a4cf92000-7f6a4cf96000 r--p 0016b000 08:06 531285                     /usr/lib/x86_64-linux-gnu/libgio-2.0.so.0.4002.0
7f6a4cf96000-7f6a4cf98000 rw-p 0016f000 08:06 531285                     /usr/lib/x86_64-linux-gnu/libgio-2.0.so.0.4002.0
7f6a4cf98000-7f6a4cf9a000 rw-p 00000000 00:00 0 
7f6a4cf9a000-7f6a4cfb1000 r-xp 00000000 08:06 799168                     /usr/lib/jvm/java-7-openjdk-amd64/jre/lib/amd64/libnet.so
7f6a4cfb1000-7f6a4d1b0000 ---p 00017000 08:06 799168                     /usr/lib/jvm/java-7-openjdk-amd64/jre/lib/amd64/libnet.so
7f6a4d1b0000-7f6a4d1b1000 r--p 00016000 08:06 799168                     /usr/lib/jvm/java-7-openjdk-amd64/jre/lib/amd64/libnet.so
7f6a4d1b1000-7f6a4d1b2000 rw-p 00017000 08:06 799168                     /usr/lib/jvm/java-7-openjdk-amd64/jre/lib/amd64/libnet.so
7f6a4d1b2000-7f6a4d1c2000 r-xp 00000000 08:06 806319                     /usr/lib/jvm/java-7-openjdk-amd64/jre/lib/amd64/libnio.so
7f6a4d1c2000-7f6a4d3c2000 ---p 00010000 08:06 806319                     /usr/lib/jvm/java-7-openjdk-amd64/jre/lib/amd64/libnio.so
7f6a4d3c2000-7f6a4d3c3000 r--p 00010000 08:06 806319                     /usr/lib/jvm/java-7-openjdk-amd64/jre/lib/amd64/libnio.so
7f6a4d3c3000-7f6a4d3c4000 rw-p 00011000 08:06 806319                     /usr/lib/jvm/java-7-openjdk-amd64/jre/lib/amd64/libnio.so
7f6a4d3c4000-7f6a4d3c5000 ---p 00000000 00:00 0 
7f6a4d3c5000-7f6a4d4c5000 rw-p 00000000 00:00 0 
7f6a4d4c5000-7f6a4d4c8000 ---p 00000000 00:00 0 
7f6a4d4c8000-7f6a4d5c6000 rw-p 00000000 00:00 0 
7f6a4d5c6000-7f6a4d5c9000 ---p 00000000 00:00 0 
7f6a4d5c9000-7f6a4d6c7000 rw-p 00000000 00:00 0 
7f6a4d6c7000-7f6a4d6ca000 ---p 00000000 00:00 0 
7f6a4d6ca000-7f6a4d7c8000 rw-p 00000000 00:00 0 
7f6a4d7c8000-7f6a4d7cb000 ---p 00000000 00:00 0 
7f6a4d7cb000-7f6a4d8c9000 rw-p 00000000 00:00 0 
7f6a4d8c9000-7f6a4e3c9000 r--p 00000000 08:06 528122                     /usr/lib/locale/locale-archive
7f6a4e3c9000-7f6a4e3cc000 ---p 00000000 00:00 0 
7f6a4e3cc000-7f6a4e4ca000 rw-p 00000000 00:00 0 
7f6a4e4ca000-7f6a4e4cd000 ---p 00000000 00:00 0 
7f6a4e4cd000-7f6a4e5cb000 rw-p 00000000 00:00 0 
7f6a4e5cb000-7f6a4e5cc000 ---p 00000000 00:00 0 
7f6a4e5cc000-7f6a51000000 rw-p 00000000 00:00 0 
7f6a51000000-7f6a51270000 rwxp 00000000 00:00 0 
7f6a51270000-7f6a541da000 rw-p 00000000 00:00 0 
7f6a541da000-7f6a58000000 ---p 00000000 00:00 0 
7f6a58002000-7f6a58031000 r--p 00000000 08:06 800728                     /usr/share/locale-langpack/ru/LC_MESSAGES/libc.mo
7f6a58031000-7f6a58047000 r--s 000f1000 00:1d 1845354                    /home/thedragonspb/AndroidStudioProjects/ComplexCalc3/app/build/intermediates/exploded-aar/com.android.support/support-v4/23.3.0/jars/classes.jar
7f6a58047000-7f6a58056000 r--s 000df000 00:1d 1343636                    /home/thedragonspb/Android/Sdk/build-tools/23.0.3/lib/dx.jar
7f6a58056000-7f6a58059000 r--s 0000f000 08:06 806346                     /usr/lib/jvm/java-7-openjdk-amd64/jre/lib/ext/icedtea-sound.jar
7f6a58059000-7f6a58c52000 rw-p 00000000 00:00 0 
7f6a58c52000-7f6a58e04000 r--s 01d32000 08:06 806333                     /usr/lib/jvm/java-7-openjdk-amd64/jre/lib/rt.jar
7f6a58e04000-7f6a59150000 rw-p 00000000 00:00 0 
7f6a59150000-7f6a59151000 ---p 00000000 00:00 0 
7f6a59151000-7f6a59251000 rw-p 00000000 00:00 0 
7f6a59251000-7f6a59252000 ---p 00000000 00:00 0 
7f6a59252000-7f6a59352000 rw-p 00000000 00:00 0 
7f6a59352000-7f6a59353000 ---p 00000000 00:00 0 
7f6a59353000-7f6a59453000 rw-p 00000000 00:00 0 
7f6a59453000-7f6a59454000 ---p 00000000 00:00 0 
7f6a59454000-7f6a5955f000 rw-p 00000000 00:00 0 
7f6a5955f000-7f6a595a7000 rw-p 00000000 00:00 0 
7f6a595a7000-7f6a595b9000 rw-p 00000000 00:00 0 
7f6a595b9000-7f6a596fd000 rw-p 00000000 00:00 0 
7f6a596fd000-7f6a59708000 rw-p 00000000 00:00 0 
7f6a59708000-7f6a59750000 rw-p 00000000 00:00 0 
7f6a59750000-7f6a59762000 rw-p 00000000 00:00 0 
7f6a59762000-7f6a598a5000 rw-p 00000000 00:00 0 
7f6a598a5000-7f6a598ea000 rw-p 00000000 00:00 0 
7f6a598ea000-7f6a59950000 rw-p 00000000 00:00 0 
7f6a59950000-7f6a59951000 rw-p 00000000 00:00 0 
7f6a59951000-7f6a59959000 r-xp 00000000 08:06 806301                     /usr/lib/jvm/java-7-openjdk-amd64/jre/lib/amd64/libzip.so
7f6a59959000-7f6a59b58000 ---p 00008000 08:06 806301                     /usr/lib/jvm/java-7-openjdk-amd64/jre/lib/amd64/libzip.so
7f6a59b58000-7f6a59b59000 r--p 00007000 08:06 806301                     /usr/lib/jvm/java-7-openjdk-amd64/jre/lib/amd64/libzip.so
7f6a59b59000-7f6a59b5a000 rw-p 00008000 08:06 806301                     /usr/lib/jvm/java-7-openjdk-amd64/jre/lib/amd64/libzip.so
7f6a59b5a000-7f6a59b65000 r-xp 00000000 08:06 1447429                    /lib/x86_64-linux-gnu/libnss_files-2.19.so
7f6a59b65000-7f6a59d64000 ---p 0000b000 08:06 1447429                    /lib/x86_64-linux-gnu/libnss_files-2.19.so
7f6a59d64000-7f6a59d65000 r--p 0000a000 08:06 1447429                    /lib/x86_64-linux-gnu/libnss_files-2.19.so
7f6a59d65000-7f6a59d66000 rw-p 0000b000 08:06 1447429                    /lib/x86_64-linux-gnu/libnss_files-2.19.so
7f6a59d66000-7f6a59d71000 r-xp 00000000 08:06 1447421                    /lib/x86_64-linux-gnu/libnss_nis-2.19.so
7f6a59d71000-7f6a59f70000 ---p 0000b000 08:06 1447421                    /lib/x86_64-linux-gnu/libnss_nis-2.19.so
7f6a59f70000-7f6a59f71000 r--p 0000a000 08:06 1447421                    /lib/x86_64-linux-gnu/libnss_nis-2.19.so
7f6a59f71000-7f6a59f72000 rw-p 0000b000 08:06 1447421                    /lib/x86_64-linux-gnu/libnss_nis-2.19.so
7f6a59f72000-7f6a59f89000 r-xp 00000000 08:06 1447417                    /lib/x86_64-linux-gnu/libnsl-2.19.so
7f6a59f89000-7f6a5a188000 ---p 00017000 08:06 1447417                    /lib/x86_64-linux-gnu/libnsl-2.19.so
7f6a5a188000-7f6a5a189000 r--p 00016000 08:06 1447417                    /lib/x86_64-linux-gnu/libnsl-2.19.so
7f6a5a189000-7f6a5a18a000 rw-p 00017000 08:06 1447417                    /lib/x86_64-linux-gnu/libnsl-2.19.so
7f6a5a18a000-7f6a5a18c000 rw-p 00000000 00:00 0 
7f6a5a18c000-7f6a5a195000 r-xp 00000000 08:06 1447416                    /lib/x86_64-linux-gnu/libnss_compat-2.19.so
7f6a5a195000-7f6a5a394000 ---p 00009000 08:06 1447416                    /lib/x86_64-linux-gnu/libnss_compat-2.19.so
7f6a5a394000-7f6a5a395000 r--p 00008000 08:06 1447416                    /lib/x86_64-linux-gnu/libnss_compat-2.19.so
7f6a5a395000-7f6a5a396000 rw-p 00009000 08:06 1447416                    /lib/x86_64-linux-gnu/libnss_compat-2.19.so
7f6a5a396000-7f6a5a3c1000 r-xp 00000000 08:06 799049                     /usr/lib/jvm/java-7-openjdk-amd64/jre/lib/amd64/libjava.so
7f6a5a3c1000-7f6a5a5c1000 ---p 0002b000 08:06 799049                     /usr/lib/jvm/java-7-openjdk-amd64/jre/lib/amd64/libjava.so
7f6a5a5c1000-7f6a5a5c2000 r--p 0002b000 08:06 799049                     /usr/lib/jvm/java-7-openjdk-amd64/jre/lib/amd64/libjava.so
7f6a5a5c2000-7f6a5a5c4000 rw-p 0002c000 08:06 799049                     /usr/lib/jvm/java-7-openjdk-amd64/jre/lib/amd64/libjava.so
7f6a5a5c4000-7f6a5a5d4000 r-xp 00000000 08:06 799050                     /usr/lib/jvm/java-7-openjdk-amd64/jre/lib/amd64/libverify.so
7f6a5a5d4000-7f6a5a7d3000 ---p 00010000 08:06 799050                     /usr/lib/jvm/java-7-openjdk-amd64/jre/lib/amd64/libverify.so
7f6a5a7d3000-7f6a5a7d5000 r--p 0000f000 08:06 799050                     /usr/lib/jvm/java-7-openjdk-amd64/jre/lib/amd64/libverify.so
7f6a5a7d5000-7f6a5a7d6000 rw-p 00011000 08:06 799050                     /usr/lib/jvm/java-7-openjdk-amd64/jre/lib/amd64/libverify.so
7f6a5a7d6000-7f6a5a7dd000 r-xp 00000000 08:06 1447425                    /lib/x86_64-linux-gnu/librt-2.19.so
7f6a5a7dd000-7f6a5a9dc000 ---p 00007000 08:06 1447425                    /lib/x86_64-linux-gnu/librt-2.19.so
7f6a5a9dc000-7f6a5a9dd000 r--p 00006000 08:06 1447425                    /lib/x86_64-linux-gnu/librt-2.19.so
7f6a5a9dd000-7f6a5a9de000 rw-p 00007000 08:06 1447425                    /lib/x86_64-linux-gnu/librt-2.19.so
7f6a5a9de000-7f6a5a9f4000 r-xp 00000000 08:06 1443556                    /lib/x86_64-linux-gnu/libgcc_s.so.1
7f6a5a9f4000-7f6a5abf3000 ---p 00016000 08:06 1443556                    /lib/x86_64-linux-gnu/libgcc_s.so.1
7f6a5abf3000-7f6a5abf4000 rw-p 00015000 08:06 1443556                    /lib/x86_64-linux-gnu/libgcc_s.so.1
7f6a5abf4000-7f6a5acf9000 r-xp 00000000 08:06 1447411                    /lib/x86_64-linux-gnu/libm-2.19.so
7f6a5acf9000-7f6a5aef8000 ---p 00105000 08:06 1447411                    /lib/x86_64-linux-gnu/libm-2.19.so
7f6a5aef8000-7f6a5aef9000 r--p 00104000 08:06 1447411                    /lib/x86_64-linux-gnu/libm-2.19.so
7f6a5aef9000-7f6a5aefa000 rw-p 00105000 08:06 1447411                    /lib/x86_64-linux-gnu/libm-2.19.so
7f6a5aefa000-7f6a5afe0000 r-xp 00000000 08:06 523292                     /usr/lib/x86_64-linux-gnu/libstdc++.so.6.0.19
7f6a5afe0000-7f6a5b1df000 ---p 000e6000 08:06 523292                     /usr/lib/x86_64-linux-gnu/libstdc++.so.6.0.19
7f6a5b1df000-7f6a5b1e7000 r--p 000e5000 08:06 523292                     /usr/lib/x86_64-linux-gnu/libstdc++.so.6.0.19
7f6a5b1e7000-7f6a5b1e9000 rw-p 000ed000 08:06 523292                     /usr/lib/x86_64-linux-gnu/libstdc++.so.6.0.19
7f6a5b1e9000-7f6a5b1fe000 rw-p 00000000 00:00 0 
7f6a5b1fe000-7f6a5bd23000 r-xp 00000000 08:06 805879                     /usr/lib/jvm/java-7-openjdk-amd64/jre/lib/amd64/server/libjvm.so
7f6a5bd23000-7f6a5bf23000 ---p 00b25000 08:06 805879                     /usr/lib/jvm/java-7-openjdk-amd64/jre/lib/amd64/server/libjvm.so
7f6a5bf23000-7f6a5bfbd000 r--p 00b25000 08:06 805879                     /usr/lib/jvm/java-7-openjdk-amd64/jre/lib/amd64/server/libjvm.so
7f6a5bfbd000-7f6a5bfe0000 rw-p 00bbf000 08:06 805879                     /usr/lib/jvm/java-7-openjdk-amd64/jre/lib/amd64/server/libjvm.so
7f6a5bfe0000-7f6a5c00f000 rw-p 00000000 00:00 0 
7f6a5c00f000-7f6a5c027000 r-xp 00000000 08:06 1443740                    /lib/x86_64-linux-gnu/libz.so.1.2.8
7f6a5c027000-7f6a5c226000 ---p 00018000 08:06 1443740                    /lib/x86_64-linux-gnu/libz.so.1.2.8
7f6a5c226000-7f6a5c227000 r--p 00017000 08:06 1443740                    /lib/x86_64-linux-gnu/libz.so.1.2.8
7f6a5c227000-7f6a5c228000 rw-p 00018000 08:06 1443740                    /lib/x86_64-linux-gnu/libz.so.1.2.8
7f6a5c228000-7f6a5c241000 r-xp 00000000 08:06 1447418                    /lib/x86_64-linux-gnu/libpthread-2.19.so
7f6a5c241000-7f6a5c440000 ---p 00019000 08:06 1447418                    /lib/x86_64-linux-gnu/libpthread-2.19.so
7f6a5c440000-7f6a5c441000 r--p 00018000 08:06 1447418                    /lib/x86_64-linux-gnu/libpthread-2.19.so
7f6a5c441000-7f6a5c442000 rw-p 00019000 08:06 1447418                    /lib/x86_64-linux-gnu/libpthread-2.19.so
7f6a5c442000-7f6a5c446000 rw-p 00000000 00:00 0 
7f6a5c446000-7f6a5c449000 r-xp 00000000 08:06 1447413                    /lib/x86_64-linux-gnu/libdl-2.19.so
7f6a5c449000-7f6a5c648000 ---p 00003000 08:06 1447413                    /lib/x86_64-linux-gnu/libdl-2.19.so
7f6a5c648000-7f6a5c649000 r--p 00002000 08:06 1447413                    /lib/x86_64-linux-gnu/libdl-2.19.so
7f6a5c649000-7f6a5c64a000 rw-p 00003000 08:06 1447413                    /lib/x86_64-linux-gnu/libdl-2.19.so
7f6a5c64a000-7f6a5c805000 r-xp 00000000 08:06 1447426                    /lib/x86_64-linux-gnu/libc-2.19.so
7f6a5c805000-7f6a5ca04000 ---p 001bb000 08:06 1447426                    /lib/x86_64-linux-gnu/libc-2.19.so
7f6a5ca04000-7f6a5ca08000 r--p 001ba000 08:06 1447426                    /lib/x86_64-linux-gnu/libc-2.19.so
7f6a5ca08000-7f6a5ca0a000 rw-p 001be000 08:06 1447426                    /lib/x86_64-linux-gnu/libc-2.19.so
7f6a5ca0a000-7f6a5ca0f000 rw-p 00000000 00:00 0 
7f6a5ca0f000-7f6a5ca1c000 r-xp 00000000 08:06 806316                     /usr/lib/jvm/java-7-openjdk-amd64/jre/lib/amd64/jli/libjli.so
7f6a5ca1c000-7f6a5cc1b000 ---p 0000d000 08:06 806316                     /usr/lib/jvm/java-7-openjdk-amd64/jre/lib/amd64/jli/libjli.so
7f6a5cc1b000-7f6a5cc1c000 r--p 0000c000 08:06 806316                     /usr/lib/jvm/java-7-openjdk-amd64/jre/lib/amd64/jli/libjli.so
7f6a5cc1c000-7f6a5cc1d000 rw-p 0000d000 08:06 806316                     /usr/lib/jvm/java-7-openjdk-amd64/jre/lib/amd64/jli/libjli.so
7f6a5cc1d000-7f6a5cc40000 r-xp 00000000 08:06 1447419                    /lib/x86_64-linux-gnu/ld-2.19.so
7f6a5cc42000-7f6a5cc64000 rw-p 00000000 00:00 0 
7f6a5cc64000-7f6a5cd1a000 rw-p 00000000 00:00 0 
7f6a5cd1a000-7f6a5cd1d000 ---p 00000000 00:00 0 
7f6a5cd1d000-7f6a5ce20000 rw-p 00000000 00:00 0 
7f6a5ce21000-7f6a5ce22000 rw-p 00000000 00:00 0 
7f6a5ce22000-7f6a5ce26000 r--s 00034000 08:06 806345                     /usr/lib/jvm/java-7-openjdk-amd64/jre/lib/ext/sunjce_provider.jar
7f6a5ce26000-7f6a5ce28000 r--s 00012000 08:06 806344                     /usr/lib/jvm/java-7-openjdk-amd64/jre/lib/ext/zipfs.jar
7f6a5ce28000-7f6a5ce2a000 r--s 00006000 08:06 807305                     /usr/share/java/java-atk-wrapper.jar
7f6a5ce2a000-7f6a5ce2e000 r--s 00085000 08:06 806347                     /usr/lib/jvm/java-7-openjdk-amd64/jre/lib/ext/localedata.jar
7f6a5ce2e000-7f6a5ce2f000 r--s 00002000 08:06 806343                     /usr/lib/jvm/java-7-openjdk-amd64/jre/lib/ext/dnsns.jar
7f6a5ce2f000-7f6a5ce33000 r--s 0003c000 08:06 806348                     /usr/lib/jvm/java-7-openjdk-amd64/jre/lib/ext/sunpkcs11.jar
7f6a5ce33000-7f6a5ce3b000 rw-s 00000000 08:06 796281                     /tmp/hsperfdata_thedragonspb/10466
7f6a5ce3b000-7f6a5ce3c000 rw-p 00000000 00:00 0 
7f6a5ce3c000-7f6a5ce3d000 ---p 00000000 00:00 0 
7f6a5ce3d000-7f6a5ce3f000 rw-p 00000000 00:00 0 
7f6a5ce3f000-7f6a5ce40000 r--p 00022000 08:06 1447419                    /lib/x86_64-linux-gnu/ld-2.19.so
7f6a5ce40000-7f6a5ce41000 rw-p 00023000 08:06 1447419                    /lib/x86_64-linux-gnu/ld-2.19.so
7f6a5ce41000-7f6a5ce42000 rw-p 00000000 00:00 0 
7fff262ff000-7fff26320000 rw-p 00000000 00:00 0                          [stack]
7fff2632e000-7fff26330000 r--p 00000000 00:00 0                          [vvar]
7fff26330000-7fff26332000 r-xp 00000000 00:00 0                          [vdso]
ffffffffff600000-ffffffffff601000 r-xp 00000000 00:00 0                  [vsyscall]

VM Arguments:
jvm_args: -Djava.awt.headless=true -Xmx1024M -Dfile.encoding=UTF-8 -Duser.country=RU -Duser.language=ru -Duser.variant 
java_command: com.android.dx.command.Main --dex --force-jumbo --num-threads=4 --output /home/thedragonspb/AndroidStudioProjects/ComplexCalc3/app/build/intermediates/pre-dexed/debug/com.android.support-support-v4-23.3.0_8fa9546de7217f5729dbfe1cb521bae565b11ec5.jar /home/thedragonspb/AndroidStudioProjects/ComplexCalc3/app/build/intermediates/exploded-aar/com.android.support/support-v4/23.3.0/jars/classes.jar
Launcher Type: SUN_STANDARD

Environment Variables:
PATH=/usr/local/sbin:/usr/local/bin:/usr/sbin:/usr/bin:/sbin:/bin:/usr/games:/usr/local/games
LD_LIBRARY_PATH=.:
SHELL=/bin/bash
DISPLAY=:0.0

Signal Handlers:
SIGSEGV: [libjvm.so+0x9561e0], sa_mask[0]=0x7ffbfeff, sa_flags=0x10000004
SIGBUS: [libjvm.so+0x9561e0], sa_mask[0]=0x7ffbfeff, sa_flags=0x10000004
SIGFPE: [libjvm.so+0x7cc4d0], sa_mask[0]=0x7ffbfeff, sa_flags=0x10000004
SIGPIPE: [libjvm.so+0x7cc4d0], sa_mask[0]=0x7ffbfeff, sa_flags=0x10000004
SIGXFSZ: [libjvm.so+0x7cc4d0], sa_mask[0]=0x7ffbfeff, sa_flags=0x10000004
SIGILL: [libjvm.so+0x7cc4d0], sa_mask[0]=0x7ffbfeff, sa_flags=0x10000004
SIGUSR1: SIG_DFL, sa_mask[0]=0x00000000, sa_flags=0x00000000
SIGUSR2: [libjvm.so+0x7cc370], sa_mask[0]=0x00000004, sa_flags=0x10000004
SIGHUP: [libjvm.so+0x7cc550], sa_mask[0]=0x7ffbfeff, sa_flags=0x10000004
SIGINT: [libjvm.so+0x7cc550], sa_mask[0]=0x7ffbfeff, sa_flags=0x10000004
SIGTERM: [libjvm.so+0x7cc550], sa_mask[0]=0x7ffbfeff, sa_flags=0x10000004
SIGQUIT: [libjvm.so+0x7cc550], sa_mask[0]=0x7ffbfeff, sa_flags=0x10000004
SIGTRAP: SIG_DFL, sa_mask[0]=0x00000000, sa_flags=0x00000000


---------------  S Y S T E M  ---------------

OS:Ubuntu 14.04 (trusty)
uname:Linux 3.19.0-59-generic #65~14.04.1-Ubuntu SMP Tue Apr 19 18:57:09 UTC 2016 x86_64
libc:glibc 2.19 NPTL 2.19 
rlimit: STACK 8192k, CORE 0k, NPROC 12989, NOFILE 4096, AS infinity
load average:15,67 7,33 3,75

/proc/meminfo:
MemTotal:        3409948 kB
MemFree:          107240 kB
MemAvailable:      47716 kB
Buffers:             384 kB
Cached:            58644 kB
SwapCached:            0 kB
Active:          3057812 kB
Inactive:          50224 kB
Active(anon):    3049680 kB
Inactive(anon):    42252 kB
Active(file):       8132 kB
Inactive(file):     7972 kB
Unevictable:          88 kB
Mlocked:              88 kB
SwapTotal:             0 kB
SwapFree:              0 kB
Dirty:               212 kB
Writeback:             0 kB
AnonPages:       3048232 kB
Mapped:            55784 kB
Shmem:             43848 kB
Slab:              80044 kB
SReclaimable:      33780 kB
SUnreclaim:        46264 kB
KernelStack:       10144 kB
PageTables:        42016 kB
NFS_Unstable:          0 kB
Bounce:                0 kB
WritebackTmp:          0 kB
CommitLimit:     1704972 kB
Committed_AS:    6533152 kB
VmallocTotal:   34359738367 kB
VmallocUsed:       95864 kB
VmallocChunk:   34359637248 kB
HardwareCorrupted:     0 kB
AnonHugePages:   1562624 kB
CmaTotal:              0 kB
CmaFree:               0 kB
HugePages_Total:       0
HugePages_Free:        0
HugePages_Rsvd:        0
HugePages_Surp:        0
Hugepagesize:       2048 kB
DirectMap4k:      241404 kB
DirectMap2M:     3373056 kB
DirectMap1G:           0 kB


CPU:total 4 (4 cores per cpu, 1 threads per core) family 22 model 0 stepping 1, cmov, cx8, fxsr, mmx, sse, sse2, sse3, ssse3, sse4.1, sse4.2, popcnt, avx, aes, mmxext, 3dnowpref, lzcnt, sse4a, tsc, tscinvbit, tscinv

/proc/cpuinfo:
processor	: 0
vendor_id	: AuthenticAMD
cpu family	: 22
model		: 0
model name	: AMD A4-5000 APU with Radeon(TM) HD Graphics
stepping	: 1
microcode	: 0x700010b
cpu MHz		: 1500.000
cache size	: 2048 KB
physical id	: 0
siblings	: 4
core id		: 0
cpu cores	: 4
apicid		: 0
initial apicid	: 0
fpu		: yes
fpu_exception	: yes
cpuid level	: 13
wp		: yes
flags		: fpu vme de pse tsc msr pae mce cx8 apic sep mtrr pge mca cmov pat pse36 clflush mmx fxsr sse sse2 ht syscall nx mmxext fxsr_opt pdpe1gb rdtscp lm constant_tsc rep_good nopl nonstop_tsc extd_apicid aperfmperf eagerfpu pni pclmulqdq monitor ssse3 cx16 sse4_1 sse4_2 movbe popcnt aes xsave avx f16c lahf_lm cmp_legacy svm extapic cr8_legacy abm sse4a misalignsse 3dnowprefetch osvw ibs skinit wdt topoext perfctr_nb perfctr_l2 arat hw_pstate proc_feedback npt lbrv svm_lock nrip_save tsc_scale flushbyasid decodeassists pausefilter pfthreshold vmmcall bmi1 xsaveopt
bugs		: fxsave_leak
bogomips	: 2994.37
TLB size	: 1024 4K pages
clflush size	: 64
cache_alignment	: 64
address sizes	: 40 bits physical, 48 bits virtual
power management: ts ttp tm 100mhzsteps hwpstate [11]

processor	: 1
vendor_id	: AuthenticAMD
cpu family	: 22
model		: 0
model name	: AMD A4-5000 APU with Radeon(TM) HD Graphics    
stepping	: 1
microcode	: 0x700010b
cpu MHz		: 1500.000
cache size	: 2048 KB
physical id	: 0
siblings	: 4
core id		: 1
cpu cores	: 4
apicid		: 1
initial apicid	: 1
fpu		: yes
fpu_exception	: yes
cpuid level	: 13
wp		: yes
flags		: fpu vme de pse tsc msr pae mce cx8 apic sep mtrr pge mca cmov pat pse36 clflush mmx fxsr sse sse2 ht syscall nx mmxext fxsr_opt pdpe1gb rdtscp lm constant_tsc rep_good nopl nonstop_tsc extd_apicid aperfmperf eagerfpu pni pclmulqdq monitor ssse3 cx16 sse4_1 sse4_2 movbe popcnt aes xsave avx f16c lahf_lm cmp_legacy svm extapic cr8_legacy abm sse4a misalignsse 3dnowprefetch osvw ibs skinit wdt topoext perfctr_nb perfctr_l2 arat hw_pstate proc_feedback npt lbrv svm_lock nrip_save tsc_scale flushbyasid decodeassists pausefilter pfthreshold vmmcall bmi1 xsaveopt
bugs		: fxsave_leak
bogomips	: 2994.37
TLB size	: 1024 4K pages
clflush size	: 64
cache_alignment	: 64
address sizes	: 40 bits physical, 48 bits virtual
power management: ts ttp tm 100mhzsteps hwpstate [11]

processor	: 2
vendor_id	: AuthenticAMD
cpu family	: 22
model		: 0
model name	: AMD A4-5000 APU with Radeon(TM) HD Graphics    
stepping	: 1
microcode	: 0x700010b
cpu MHz		: 1500.000
cache size	: 2048 KB
physical id	: 0
siblings	: 4
core id		: 2
cpu cores	: 4
apicid		: 2
initial apicid	: 2
fpu		: yes
fpu_exception	: yes
cpuid level	: 13
wp		: yes
flags		: fpu vme de pse tsc msr pae mce cx8 apic sep mtrr pge mca cmov pat pse36 clflush mmx fxsr sse sse2 ht syscall nx mmxext fxsr_opt pdpe1gb rdtscp lm constant_tsc rep_good nopl nonstop_tsc extd_apicid aperfmperf eagerfpu pni pclmulqdq monitor ssse3 cx16 sse4_1 sse4_2 movbe popcnt aes xsave avx f16c lahf_lm cmp_legacy svm extapic cr8_legacy abm sse4a misalignsse 3dnowprefetch osvw ibs skinit wdt topoext perfctr_nb perfctr_l2 arat hw_pstate proc_feedback npt lbrv svm_lock nrip_save tsc_scale flushbyasid decodeassists pausefilter pfthreshold vmmcall bmi1 xsaveopt
bugs		: fxsave_leak
bogomips	: 2994.37
TLB size	: 1024 4K pages
clflush size	: 64
cache_alignment	: 64
address sizes	: 40 bits physical, 48 bits virtual
power management: ts ttp tm 100mhzsteps hwpstate [11]

processor	: 3
vendor_id	: AuthenticAMD
cpu family	: 22
model		: 0
model name	: AMD A4-5000 APU with Radeon(TM) HD Graphics    
stepping	: 1
microcode	: 0x700010b
cpu MHz		: 1500.000
cache size	: 2048 KB
physical id	: 0
siblings	: 4
core id		: 3
cpu cores	: 4
apicid		: 3
initial apicid	: 3
fpu		: yes
fpu_exception	: yes
cpuid level	: 13
wp		: yes
flags		: fpu vme de pse tsc msr pae mce cx8 apic sep mtrr pge mca cmov pat pse36 clflush mmx fxsr sse sse2 ht syscall nx mmxext fxsr_opt pdpe1gb rdtscp lm constant_tsc rep_good nopl nonstop_tsc extd_apicid aperfmperf eagerfpu pni pclmulqdq monitor ssse3 cx16 sse4_1 sse4_2 movbe popcnt aes xsave avx f16c lahf_lm cmp_legacy svm extapic cr8_legacy abm sse4a misalignsse 3dnowprefetch osvw ibs skinit wdt topoext perfctr_nb perfctr_l2 arat hw_pstate proc_feedback npt lbrv svm_lock nrip_save tsc_scale flushbyasid decodeassists pausefilter pfthreshold vmmcall bmi1 xsaveopt
bugs		: fxsave_leak
bogomips	: 2994.37
TLB size	: 1024 4K pages
clflush size	: 64
cache_alignment	: 64
address sizes	: 40 bits physical, 48 bits virtual
power management: ts ttp tm 100mhzsteps hwpstate [11]



Memory: 4k page, physical 3409948k(107648k free), swap 0k(0k free)

vm_info: OpenJDK 64-Bit Server VM (24.95-b01) for linux-amd64 JRE (1.7.0_101-b00), built on Apr 24 2016 20:39:29 by "buildd" with gcc 4.8.2

time: Tue May 10 20:34:34 2016
elapsed time: 47 seconds

