#
# There is insufficient memory for the Java Runtime Environment to continue.
# Native memory allocation (malloc) failed to allocate 126877696 bytes for committing reserved memory.
# Possible reasons:
#   The system is out of physical RAM or swap space
#   In 32 bit mode, the process size limit was hit
# Possible solutions:
#   Reduce memory load on the system
#   Increase physical memory or swap space
#   Check if swap backing store is full
#   Use 64 bit Java on a 64 bit OS
#   Decrease Java heap size (-Xmx/-Xms)
#   Decrease number of Java threads
#   Decrease Java thread stack sizes (-Xss)
#   Set larger code cache with -XX:ReservedCodeCacheSize=
# This output file may be truncated or incomplete.
#
#  Out of Memory Error (os_linux.cpp:2827), pid=6838, tid=140497986684672
#
# JRE version: OpenJDK Runtime Environment (7.0_101) (build 1.7.0_101-b00)
# Java VM: OpenJDK 64-Bit Server VM (24.95-b01 mixed mode linux-amd64 compressed oops)
# Derivative: IcedTea 2.6.6
# Distribution: Ubuntu 14.04 LTS, package 7u101-2.6.6-0ubuntu0.14.04.1
# Failed to write core dump. Core dumps have been disabled. To enable core dumping, try "ulimit -c unlimited" before starting Java again
#

---------------  T H R E A D  ---------------

Current thread (0x00007fc838076000):  VMThread [stack: 0x00007fc83c868000,0x00007fc83c969000] [id=6873]

Stack: [0x00007fc83c868000,0x00007fc83c969000],  sp=0x00007fc83c967490,  free space=1021k
Native frames: (J=compiled Java code, j=interpreted, Vv=VM code, C=native code)
V  [libjvm.so+0x955705]
V  [libjvm.so+0x490c44]
V  [libjvm.so+0x7d0c9b]
V  [libjvm.so+0x7cb75f]
V  [libjvm.so+0x83ee5b]
V  [libjvm.so+0x83fcc0]
V  [libjvm.so+0x8403ab]
V  [libjvm.so+0x83c5e8]
V  [libjvm.so+0x83ce58]
V  [libjvm.so+0x7f34a3]
V  [libjvm.so+0x957104]
V  [libjvm.so+0x95b207]
V  [libjvm.so+0x959cc8]
V  [libjvm.so+0x95a129]
V  [libjvm.so+0x95a572]
V  [libjvm.so+0x7cdb62]

VM_Operation (0x00007fc841b2c780): ParallelGCFailedAllocation, mode: safepoint, requested by thread 0x00007fc83800a800


---------------  P R O C E S S  ---------------

Java Threads: ( => current thread )
  0x00007fc8381b4800 JavaThread "pool-1-thread-4" [_thread_blocked, id=6916, stack(0x00007fc83034d000,0x00007fc83044e000)]
  0x00007fc8381b3000 JavaThread "pool-1-thread-3" [_thread_blocked, id=6915, stack(0x00007fc83044e000,0x00007fc83054f000)]
  0x00007fc8381b2000 JavaThread "pool-1-thread-2" [_thread_blocked, id=6913, stack(0x00007fc83054f000,0x00007fc830650000)]
  0x00007fc8381b0800 JavaThread "pool-2-thread-1" [_thread_blocked, id=6910, stack(0x00007fc830650000,0x00007fc830751000)]
  0x00007fc8381ae800 JavaThread "pool-1-thread-1" [_thread_blocked, id=6909, stack(0x00007fc830751000,0x00007fc830852000)]
  0x00007fc8380b0800 JavaThread "Service Thread" daemon [_thread_blocked, id=6885, stack(0x00007fc83c262000,0x00007fc83c363000)]
  0x00007fc8380ae800 JavaThread "C2 CompilerThread1" daemon [_thread_blocked, id=6884, stack(0x00007fc83c363000,0x00007fc83c464000)]
  0x00007fc8380ab800 JavaThread "C2 CompilerThread0" daemon [_thread_blocked, id=6883, stack(0x00007fc83c464000,0x00007fc83c565000)]
  0x00007fc8380a9000 JavaThread "Signal Dispatcher" daemon [_thread_blocked, id=6882, stack(0x00007fc83c565000,0x00007fc83c666000)]
  0x00007fc83807c000 JavaThread "Finalizer" daemon [_thread_blocked, id=6876, stack(0x00007fc83c666000,0x00007fc83c767000)]
  0x00007fc83807a000 JavaThread "Reference Handler" daemon [_thread_blocked, id=6875, stack(0x00007fc83c767000,0x00007fc83c868000)]
  0x00007fc83800a800 JavaThread "main" [_thread_blocked, id=6849, stack(0x00007fc841a2e000,0x00007fc841b2f000)]

Other Threads:
=>0x00007fc838076000 VMThread [stack: 0x00007fc83c868000,0x00007fc83c969000] [id=6873]
  0x00007fc8380bb000 WatcherThread [stack: 0x00007fc83c161000,0x00007fc83c262000] [id=6889]

VM state:at safepoint (normal execution)

VM Mutex/Monitor currently owned by a thread:  ([mutex/lock_event])
[0x00007fc838006ac0] Threads_lock - owner thread: 0x00007fc838076000
[0x00007fc838006fc0] Heap_lock - owner thread: 0x00007fc83800a800

Heap
 PSYoungGen      total 122368K, used 13284K [0x00000000eaa80000, 0x00000000f3080000, 0x0000000100000000)
  eden space 109056K, 0% used [0x00000000eaa80000,0x00000000eaa80000,0x00000000f1500000)
  from space 13312K, 99% used [0x00000000f1500000,0x00000000f21f92e8,0x00000000f2200000)
  to   space 11776K, 0% used [0x00000000f2200000,0x00000000f2200000,0x00000000f2d80000)
 ParOldGen       total 35328K, used 32061K [0x00000000c0000000, 0x00000000c2280000, 0x00000000eaa80000)
  object space 35328K, 90% used [0x00000000c0000000,0x00000000c1f4f690,0x00000000c2280000)
 PSPermGen       total 21504K, used 6390K [0x00000000b5a00000, 0x00000000b6f00000, 0x00000000c0000000)
  object space 21504K, 29% used [0x00000000b5a00000,0x00000000b603da10,0x00000000b6f00000)

Card table byte_map: [0x00007fc83e411000,0x00007fc83e665000] byte_map_base: 0x00007fc83de64000

Polling page: 0x00007fc841b50000

Code Cache  [0x00007fc835000000, 0x00007fc835270000, 0x00007fc838000000)
 total_blobs=625 nmethods=395 adapters=184 free_code_cache=47445Kb largest_free_block=48549376

Compilation events (10 events):
Event: 40,310 Thread 0x00007fc8380ae800 nmethod 403 0x00007fc8350e0350 code [0x00007fc8350e0600, 0x00007fc8350e1890]
Event: 40,310 Thread 0x00007fc8380ae800  404             com.android.dx.ssa.RegisterMapper::<init> (5 bytes)
Event: 40,311 Thread 0x00007fc8380ae800 nmethod 404 0x00007fc8350e0150 code [0x00007fc8350e0280, 0x00007fc8350e02d8]
Event: 40,311 Thread 0x00007fc8380ae800  405             com.android.dx.ssa.back.InterferenceGraph::ensureCapacity (42 bytes)
Event: 40,394 Thread 0x00007fc8380ae800 nmethod 405 0x00007fc8350e45d0 code [0x00007fc8350e4780, 0x00007fc8350e4cd0]
Event: 40,394 Thread 0x00007fc8380ae800  406             com.android.dx.ssa.back.InterferenceGraph::add (46 bytes)
Event: 40,482 Thread 0x00007fc8380ae800 nmethod 406 0x00007fc8350ea190 code [0x00007fc8350ea340, 0x00007fc8350ea8e8]
Event: 40,482 Thread 0x00007fc8380ae800  407             com.android.dx.ssa.SsaRenamer::setNameForSsaReg (54 bytes)
Event: 40,547 Thread 0x00007fc8380ae800 nmethod 407 0x00007fc8350e95d0 code [0x00007fc8350e9780, 0x00007fc8350e9bb0]
Event: 40,547 Thread 0x00007fc8380ae800  408             com.android.dx.ssa.SsaMethod::makeExitBlock (134 bytes)

GC Heap History (10 events):
Event: 3,954 GC heap after
Heap after GC invocations=2 (full 0):
 PSYoungGen      total 29696K, used 2032K [0x00000000eaa80000, 0x00000000ec980000, 0x0000000100000000)
  eden space 27648K, 0% used [0x00000000eaa80000,0x00000000eaa80000,0x00000000ec580000)
  from space 2048K, 99% used [0x00000000ec780000,0x00000000ec97c048,0x00000000ec980000)
  to   space 2048K, 0% used [0x00000000ec580000,0x00000000ec580000,0x00000000ec780000)
 ParOldGen       total 35328K, used 2212K [0x00000000c0000000, 0x00000000c2280000, 0x00000000eaa80000)
  object space 35328K, 6% used [0x00000000c0000000,0x00000000c02292f0,0x00000000c2280000)
 PSPermGen       total 21504K, used 6099K [0x00000000b5a00000, 0x00000000b6f00000, 0x00000000c0000000)
  object space 21504K, 28% used [0x00000000b5a00000,0x00000000b5ff4f70,0x00000000b6f00000)
}
Event: 8,670 GC heap before
{Heap before GC invocations=3 (full 0):
 PSYoungGen      total 29696K, used 29680K [0x00000000eaa80000, 0x00000000ec980000, 0x0000000100000000)
  eden space 27648K, 100% used [0x00000000eaa80000,0x00000000ec580000,0x00000000ec580000)
  from space 2048K, 99% used [0x00000000ec780000,0x00000000ec97c048,0x00000000ec980000)
  to   space 2048K, 0% used [0x00000000ec580000,0x00000000ec580000,0x00000000ec780000)
 ParOldGen       total 35328K, used 2212K [0x00000000c0000000, 0x00000000c2280000, 0x00000000eaa80000)
  object space 35328K, 6% used [0x00000000c0000000,0x00000000c02292f0,0x00000000c2280000)
 PSPermGen       total 21504K, used 6241K [0x00000000b5a00000, 0x00000000b6f00000, 0x00000000c0000000)
  object space 21504K, 29% used [0x00000000b5a00000,0x00000000b6018730,0x00000000b6f00000)
Event: 8,775 GC heap after
Heap after GC invocations=3 (full 0):
 PSYoungGen      total 29696K, used 2039K [0x00000000eaa80000, 0x00000000ee480000, 0x0000000100000000)
  eden space 27648K, 0% used [0x00000000eaa80000,0x00000000eaa80000,0x00000000ec580000)
  from space 2048K, 99% used [0x00000000ec580000,0x00000000ec77dc80,0x00000000ec780000)
  to   space 2048K, 0% used [0x00000000ee280000,0x00000000ee280000,0x00000000ee480000)
 ParOldGen       total 35328K, used 7032K [0x00000000c0000000, 0x00000000c2280000, 0x00000000eaa80000)
  object space 35328K, 19% used [0x00000000c0000000,0x00000000c06de340,0x00000000c2280000)
 PSPermGen       total 21504K, used 6241K [0x00000000b5a00000, 0x00000000b6f00000, 0x00000000c0000000)
  object space 21504K, 29% used [0x00000000b5a00000,0x00000000b6018730,0x00000000b6f00000)
}
Event: 13,825 GC heap before
{Heap before GC invocations=4 (full 0):
 PSYoungGen      total 29696K, used 29687K [0x00000000eaa80000, 0x00000000ee480000, 0x0000000100000000)
  eden space 27648K, 100% used [0x00000000eaa80000,0x00000000ec580000,0x00000000ec580000)
  from space 2048K, 99% used [0x00000000ec580000,0x00000000ec77dc80,0x00000000ec780000)
  to   space 2048K, 0% used [0x00000000ee280000,0x00000000ee280000,0x00000000ee480000)
 ParOldGen       total 35328K, used 7032K [0x00000000c0000000, 0x00000000c2280000, 0x00000000eaa80000)
  object space 35328K, 19% used [0x00000000c0000000,0x00000000c06de340,0x00000000c2280000)
 PSPermGen       total 21504K, used 6281K [0x00000000b5a00000, 0x00000000b6f00000, 0x00000000c0000000)
  object space 21504K, 29% used [0x00000000b5a00000,0x00000000b60224d0,0x00000000b6f00000)
Event: 14,055 GC heap after
Heap after GC invocations=4 (full 0):
 PSYoungGen      total 57344K, used 2020K [0x00000000eaa80000, 0x00000000ee480000, 0x0000000100000000)
  eden space 55296K, 0% used [0x00000000eaa80000,0x00000000eaa80000,0x00000000ee080000)
  from space 2048K, 98% used [0x00000000ee280000,0x00000000ee479340,0x00000000ee480000)
  to   space 2048K, 0% used [0x00000000ee080000,0x00000000ee080000,0x00000000ee280000)
 ParOldGen       total 35328K, used 11401K [0x00000000c0000000, 0x00000000c2280000, 0x00000000eaa80000)
  object space 35328K, 32% used [0x00000000c0000000,0x00000000c0b22598,0x00000000c2280000)
 PSPermGen       total 21504K, used 6281K [0x00000000b5a00000, 0x00000000b6f00000, 0x00000000c0000000)
  object space 21504K, 29% used [0x00000000b5a00000,0x00000000b60224d0,0x00000000b6f00000)
}
Event: 22,236 GC heap before
{Heap before GC invocations=5 (full 0):
 PSYoungGen      total 57344K, used 57316K [0x00000000eaa80000, 0x00000000ee480000, 0x0000000100000000)
  eden space 55296K, 100% used [0x00000000eaa80000,0x00000000ee080000,0x00000000ee080000)
  from space 2048K, 98% used [0x00000000ee280000,0x00000000ee479340,0x00000000ee480000)
  to   space 2048K, 0% used [0x00000000ee080000,0x00000000ee080000,0x00000000ee280000)
 ParOldGen       total 35328K, used 11401K [0x00000000c0000000, 0x00000000c2280000, 0x00000000eaa80000)
  object space 35328K, 32% used [0x00000000c0000000,0x00000000c0b22598,0x00000000c2280000)
 PSPermGen       total 21504K, used 6323K [0x00000000b5a00000, 0x00000000b6f00000, 0x00000000c0000000)
  object space 21504K, 29% used [0x00000000b5a00000,0x00000000b602ccb8,0x00000000b6f00000)
Event: 22,400 GC heap after
Heap after GC invocations=5 (full 0):
 PSYoungGen      total 57344K, used 2034K [0x00000000eaa80000, 0x00000000f2d80000, 0x0000000100000000)
  eden space 55296K, 0% used [0x00000000eaa80000,0x00000000eaa80000,0x00000000ee080000)
  from space 2048K, 99% used [0x00000000ee080000,0x00000000ee27cb28,0x00000000ee280000)
  to   space 11776K, 0% used [0x00000000f2200000,0x00000000f2200000,0x00000000f2d80000)
 ParOldGen       total 35328K, used 20063K [0x00000000c0000000, 0x00000000c2280000, 0x00000000eaa80000)
  object space 35328K, 56% used [0x00000000c0000000,0x00000000c1397e08,0x00000000c2280000)
 PSPermGen       total 21504K, used 6323K [0x00000000b5a00000, 0x00000000b6f00000, 0x00000000c0000000)
  object space 21504K, 29% used [0x00000000b5a00000,0x00000000b602ccb8,0x00000000b6f00000)
}
Event: 30,157 GC heap before
{Heap before GC invocations=6 (full 0):
 PSYoungGen      total 57344K, used 57330K [0x00000000eaa80000, 0x00000000f2d80000, 0x0000000100000000)
  eden space 55296K, 100% used [0x00000000eaa80000,0x00000000ee080000,0x00000000ee080000)
  from space 2048K, 99% used [0x00000000ee080000,0x00000000ee27cb28,0x00000000ee280000)
  to   space 11776K, 0% used [0x00000000f2200000,0x00000000f2200000,0x00000000f2d80000)
 ParOldGen       total 35328K, used 20063K [0x00000000c0000000, 0x00000000c2280000, 0x00000000eaa80000)
  object space 35328K, 56% used [0x00000000c0000000,0x00000000c1397e08,0x00000000c2280000)
 PSPermGen       total 21504K, used 6361K [0x00000000b5a00000, 0x00000000b6f00000, 0x00000000c0000000)
  object space 21504K, 29% used [0x00000000b5a00000,0x00000000b60364e8,0x00000000b6f00000)
Event: 30,338 GC heap after
Heap after GC invocations=6 (full 0):
 PSYoungGen      total 120832K, used 10187K [0x00000000eaa80000, 0x00000000f3080000, 0x0000000100000000)
  eden space 109056K, 0% used [0x00000000eaa80000,0x00000000eaa80000,0x00000000f1500000)
  from space 11776K, 86% used [0x00000000f2200000,0x00000000f2bf2f90,0x00000000f2d80000)
  to   space 13312K, 0% used [0x00000000f1500000,0x00000000f1500000,0x00000000f2200000)
 ParOldGen       total 35328K, used 20063K [0x00000000c0000000, 0x00000000c2280000, 0x00000000eaa80000)
  object space 35328K, 56% used [0x00000000c0000000,0x00000000c1397e08,0x00000000c2280000)
 PSPermGen       total 21504K, used 6361K [0x00000000b5a00000, 0x00000000b6f00000, 0x00000000c0000000)
  object space 21504K, 29% used [0x00000000b5a00000,0x00000000b60364e8,0x00000000b6f00000)
}
Event: 40,857 GC heap before
{Heap before GC invocations=7 (full 0):
 PSYoungGen      total 120832K, used 119243K [0x00000000eaa80000, 0x00000000f3080000, 0x0000000100000000)
  eden space 109056K, 100% used [0x00000000eaa80000,0x00000000f1500000,0x00000000f1500000)
  from space 11776K, 86% used [0x00000000f2200000,0x00000000f2bf2f90,0x00000000f2d80000)
  to   space 13312K, 0% used [0x00000000f1500000,0x00000000f1500000,0x00000000f2200000)
 ParOldGen       total 35328K, used 20063K [0x00000000c0000000, 0x00000000c2280000, 0x00000000eaa80000)
  object space 35328K, 56% used [0x00000000c0000000,0x00000000c1397e08,0x00000000c2280000)
 PSPermGen       total 21504K, used 6390K [0x00000000b5a00000, 0x00000000b6f00000, 0x00000000c0000000)
  object space 21504K, 29% used [0x00000000b5a00000,0x00000000b603da10,0x00000000b6f00000)

Deoptimization events (10 events):
Event: 9,203 Thread 0x00007fc83800a800 Uncommon trap: reason=unstable_if action=reinterpret pc=0x00007fc83507a784 method=com.android.dx.rop.cst.Constant.compareTo(Lcom/android/dx/rop/cst/Constant;)I @ 12
Event: 11,800 Thread 0x00007fc8381b4800 Uncommon trap: reason=unstable_if action=reinterpret pc=0x00007fc8350c5ca8 method=com.android.dx.rop.code.RegisterSpecSet.localItemToSpec(Lcom/android/dx/rop/code/LocalItem;)Lcom/android/dx/rop/code/RegisterSpec; @ 35
Event: 12,202 Thread 0x00007fc83800a800 Uncommon trap: reason=unstable_if action=reinterpret pc=0x00007fc83509d834 method=com.android.dx.util.IntList.binarysearch(I)I @ 105
Event: 15,689 Thread 0x00007fc83800a800 Uncommon trap: reason=null_check action=make_not_entrant pc=0x00007fc8350ee53c method=com.android.dx.rop.type.Type.putIntern(Lcom/android/dx/rop/type/Type;)Lcom/android/dx/rop/type/Type; @ 18
Event: 17,482 Thread 0x00007fc8381b3000 Uncommon trap: reason=unstable_if action=reinterpret pc=0x00007fc8350ef24c method=com.android.dx.ssa.SsaMethod.updateOneDefinition(Lcom/android/dx/ssa/SsaInsn;Lcom/android/dx/rop/code/RegisterSpec;)V @ 4
Event: 17,527 Thread 0x00007fc83800a800 Uncommon trap: reason=unstable_if action=reinterpret pc=0x00007fc8350e3124 method=com.android.dx.ssa.Dominators.run()V @ 346
Event: 28,869 Thread 0x00007fc8381b4800 Uncommon trap: reason=class_check action=maybe_recompile pc=0x00007fc83513d044 method=com.android.dx.ssa.SCCP.replaceConstants()V @ 182
Event: 32,079 Thread 0x00007fc8381ae800 Uncommon trap: reason=unstable_if action=reinterpret pc=0x00007fc835122f34 method=com.android.dx.cf.code.Ropper.isSynchronized()Z @ 12
Event: 36,522 Thread 0x00007fc8381b3000 Uncommon trap: reason=unstable_if action=reinterpret pc=0x00007fc8350cd0e4 method=com.android.dx.dex.code.OutputFinisher.hasLocalInfo(Lcom/android/dx/dex/code/DalvInsn;)Z @ 24
Event: 37,516 Thread 0x00007fc8381b4800 Uncommon trap: reason=unstable_if action=reinterpret pc=0x00007fc8350d9700 method=com.android.dx.ssa.SCCP.simulateBranch(Lcom/android/dx/ssa/SsaInsn;)V @ 548

Internal exceptions (10 events):
Event: 2,338 Thread 0x00007fc8381b2000 Threw 0x00000000eaf28ce8 at /build/openjdk-7-9duhBW/openjdk-7-7u101-2.6.6/build/openjdk/hotspot/src/share/vm/prims/jvm.cpp:1322
Event: 2,610 Thread 0x00007fc83800a800 Implicit null exception at 0x00007fc83507f942 to 0x00007fc83507fb2d
Event: 3,192 Thread 0x00007fc8381b3000 Threw 0x00000000eb3f46b0 at /build/openjdk-7-9duhBW/openjdk-7-7u101-2.6.6/build/openjdk/hotspot/src/share/vm/prims/jvm.cpp:1322
Event: 3,500 Thread 0x00007fc8381ae800 Threw 0x00000000eb548d50 at /build/openjdk-7-9duhBW/openjdk-7-7u101-2.6.6/build/openjdk/hotspot/src/share/vm/prims/jvm.cpp:1322
Event: 4,421 Thread 0x00007fc83800a800 Implicit null exception at 0x00007fc8350a72e0 to 0x00007fc8350a7e05
Event: 6,793 Thread 0x00007fc83800a800 Threw 0x00000000ebb2c9f0 at /build/openjdk-7-9duhBW/openjdk-7-7u101-2.6.6/build/openjdk/hotspot/src/share/vm/prims/jvm.cpp:1322
Event: 14,582 Thread 0x00007fc8381b2000 Threw 0x00000000eadcebe8 at /build/openjdk-7-9duhBW/openjdk-7-7u101-2.6.6/build/openjdk/hotspot/src/share/vm/prims/jvm.cpp:1322
Event: 15,689 Thread 0x00007fc83800a800 Implicit null exception at 0x00007fc8350ede77 to 0x00007fc8350ee52d
Event: 17,448 Thread 0x00007fc8381b3000 Threw 0x00000000ebf85db0 at /build/openjdk-7-9duhBW/openjdk-7-7u101-2.6.6/build/openjdk/hotspot/src/share/vm/prims/jvm.cpp:1322
Event: 27,678 Thread 0x00007fc83800a800 Threw 0x00000000ecbad5c0 at /build/openjdk-7-9duhBW/openjdk-7-7u101-2.6.6/build/openjdk/hotspot/src/share/vm/prims/jvm.cpp:1322

Events (10 events):
Event: 36,522 Thread 0x00007fc8381b3000 Uncommon trap: trap_request=0xffffff75 fr.pc=0x00007fc8350cd0e4
Event: 36,522 Thread 0x00007fc8381b3000 DEOPT PACKING pc=0x00007fc8350cd0e4 sp=0x00007fc83054d230
Event: 36,522 Thread 0x00007fc8381b3000 DEOPT UNPACKING pc=0x00007fc835039045 sp=0x00007fc83054d0c8 mode 2
Event: 37,516 Thread 0x00007fc8381b4800 Uncommon trap: trap_request=0xffffff75 fr.pc=0x00007fc8350d9700
Event: 37,516 Thread 0x00007fc8381b4800 DEOPT PACKING pc=0x00007fc8350d9700 sp=0x00007fc83044c140
Event: 37,516 Thread 0x00007fc8381b4800 DEOPT UNPACKING pc=0x00007fc835039045 sp=0x00007fc83044c108 mode 2
Event: 37,734 Thread 0x00007fc8380ab800 flushing nmethod 0x00007fc8350ed610
Event: 39,443 Thread 0x00007fc8380ab800 flushing nmethod 0x00007fc8350e0050
Event: 39,443 Thread 0x00007fc8380ab800 flushing nmethod 0x00007fc8350ef0d0
Event: 40,857 Executing VM operation: ParallelGCFailedAllocation


Dynamic libraries:
00400000-00401000 r-xp 00000000 08:06 795899                             /usr/lib/jvm/java-7-openjdk-amd64/jre/bin/java
00600000-00601000 r--p 00000000 08:06 795899                             /usr/lib/jvm/java-7-openjdk-amd64/jre/bin/java
00601000-00602000 rw-p 00001000 08:06 795899                             /usr/lib/jvm/java-7-openjdk-amd64/jre/bin/java
00996000-009b7000 rw-p 00000000 00:00 0                                  [heap]
b5a00000-b6f00000 rw-p 00000000 00:00 0 
b6f00000-c0000000 rw-p 00000000 00:00 0 
c0000000-c2280000 rw-p 00000000 00:00 0 
c2280000-eaa80000 rw-p 00000000 00:00 0 
eaa80000-f3080000 rw-p 00000000 00:00 0 
fa980000-100000000 rw-p 00000000 00:00 0 
7fc7ec000000-7fc7ec021000 rw-p 00000000 00:00 0 
7fc7ec021000-7fc7f0000000 ---p 00000000 00:00 0 
7fc7f0000000-7fc7f0021000 rw-p 00000000 00:00 0 
7fc7f0021000-7fc7f4000000 ---p 00000000 00:00 0 
7fc7f4000000-7fc7f4021000 rw-p 00000000 00:00 0 
7fc7f4021000-7fc7f8000000 ---p 00000000 00:00 0 
7fc7f8000000-7fc7f8021000 rw-p 00000000 00:00 0 
7fc7f8021000-7fc7fc000000 ---p 00000000 00:00 0 
7fc7fc000000-7fc7fc021000 rw-p 00000000 00:00 0 
7fc7fc021000-7fc800000000 ---p 00000000 00:00 0 
7fc800000000-7fc800041000 rw-p 00000000 00:00 0 
7fc800041000-7fc804000000 ---p 00000000 00:00 0 
7fc804000000-7fc8055c0000 rw-p 00000000 00:00 0 
7fc8055c0000-7fc808000000 ---p 00000000 00:00 0 
7fc808000000-7fc808021000 rw-p 00000000 00:00 0 
7fc808021000-7fc80c000000 ---p 00000000 00:00 0 
7fc80c000000-7fc80c021000 rw-p 00000000 00:00 0 
7fc80c021000-7fc810000000 ---p 00000000 00:00 0 
7fc810000000-7fc81161b000 rw-p 00000000 00:00 0 
7fc81161b000-7fc814000000 ---p 00000000 00:00 0 
7fc814000000-7fc814021000 rw-p 00000000 00:00 0 
7fc814021000-7fc818000000 ---p 00000000 00:00 0 
7fc818000000-7fc818021000 rw-p 00000000 00:00 0 
7fc818021000-7fc81c000000 ---p 00000000 00:00 0 
7fc81c000000-7fc81c021000 rw-p 00000000 00:00 0 
7fc81c021000-7fc820000000 ---p 00000000 00:00 0 
7fc820000000-7fc820021000 rw-p 00000000 00:00 0 
7fc820021000-7fc824000000 ---p 00000000 00:00 0 
7fc824000000-7fc824021000 rw-p 00000000 00:00 0 
7fc824021000-7fc828000000 ---p 00000000 00:00 0 
7fc828000000-7fc828021000 rw-p 00000000 00:00 0 
7fc828021000-7fc82c000000 ---p 00000000 00:00 0 
7fc82c000000-7fc82c021000 rw-p 00000000 00:00 0 
7fc82c021000-7fc830000000 ---p 00000000 00:00 0 
7fc83034d000-7fc830350000 ---p 00000000 00:00 0 
7fc830350000-7fc83044e000 rw-p 00000000 00:00 0 
7fc83044e000-7fc830451000 ---p 00000000 00:00 0 
7fc830451000-7fc83054f000 rw-p 00000000 00:00 0 
7fc83054f000-7fc830552000 ---p 00000000 00:00 0 
7fc830552000-7fc830650000 rw-p 00000000 00:00 0 
7fc830650000-7fc830653000 ---p 00000000 00:00 0 
7fc830653000-7fc830751000 rw-p 00000000 00:00 0 
7fc830751000-7fc830754000 ---p 00000000 00:00 0 
7fc830754000-7fc830852000 rw-p 00000000 00:00 0 
7fc830852000-7fc83088f000 r-xp 00000000 08:06 1440198                    /lib/x86_64-linux-gnu/libpcre.so.3.13.1
7fc83088f000-7fc830a8e000 ---p 0003d000 08:06 1440198                    /lib/x86_64-linux-gnu/libpcre.so.3.13.1
7fc830a8e000-7fc830a8f000 r--p 0003c000 08:06 1440198                    /lib/x86_64-linux-gnu/libpcre.so.3.13.1
7fc830a8f000-7fc830a90000 rw-p 0003d000 08:06 1440198                    /lib/x86_64-linux-gnu/libpcre.so.3.13.1
7fc830a90000-7fc830a97000 r-xp 00000000 08:06 523646                     /usr/lib/x86_64-linux-gnu/libffi.so.6.0.1
7fc830a97000-7fc830c96000 ---p 00007000 08:06 523646                     /usr/lib/x86_64-linux-gnu/libffi.so.6.0.1
7fc830c96000-7fc830c97000 r--p 00006000 08:06 523646                     /usr/lib/x86_64-linux-gnu/libffi.so.6.0.1
7fc830c97000-7fc830c98000 rw-p 00007000 08:06 523646                     /usr/lib/x86_64-linux-gnu/libffi.so.6.0.1
7fc830c98000-7fc830caf000 r-xp 00000000 08:06 1446787                    /lib/x86_64-linux-gnu/libresolv-2.19.so
7fc830caf000-7fc830eaf000 ---p 00017000 08:06 1446787                    /lib/x86_64-linux-gnu/libresolv-2.19.so
7fc830eaf000-7fc830eb0000 r--p 00017000 08:06 1446787                    /lib/x86_64-linux-gnu/libresolv-2.19.so
7fc830eb0000-7fc830eb1000 rw-p 00018000 08:06 1446787                    /lib/x86_64-linux-gnu/libresolv-2.19.so
7fc830eb1000-7fc830eb3000 rw-p 00000000 00:00 0 
7fc830eb3000-7fc830ed3000 r-xp 00000000 08:06 1443709                    /lib/x86_64-linux-gnu/libselinux.so.1
7fc830ed3000-7fc8310d2000 ---p 00020000 08:06 1443709                    /lib/x86_64-linux-gnu/libselinux.so.1
7fc8310d2000-7fc8310d3000 r--p 0001f000 08:06 1443709                    /lib/x86_64-linux-gnu/libselinux.so.1
7fc8310d3000-7fc8310d4000 rw-p 00020000 08:06 1443709                    /lib/x86_64-linux-gnu/libselinux.so.1
7fc8310d4000-7fc8310d6000 rw-p 00000000 00:00 0 
7fc8310d6000-7fc8310d9000 r-xp 00000000 08:06 531295                     /usr/lib/x86_64-linux-gnu/libgmodule-2.0.so.0.4002.0
7fc8310d9000-7fc8312d8000 ---p 00003000 08:06 531295                     /usr/lib/x86_64-linux-gnu/libgmodule-2.0.so.0.4002.0
7fc8312d8000-7fc8312d9000 r--p 00002000 08:06 531295                     /usr/lib/x86_64-linux-gnu/libgmodule-2.0.so.0.4002.0
7fc8312d9000-7fc8312da000 rw-p 00003000 08:06 531295                     /usr/lib/x86_64-linux-gnu/libgmodule-2.0.so.0.4002.0
7fc8312da000-7fc8313e0000 r-xp 00000000 08:06 1443610                    /lib/x86_64-linux-gnu/libglib-2.0.so.0.4002.0
7fc8313e0000-7fc8315df000 ---p 00106000 08:06 1443610                    /lib/x86_64-linux-gnu/libglib-2.0.so.0.4002.0
7fc8315df000-7fc8315e0000 r--p 00105000 08:06 1443610                    /lib/x86_64-linux-gnu/libglib-2.0.so.0.4002.0
7fc8315e0000-7fc8315e1000 rw-p 00106000 08:06 1443610                    /lib/x86_64-linux-gnu/libglib-2.0.so.0.4002.0
7fc8315e1000-7fc8315e2000 rw-p 00000000 00:00 0 
7fc8315e2000-7fc831631000 r-xp 00000000 08:06 531307                     /usr/lib/x86_64-linux-gnu/libgobject-2.0.so.0.4002.0
7fc831631000-7fc831831000 ---p 0004f000 08:06 531307                     /usr/lib/x86_64-linux-gnu/libgobject-2.0.so.0.4002.0
7fc831831000-7fc831832000 r--p 0004f000 08:06 531307                     /usr/lib/x86_64-linux-gnu/libgobject-2.0.so.0.4002.0
7fc831832000-7fc831833000 rw-p 00050000 08:06 531307                     /usr/lib/x86_64-linux-gnu/libgobject-2.0.so.0.4002.0
7fc831833000-7fc83199f000 r-xp 00000000 08:06 531285                     /usr/lib/x86_64-linux-gnu/libgio-2.0.so.0.4002.0
7fc83199f000-7fc831b9e000 ---p 0016c000 08:06 531285                     /usr/lib/x86_64-linux-gnu/libgio-2.0.so.0.4002.0
7fc831b9e000-7fc831ba2000 r--p 0016b000 08:06 531285                     /usr/lib/x86_64-linux-gnu/libgio-2.0.so.0.4002.0
7fc831ba2000-7fc831ba4000 rw-p 0016f000 08:06 531285                     /usr/lib/x86_64-linux-gnu/libgio-2.0.so.0.4002.0
7fc831ba4000-7fc831ba6000 rw-p 00000000 00:00 0 
7fc831ba6000-7fc831bbd000 r-xp 00000000 08:06 799168                     /usr/lib/jvm/java-7-openjdk-amd64/jre/lib/amd64/libnet.so
7fc831bbd000-7fc831dbc000 ---p 00017000 08:06 799168                     /usr/lib/jvm/java-7-openjdk-amd64/jre/lib/amd64/libnet.so
7fc831dbc000-7fc831dbd000 r--p 00016000 08:06 799168                     /usr/lib/jvm/java-7-openjdk-amd64/jre/lib/amd64/libnet.so
7fc831dbd000-7fc831dbe000 rw-p 00017000 08:06 799168                     /usr/lib/jvm/java-7-openjdk-amd64/jre/lib/amd64/libnet.so
7fc831dbe000-7fc831dce000 r-xp 00000000 08:06 806319                     /usr/lib/jvm/java-7-openjdk-amd64/jre/lib/amd64/libnio.so
7fc831dce000-7fc831fce000 ---p 00010000 08:06 806319                     /usr/lib/jvm/java-7-openjdk-amd64/jre/lib/amd64/libnio.so
7fc831fce000-7fc831fcf000 r--p 00010000 08:06 806319                     /usr/lib/jvm/java-7-openjdk-amd64/jre/lib/amd64/libnio.so
7fc831fcf000-7fc831fd0000 rw-p 00011000 08:06 806319                     /usr/lib/jvm/java-7-openjdk-amd64/jre/lib/amd64/libnio.so
7fc831fd0000-7fc832ad0000 r--p 00000000 08:06 528122                     /usr/lib/locale/locale-archive
7fc832ad0000-7fc835000000 rw-p 00000000 00:00 0 
7fc835000000-7fc835270000 rwxp 00000000 00:00 0 
7fc835270000-7fc8381e1000 rw-p 00000000 00:00 0 
7fc8381e1000-7fc83c000000 ---p 00000000 00:00 0 
7fc83c0c8000-7fc83c0f7000 r--p 00000000 08:06 800728                     /usr/share/locale-langpack/ru/LC_MESSAGES/libc.mo
7fc83c0f7000-7fc83c128000 rw-p 00000000 00:00 0 
7fc83c13e000-7fc83c145000 r--s 00000000 08:06 660065                     /usr/lib/x86_64-linux-gnu/gconv/gconv-modules.cache
7fc83c145000-7fc83c14f000 r--s 0008b000 00:1d 1721436                    /home/thedragonspb/AndroidStudioProjects/ComplexCalc3/app/build/intermediates/exploded-aar/com.android.support/appcompat-v7/23.3.0/jars/classes.jar
7fc83c14f000-7fc83c15e000 r--s 000df000 00:1d 1343636                    /home/thedragonspb/Android/Sdk/build-tools/23.0.3/lib/dx.jar
7fc83c15e000-7fc83c161000 r--s 0000f000 08:06 806346                     /usr/lib/jvm/java-7-openjdk-amd64/jre/lib/ext/icedtea-sound.jar
7fc83c161000-7fc83c162000 ---p 00000000 00:00 0 
7fc83c162000-7fc83c262000 rw-p 00000000 00:00 0 
7fc83c262000-7fc83c265000 ---p 00000000 00:00 0 
7fc83c265000-7fc83c363000 rw-p 00000000 00:00 0 
7fc83c363000-7fc83c366000 ---p 00000000 00:00 0 
7fc83c366000-7fc83c464000 rw-p 00000000 00:00 0 
7fc83c464000-7fc83c467000 ---p 00000000 00:00 0 
7fc83c467000-7fc83c565000 rw-p 00000000 00:00 0 
7fc83c565000-7fc83c568000 ---p 00000000 00:00 0 
7fc83c568000-7fc83c666000 rw-p 00000000 00:00 0 
7fc83c666000-7fc83c669000 ---p 00000000 00:00 0 
7fc83c669000-7fc83c767000 rw-p 00000000 00:00 0 
7fc83c767000-7fc83c76a000 ---p 00000000 00:00 0 
7fc83c76a000-7fc83c868000 rw-p 00000000 00:00 0 
7fc83c868000-7fc83c869000 ---p 00000000 00:00 0 
7fc83c869000-7fc83d966000 rw-p 00000000 00:00 0 
7fc83d966000-7fc83db18000 r--s 01d32000 08:06 806333                     /usr/lib/jvm/java-7-openjdk-amd64/jre/lib/rt.jar
7fc83db18000-7fc83de64000 rw-p 00000000 00:00 0 
7fc83de64000-7fc83de65000 ---p 00000000 00:00 0 
7fc83de65000-7fc83df65000 rw-p 00000000 00:00 0 
7fc83df65000-7fc83df66000 ---p 00000000 00:00 0 
7fc83df66000-7fc83e066000 rw-p 00000000 00:00 0 
7fc83e066000-7fc83e067000 ---p 00000000 00:00 0 
7fc83e067000-7fc83e167000 rw-p 00000000 00:00 0 
7fc83e167000-7fc83e168000 ---p 00000000 00:00 0 
7fc83e168000-7fc83e273000 rw-p 00000000 00:00 0 
7fc83e273000-7fc83e2bb000 rw-p 00000000 00:00 0 
7fc83e2bb000-7fc83e2cd000 rw-p 00000000 00:00 0 
7fc83e2cd000-7fc83e411000 rw-p 00000000 00:00 0 
7fc83e411000-7fc83e41c000 rw-p 00000000 00:00 0 
7fc83e41c000-7fc83e464000 rw-p 00000000 00:00 0 
7fc83e464000-7fc83e476000 rw-p 00000000 00:00 0 
7fc83e476000-7fc83e5b9000 rw-p 00000000 00:00 0 
7fc83e5b9000-7fc83e5fd000 rw-p 00000000 00:00 0 
7fc83e5fd000-7fc83e664000 rw-p 00000000 00:00 0 
7fc83e664000-7fc83e665000 rw-p 00000000 00:00 0 
7fc83e665000-7fc83e66d000 r-xp 00000000 08:06 806301                     /usr/lib/jvm/java-7-openjdk-amd64/jre/lib/amd64/libzip.so
7fc83e66d000-7fc83e86c000 ---p 00008000 08:06 806301                     /usr/lib/jvm/java-7-openjdk-amd64/jre/lib/amd64/libzip.so
7fc83e86c000-7fc83e86d000 r--p 00007000 08:06 806301                     /usr/lib/jvm/java-7-openjdk-amd64/jre/lib/amd64/libzip.so
7fc83e86d000-7fc83e86e000 rw-p 00008000 08:06 806301                     /usr/lib/jvm/java-7-openjdk-amd64/jre/lib/amd64/libzip.so
7fc83e86e000-7fc83e879000 r-xp 00000000 08:06 1447429                    /lib/x86_64-linux-gnu/libnss_files-2.19.so
7fc83e879000-7fc83ea78000 ---p 0000b000 08:06 1447429                    /lib/x86_64-linux-gnu/libnss_files-2.19.so
7fc83ea78000-7fc83ea79000 r--p 0000a000 08:06 1447429                    /lib/x86_64-linux-gnu/libnss_files-2.19.so
7fc83ea79000-7fc83ea7a000 rw-p 0000b000 08:06 1447429                    /lib/x86_64-linux-gnu/libnss_files-2.19.so
7fc83ea7a000-7fc83ea85000 r-xp 00000000 08:06 1447421                    /lib/x86_64-linux-gnu/libnss_nis-2.19.so
7fc83ea85000-7fc83ec84000 ---p 0000b000 08:06 1447421                    /lib/x86_64-linux-gnu/libnss_nis-2.19.so
7fc83ec84000-7fc83ec85000 r--p 0000a000 08:06 1447421                    /lib/x86_64-linux-gnu/libnss_nis-2.19.so
7fc83ec85000-7fc83ec86000 rw-p 0000b000 08:06 1447421                    /lib/x86_64-linux-gnu/libnss_nis-2.19.so
7fc83ec86000-7fc83ec9d000 r-xp 00000000 08:06 1447417                    /lib/x86_64-linux-gnu/libnsl-2.19.so
7fc83ec9d000-7fc83ee9c000 ---p 00017000 08:06 1447417                    /lib/x86_64-linux-gnu/libnsl-2.19.so
7fc83ee9c000-7fc83ee9d000 r--p 00016000 08:06 1447417                    /lib/x86_64-linux-gnu/libnsl-2.19.so
7fc83ee9d000-7fc83ee9e000 rw-p 00017000 08:06 1447417                    /lib/x86_64-linux-gnu/libnsl-2.19.so
7fc83ee9e000-7fc83eea0000 rw-p 00000000 00:00 0 
7fc83eea0000-7fc83eea9000 r-xp 00000000 08:06 1447416                    /lib/x86_64-linux-gnu/libnss_compat-2.19.so
7fc83eea9000-7fc83f0a8000 ---p 00009000 08:06 1447416                    /lib/x86_64-linux-gnu/libnss_compat-2.19.so
7fc83f0a8000-7fc83f0a9000 r--p 00008000 08:06 1447416                    /lib/x86_64-linux-gnu/libnss_compat-2.19.so
7fc83f0a9000-7fc83f0aa000 rw-p 00009000 08:06 1447416                    /lib/x86_64-linux-gnu/libnss_compat-2.19.so
7fc83f0aa000-7fc83f0d5000 r-xp 00000000 08:06 799049                     /usr/lib/jvm/java-7-openjdk-amd64/jre/lib/amd64/libjava.so
7fc83f0d5000-7fc83f2d5000 ---p 0002b000 08:06 799049                     /usr/lib/jvm/java-7-openjdk-amd64/jre/lib/amd64/libjava.so
7fc83f2d5000-7fc83f2d6000 r--p 0002b000 08:06 799049                     /usr/lib/jvm/java-7-openjdk-amd64/jre/lib/amd64/libjava.so
7fc83f2d6000-7fc83f2d8000 rw-p 0002c000 08:06 799049                     /usr/lib/jvm/java-7-openjdk-amd64/jre/lib/amd64/libjava.so
7fc83f2d8000-7fc83f2e8000 r-xp 00000000 08:06 799050                     /usr/lib/jvm/java-7-openjdk-amd64/jre/lib/amd64/libverify.so
7fc83f2e8000-7fc83f4e7000 ---p 00010000 08:06 799050                     /usr/lib/jvm/java-7-openjdk-amd64/jre/lib/amd64/libverify.so
7fc83f4e7000-7fc83f4e9000 r--p 0000f000 08:06 799050                     /usr/lib/jvm/java-7-openjdk-amd64/jre/lib/amd64/libverify.so
7fc83f4e9000-7fc83f4ea000 rw-p 00011000 08:06 799050                     /usr/lib/jvm/java-7-openjdk-amd64/jre/lib/amd64/libverify.so
7fc83f4ea000-7fc83f4f1000 r-xp 00000000 08:06 1447425                    /lib/x86_64-linux-gnu/librt-2.19.so
7fc83f4f1000-7fc83f6f0000 ---p 00007000 08:06 1447425                    /lib/x86_64-linux-gnu/librt-2.19.so
7fc83f6f0000-7fc83f6f1000 r--p 00006000 08:06 1447425                    /lib/x86_64-linux-gnu/librt-2.19.so
7fc83f6f1000-7fc83f6f2000 rw-p 00007000 08:06 1447425                    /lib/x86_64-linux-gnu/librt-2.19.so
7fc83f6f2000-7fc83f708000 r-xp 00000000 08:06 1443556                    /lib/x86_64-linux-gnu/libgcc_s.so.1
7fc83f708000-7fc83f907000 ---p 00016000 08:06 1443556                    /lib/x86_64-linux-gnu/libgcc_s.so.1
7fc83f907000-7fc83f908000 rw-p 00015000 08:06 1443556                    /lib/x86_64-linux-gnu/libgcc_s.so.1
7fc83f908000-7fc83fa0d000 r-xp 00000000 08:06 1447411                    /lib/x86_64-linux-gnu/libm-2.19.so
7fc83fa0d000-7fc83fc0c000 ---p 00105000 08:06 1447411                    /lib/x86_64-linux-gnu/libm-2.19.so
7fc83fc0c000-7fc83fc0d000 r--p 00104000 08:06 1447411                    /lib/x86_64-linux-gnu/libm-2.19.so
7fc83fc0d000-7fc83fc0e000 rw-p 00105000 08:06 1447411                    /lib/x86_64-linux-gnu/libm-2.19.so
7fc83fc0e000-7fc83fcf4000 r-xp 00000000 08:06 523292                     /usr/lib/x86_64-linux-gnu/libstdc++.so.6.0.19
7fc83fcf4000-7fc83fef3000 ---p 000e6000 08:06 523292                     /usr/lib/x86_64-linux-gnu/libstdc++.so.6.0.19
7fc83fef3000-7fc83fefb000 r--p 000e5000 08:06 523292                     /usr/lib/x86_64-linux-gnu/libstdc++.so.6.0.19
7fc83fefb000-7fc83fefd000 rw-p 000ed000 08:06 523292                     /usr/lib/x86_64-linux-gnu/libstdc++.so.6.0.19
7fc83fefd000-7fc83ff12000 rw-p 00000000 00:00 0 
7fc83ff12000-7fc840a37000 r-xp 00000000 08:06 805879                     /usr/lib/jvm/java-7-openjdk-amd64/jre/lib/amd64/server/libjvm.so
7fc840a37000-7fc840c37000 ---p 00b25000 08:06 805879                     /usr/lib/jvm/java-7-openjdk-amd64/jre/lib/amd64/server/libjvm.so
7fc840c37000-7fc840cd1000 r--p 00b25000 08:06 805879                     /usr/lib/jvm/java-7-openjdk-amd64/jre/lib/amd64/server/libjvm.so
7fc840cd1000-7fc840cf4000 rw-p 00bbf000 08:06 805879                     /usr/lib/jvm/java-7-openjdk-amd64/jre/lib/amd64/server/libjvm.so
7fc840cf4000-7fc840d23000 rw-p 00000000 00:00 0 
7fc840d23000-7fc840d3b000 r-xp 00000000 08:06 1443740                    /lib/x86_64-linux-gnu/libz.so.1.2.8
7fc840d3b000-7fc840f3a000 ---p 00018000 08:06 1443740                    /lib/x86_64-linux-gnu/libz.so.1.2.8
7fc840f3a000-7fc840f3b000 r--p 00017000 08:06 1443740                    /lib/x86_64-linux-gnu/libz.so.1.2.8
7fc840f3b000-7fc840f3c000 rw-p 00018000 08:06 1443740                    /lib/x86_64-linux-gnu/libz.so.1.2.8
7fc840f3c000-7fc840f55000 r-xp 00000000 08:06 1447418                    /lib/x86_64-linux-gnu/libpthread-2.19.so
7fc840f55000-7fc841154000 ---p 00019000 08:06 1447418                    /lib/x86_64-linux-gnu/libpthread-2.19.so
7fc841154000-7fc841155000 r--p 00018000 08:06 1447418                    /lib/x86_64-linux-gnu/libpthread-2.19.so
7fc841155000-7fc841156000 rw-p 00019000 08:06 1447418                    /lib/x86_64-linux-gnu/libpthread-2.19.so
7fc841156000-7fc84115a000 rw-p 00000000 00:00 0 
7fc84115a000-7fc84115d000 r-xp 00000000 08:06 1447413                    /lib/x86_64-linux-gnu/libdl-2.19.so
7fc84115d000-7fc84135c000 ---p 00003000 08:06 1447413                    /lib/x86_64-linux-gnu/libdl-2.19.so
7fc84135c000-7fc84135d000 r--p 00002000 08:06 1447413                    /lib/x86_64-linux-gnu/libdl-2.19.so
7fc84135d000-7fc84135e000 rw-p 00003000 08:06 1447413                    /lib/x86_64-linux-gnu/libdl-2.19.so
7fc84135e000-7fc841519000 r-xp 00000000 08:06 1447426                    /lib/x86_64-linux-gnu/libc-2.19.so
7fc841519000-7fc841718000 ---p 001bb000 08:06 1447426                    /lib/x86_64-linux-gnu/libc-2.19.so
7fc841718000-7fc84171c000 r--p 001ba000 08:06 1447426                    /lib/x86_64-linux-gnu/libc-2.19.so
7fc84171c000-7fc84171e000 rw-p 001be000 08:06 1447426                    /lib/x86_64-linux-gnu/libc-2.19.so
7fc84171e000-7fc841723000 rw-p 00000000 00:00 0 
7fc841723000-7fc841730000 r-xp 00000000 08:06 806316                     /usr/lib/jvm/java-7-openjdk-amd64/jre/lib/amd64/jli/libjli.so
7fc841730000-7fc84192f000 ---p 0000d000 08:06 806316                     /usr/lib/jvm/java-7-openjdk-amd64/jre/lib/amd64/jli/libjli.so
7fc84192f000-7fc841930000 r--p 0000c000 08:06 806316                     /usr/lib/jvm/java-7-openjdk-amd64/jre/lib/amd64/jli/libjli.so
7fc841930000-7fc841931000 rw-p 0000d000 08:06 806316                     /usr/lib/jvm/java-7-openjdk-amd64/jre/lib/amd64/jli/libjli.so
7fc841931000-7fc841954000 r-xp 00000000 08:06 1447419                    /lib/x86_64-linux-gnu/ld-2.19.so
7fc841956000-7fc841978000 rw-p 00000000 00:00 0 
7fc841978000-7fc841a2e000 rw-p 00000000 00:00 0 
7fc841a2e000-7fc841a31000 ---p 00000000 00:00 0 
7fc841a31000-7fc841b34000 rw-p 00000000 00:00 0 
7fc841b35000-7fc841b36000 rw-p 00000000 00:00 0 
7fc841b36000-7fc841b3a000 r--s 00034000 08:06 806345                     /usr/lib/jvm/java-7-openjdk-amd64/jre/lib/ext/sunjce_provider.jar
7fc841b3a000-7fc841b3c000 r--s 00012000 08:06 806344                     /usr/lib/jvm/java-7-openjdk-amd64/jre/lib/ext/zipfs.jar
7fc841b3c000-7fc841b3e000 r--s 00006000 08:06 807305                     /usr/share/java/java-atk-wrapper.jar
7fc841b3e000-7fc841b42000 r--s 00085000 08:06 806347                     /usr/lib/jvm/java-7-openjdk-amd64/jre/lib/ext/localedata.jar
7fc841b42000-7fc841b43000 r--s 00002000 08:06 806343                     /usr/lib/jvm/java-7-openjdk-amd64/jre/lib/ext/dnsns.jar
7fc841b43000-7fc841b47000 r--s 0003c000 08:06 806348                     /usr/lib/jvm/java-7-openjdk-amd64/jre/lib/ext/sunpkcs11.jar
7fc841b47000-7fc841b4f000 rw-s 00000000 08:06 820250                     /tmp/hsperfdata_thedragonspb/6838
7fc841b4f000-7fc841b50000 rw-p 00000000 00:00 0 
7fc841b50000-7fc841b51000 ---p 00000000 00:00 0 
7fc841b51000-7fc841b53000 rw-p 00000000 00:00 0 
7fc841b53000-7fc841b54000 r--p 00022000 08:06 1447419                    /lib/x86_64-linux-gnu/ld-2.19.so
7fc841b54000-7fc841b55000 rw-p 00023000 08:06 1447419                    /lib/x86_64-linux-gnu/ld-2.19.so
7fc841b55000-7fc841b56000 rw-p 00000000 00:00 0 
7fff89bcb000-7fff89bec000 rw-p 00000000 00:00 0                          [stack]
7fff89bf4000-7fff89bf6000 r--p 00000000 00:00 0                          [vvar]
7fff89bf6000-7fff89bf8000 r-xp 00000000 00:00 0                          [vdso]
ffffffffff600000-ffffffffff601000 r-xp 00000000 00:00 0                  [vsyscall]

VM Arguments:
jvm_args: -Djava.awt.headless=true -Xmx1024M -Dfile.encoding=UTF-8 -Duser.country=RU -Duser.language=ru -Duser.variant 
java_command: com.android.dx.command.Main --dex --force-jumbo --num-threads=4 --output /home/thedragonspb/AndroidStudioProjects/ComplexCalc3/app/build/intermediates/pre-dexed/debug/com.android.support-appcompat-v7-23.3.0_d6a383bbad49d0e79b44d88181bb3a99b2dbf7a8.jar /home/thedragonspb/AndroidStudioProjects/ComplexCalc3/app/build/intermediates/exploded-aar/com.android.support/appcompat-v7/23.3.0/jars/classes.jar
Launcher Type: SUN_STANDARD

Environment Variables:
PATH=/usr/local/sbin:/usr/local/bin:/usr/sbin:/usr/bin:/sbin:/bin:/usr/games:/usr/local/games
LD_LIBRARY_PATH=.:
SHELL=/bin/bash
DISPLAY=:0.0

Signal Handlers:
SIGSEGV: [libjvm.so+0x9561e0], sa_mask[0]=0x7ffbfeff, sa_flags=0x10000004
SIGBUS: [libjvm.so+0x9561e0], sa_mask[0]=0x7ffbfeff, sa_flags=0x10000004
SIGFPE: [libjvm.so+0x7cc4d0], sa_mask[0]=0x7ffbfeff, sa_flags=0x10000004
SIGPIPE: [libjvm.so+0x7cc4d0], sa_mask[0]=0x7ffbfeff, sa_flags=0x10000004
SIGXFSZ: [libjvm.so+0x7cc4d0], sa_mask[0]=0x7ffbfeff, sa_flags=0x10000004
SIGILL: [libjvm.so+0x7cc4d0], sa_mask[0]=0x7ffbfeff, sa_flags=0x10000004
SIGUSR1: SIG_DFL, sa_mask[0]=0x00000000, sa_flags=0x00000000
SIGUSR2: [libjvm.so+0x7cc370], sa_mask[0]=0x00000004, sa_flags=0x10000004
SIGHUP: [libjvm.so+0x7cc550], sa_mask[0]=0x7ffbfeff, sa_flags=0x10000004
SIGINT: [libjvm.so+0x7cc550], sa_mask[0]=0x7ffbfeff, sa_flags=0x10000004
SIGTERM: [libjvm.so+0x7cc550], sa_mask[0]=0x7ffbfeff, sa_flags=0x10000004
SIGQUIT: [libjvm.so+0x7cc550], sa_mask[0]=0x7ffbfeff, sa_flags=0x10000004
SIGTRAP: SIG_DFL, sa_mask[0]=0x00000000, sa_flags=0x00000000


---------------  S Y S T E M  ---------------

OS:Ubuntu 14.04 (trusty)
uname:Linux 3.19.0-59-generic #65~14.04.1-Ubuntu SMP Tue Apr 19 18:57:09 UTC 2016 x86_64
libc:glibc 2.19 NPTL 2.19 
rlimit: STACK 8192k, CORE 0k, NPROC 12989, NOFILE 4096, AS infinity
load average:12,64 7,54 4,50

/proc/meminfo:
MemTotal:        3409948 kB
MemFree:          147504 kB
MemAvailable:      95836 kB
Buffers:             944 kB
Cached:            57108 kB
SwapCached:            0 kB
Active:          3034636 kB
Inactive:          40672 kB
Active(anon):    3018360 kB
Inactive(anon):    24508 kB
Active(file):      16276 kB
Inactive(file):    16164 kB
Unevictable:          88 kB
Mlocked:              88 kB
SwapTotal:             0 kB
SwapFree:              0 kB
Dirty:               264 kB
Writeback:             0 kB
AnonPages:       3016288 kB
Mapped:            54748 kB
Shmem:             26100 kB
Slab:              77676 kB
SReclaimable:      33156 kB
SUnreclaim:        44520 kB
KernelStack:        9856 kB
PageTables:        40648 kB
NFS_Unstable:          0 kB
Bounce:                0 kB
WritebackTmp:          0 kB
CommitLimit:     1704972 kB
Committed_AS:    6415368 kB
VmallocTotal:   34359738367 kB
VmallocUsed:       95796 kB
VmallocChunk:   34359637248 kB
HardwareCorrupted:     0 kB
AnonHugePages:   1454080 kB
CmaTotal:              0 kB
CmaFree:               0 kB
HugePages_Total:       0
HugePages_Free:        0
HugePages_Rsvd:        0
HugePages_Surp:        0
Hugepagesize:       2048 kB
DirectMap4k:      212732 kB
DirectMap2M:     3401728 kB
DirectMap1G:           0 kB


CPU:total 4 (4 cores per cpu, 1 threads per core) family 22 model 0 stepping 1, cmov, cx8, fxsr, mmx, sse, sse2, sse3, ssse3, sse4.1, sse4.2, popcnt, avx, aes, mmxext, 3dnowpref, lzcnt, sse4a, tsc, tscinvbit, tscinv

/proc/cpuinfo:
processor	: 0
vendor_id	: AuthenticAMD
cpu family	: 22
model		: 0
model name	: AMD A4-5000 APU with Radeon(TM) HD Graphics
stepping	: 1
microcode	: 0x700010b
cpu MHz		: 1500.000
cache size	: 2048 KB
physical id	: 0
siblings	: 4
core id		: 0
cpu cores	: 4
apicid		: 0
initial apicid	: 0
fpu		: yes
fpu_exception	: yes
cpuid level	: 13
wp		: yes
flags		: fpu vme de pse tsc msr pae mce cx8 apic sep mtrr pge mca cmov pat pse36 clflush mmx fxsr sse sse2 ht syscall nx mmxext fxsr_opt pdpe1gb rdtscp lm constant_tsc rep_good nopl nonstop_tsc extd_apicid aperfmperf eagerfpu pni pclmulqdq monitor ssse3 cx16 sse4_1 sse4_2 movbe popcnt aes xsave avx f16c lahf_lm cmp_legacy svm extapic cr8_legacy abm sse4a misalignsse 3dnowprefetch osvw ibs skinit wdt topoext perfctr_nb perfctr_l2 arat hw_pstate proc_feedback npt lbrv svm_lock nrip_save tsc_scale flushbyasid decodeassists pausefilter pfthreshold vmmcall bmi1 xsaveopt
bugs		: fxsave_leak
bogomips	: 2994.37
TLB size	: 1024 4K pages
clflush size	: 64
cache_alignment	: 64
address sizes	: 40 bits physical, 48 bits virtual
power management: ts ttp tm 100mhzsteps hwpstate [11]

processor	: 1
vendor_id	: AuthenticAMD
cpu family	: 22
model		: 0
model name	: AMD A4-5000 APU with Radeon(TM) HD Graphics    
stepping	: 1
microcode	: 0x700010b
cpu MHz		: 1300.000
cache size	: 2048 KB
physical id	: 0
siblings	: 4
core id		: 1
cpu cores	: 4
apicid		: 1
initial apicid	: 1
fpu		: yes
fpu_exception	: yes
cpuid level	: 13
wp		: yes
flags		: fpu vme de pse tsc msr pae mce cx8 apic sep mtrr pge mca cmov pat pse36 clflush mmx fxsr sse sse2 ht syscall nx mmxext fxsr_opt pdpe1gb rdtscp lm constant_tsc rep_good nopl nonstop_tsc extd_apicid aperfmperf eagerfpu pni pclmulqdq monitor ssse3 cx16 sse4_1 sse4_2 movbe popcnt aes xsave avx f16c lahf_lm cmp_legacy svm extapic cr8_legacy abm sse4a misalignsse 3dnowprefetch osvw ibs skinit wdt topoext perfctr_nb perfctr_l2 arat hw_pstate proc_feedback npt lbrv svm_lock nrip_save tsc_scale flushbyasid decodeassists pausefilter pfthreshold vmmcall bmi1 xsaveopt
bugs		: fxsave_leak
bogomips	: 2994.37
TLB size	: 1024 4K pages
clflush size	: 64
cache_alignment	: 64
address sizes	: 40 bits physical, 48 bits virtual
power management: ts ttp tm 100mhzsteps hwpstate [11]

processor	: 2
vendor_id	: AuthenticAMD
cpu family	: 22
model		: 0
model name	: AMD A4-5000 APU with Radeon(TM) HD Graphics    
stepping	: 1
microcode	: 0x700010b
cpu MHz		: 1300.000
cache size	: 2048 KB
physical id	: 0
siblings	: 4
core id		: 2
cpu cores	: 4
apicid		: 2
initial apicid	: 2
fpu		: yes
fpu_exception	: yes
cpuid level	: 13
wp		: yes
flags		: fpu vme de pse tsc msr pae mce cx8 apic sep mtrr pge mca cmov pat pse36 clflush mmx fxsr sse sse2 ht syscall nx mmxext fxsr_opt pdpe1gb rdtscp lm constant_tsc rep_good nopl nonstop_tsc extd_apicid aperfmperf eagerfpu pni pclmulqdq monitor ssse3 cx16 sse4_1 sse4_2 movbe popcnt aes xsave avx f16c lahf_lm cmp_legacy svm extapic cr8_legacy abm sse4a misalignsse 3dnowprefetch osvw ibs skinit wdt topoext perfctr_nb perfctr_l2 arat hw_pstate proc_feedback npt lbrv svm_lock nrip_save tsc_scale flushbyasid decodeassists pausefilter pfthreshold vmmcall bmi1 xsaveopt
bugs		: fxsave_leak
bogomips	: 2994.37
TLB size	: 1024 4K pages
clflush size	: 64
cache_alignment	: 64
address sizes	: 40 bits physical, 48 bits virtual
power management: ts ttp tm 100mhzsteps hwpstate [11]

processor	: 3
vendor_id	: AuthenticAMD
cpu family	: 22
model		: 0
model name	: AMD A4-5000 APU with Radeon(TM) HD Graphics    
stepping	: 1
microcode	: 0x700010b
cpu MHz		: 1300.000
cache size	: 2048 KB
physical id	: 0
siblings	: 4
core id		: 3
cpu cores	: 4
apicid		: 3
initial apicid	: 3
fpu		: yes
fpu_exception	: yes
cpuid level	: 13
wp		: yes
flags		: fpu vme de pse tsc msr pae mce cx8 apic sep mtrr pge mca cmov pat pse36 clflush mmx fxsr sse sse2 ht syscall nx mmxext fxsr_opt pdpe1gb rdtscp lm constant_tsc rep_good nopl nonstop_tsc extd_apicid aperfmperf eagerfpu pni pclmulqdq monitor ssse3 cx16 sse4_1 sse4_2 movbe popcnt aes xsave avx f16c lahf_lm cmp_legacy svm extapic cr8_legacy abm sse4a misalignsse 3dnowprefetch osvw ibs skinit wdt topoext perfctr_nb perfctr_l2 arat hw_pstate proc_feedback npt lbrv svm_lock nrip_save tsc_scale flushbyasid decodeassists pausefilter pfthreshold vmmcall bmi1 xsaveopt
bugs		: fxsave_leak
bogomips	: 2994.37
TLB size	: 1024 4K pages
clflush size	: 64
cache_alignment	: 64
address sizes	: 40 bits physical, 48 bits virtual
power management: ts ttp tm 100mhzsteps hwpstate [11]



Memory: 4k page, physical 3409948k(147504k free), swap 0k(0k free)

vm_info: OpenJDK 64-Bit Server VM (24.95-b01) for linux-amd64 JRE (1.7.0_101-b00), built on Apr 24 2016 20:39:29 by "buildd" with gcc 4.8.2

time: Tue May 10 19:15:08 2016
elapsed time: 41 seconds

