#
# There is insufficient memory for the Java Runtime Environment to continue.
# Native memory allocation (malloc) failed to allocate 130023424 bytes for committing reserved memory.
# Possible reasons:
#   The system is out of physical RAM or swap space
#   In 32 bit mode, the process size limit was hit
# Possible solutions:
#   Reduce memory load on the system
#   Increase physical memory or swap space
#   Check if swap backing store is full
#   Use 64 bit Java on a 64 bit OS
#   Decrease Java heap size (-Xmx/-Xms)
#   Decrease number of Java threads
#   Decrease Java thread stack sizes (-Xss)
#   Set larger code cache with -XX:ReservedCodeCacheSize=
# This output file may be truncated or incomplete.
#
#  Out of Memory Error (os_linux.cpp:2827), pid=10228, tid=139648242276096
#
# JRE version: OpenJDK Runtime Environment (7.0_101) (build 1.7.0_101-b00)
# Java VM: OpenJDK 64-Bit Server VM (24.95-b01 mixed mode linux-amd64 compressed oops)
# Derivative: IcedTea 2.6.6
# Distribution: Ubuntu 14.04 LTS, package 7u101-2.6.6-0ubuntu0.14.04.1
# Failed to write core dump. Core dumps have been disabled. To enable core dumping, try "ulimit -c unlimited" before starting Java again
#

---------------  T H R E A D  ---------------

Current thread (0x00007f0278076000):  VMThread [stack: 0x00007f0263cfd000,0x00007f0263dfe000] [id=10258]

Stack: [0x00007f0263cfd000,0x00007f0263dfe000],  sp=0x00007f0263dfc490,  free space=1021k
Native frames: (J=compiled Java code, j=interpreted, Vv=VM code, C=native code)
V  [libjvm.so+0x955705]
V  [libjvm.so+0x490c44]
V  [libjvm.so+0x7d0c9b]
V  [libjvm.so+0x7cb75f]
V  [libjvm.so+0x83ee5b]
V  [libjvm.so+0x83fcc0]
V  [libjvm.so+0x8403ab]
V  [libjvm.so+0x83c5e8]
V  [libjvm.so+0x83ce58]
V  [libjvm.so+0x7f34a3]
V  [libjvm.so+0x957104]
V  [libjvm.so+0x95b207]
V  [libjvm.so+0x959cc8]
V  [libjvm.so+0x95a129]
V  [libjvm.so+0x95a572]
V  [libjvm.so+0x7cdb62]

VM_Operation (0x00007f0260f41110): ParallelGCFailedAllocation, mode: safepoint, requested by thread 0x00007f02781b2000


---------------  P R O C E S S  ---------------

Java Threads: ( => current thread )
  0x00007f02781b2000 JavaThread "pool-1-thread-4" [_thread_blocked, id=10298, stack(0x00007f0260e42000,0x00007f0260f43000)]
  0x00007f02781b0800 JavaThread "pool-1-thread-3" [_thread_blocked, id=10297, stack(0x00007f0260f43000,0x00007f0261044000)]
  0x00007f02781af000 JavaThread "pool-1-thread-2" [_thread_blocked, id=10296, stack(0x00007f0261044000,0x00007f0261145000)]
  0x00007f02781ab800 JavaThread "pool-2-thread-1" [_thread_blocked, id=10295, stack(0x00007f0261145000,0x00007f0261246000)]
  0x00007f02781aa000 JavaThread "pool-1-thread-1" [_thread_blocked, id=10294, stack(0x00007f0261246000,0x00007f0261347000)]
  0x00007f02780b0800 JavaThread "Service Thread" daemon [_thread_blocked, id=10280, stack(0x00007f0262bf7000,0x00007f0262cf8000)]
  0x00007f02780ae800 JavaThread "C2 CompilerThread1" daemon [_thread_blocked, id=10279, stack(0x00007f0262cf8000,0x00007f0262df9000)]
  0x00007f02780ab800 JavaThread "C2 CompilerThread0" daemon [_thread_blocked, id=10278, stack(0x00007f0262df9000,0x00007f0262efa000)]
  0x00007f02780a9000 JavaThread "Signal Dispatcher" daemon [_thread_blocked, id=10277, stack(0x00007f0262efa000,0x00007f0262ffb000)]
  0x00007f027807c000 JavaThread "Finalizer" daemon [_thread_blocked, id=10261, stack(0x00007f0263afb000,0x00007f0263bfc000)]
  0x00007f027807a000 JavaThread "Reference Handler" daemon [_thread_blocked, id=10260, stack(0x00007f0263bfc000,0x00007f0263cfd000)]
  0x00007f027800a800 JavaThread "main" [_thread_blocked, id=10236, stack(0x00007f027e46c000,0x00007f027e56d000)]

Other Threads:
=>0x00007f0278076000 VMThread [stack: 0x00007f0263cfd000,0x00007f0263dfe000] [id=10258]
  0x00007f02780bb000 WatcherThread [stack: 0x00007f0262af6000,0x00007f0262bf7000] [id=10281]

VM state:at safepoint (normal execution)

VM Mutex/Monitor currently owned by a thread:  ([mutex/lock_event])
[0x00007f0278006ac0] Threads_lock - owner thread: 0x00007f0278076000
[0x00007f0278006fc0] Heap_lock - owner thread: 0x00007f02781b2000

Heap
 PSYoungGen      total 124416K, used 15343K [0x00000000eaa80000, 0x00000000f3480000, 0x0000000100000000)
  eden space 109056K, 0% used [0x00000000eaa80000,0x00000000eaa80000,0x00000000f1500000)
  from space 15360K, 99% used [0x00000000f1500000,0x00000000f23fbdd0,0x00000000f2400000)
  to   space 13824K, 0% used [0x00000000f2400000,0x00000000f2400000,0x00000000f3180000)
 ParOldGen       total 35328K, used 34364K [0x00000000c0000000, 0x00000000c2280000, 0x00000000eaa80000)
  object space 35328K, 97% used [0x00000000c0000000,0x00000000c218f0b8,0x00000000c2280000)
 PSPermGen       total 21504K, used 6400K [0x00000000b5a00000, 0x00000000b6f00000, 0x00000000c0000000)
  object space 21504K, 29% used [0x00000000b5a00000,0x00000000b6040028,0x00000000b6f00000)

Card table byte_map: [0x00007f0273d1f000,0x00007f0273f73000] byte_map_base: 0x00007f0273772000

Polling page: 0x00007f027e58e000

Code Cache  [0x00007f0273f73000, 0x00007f02741e3000, 0x00007f0276f73000)
 total_blobs=644 nmethods=414 adapters=184 free_code_cache=47433Kb largest_free_block=48542400

Compilation events (10 events):
Event: 51,420 Thread 0x00007f02780ae800 nmethod 428 0x00007f0274123610 code [0x00007f02741237c0, 0x00007f0274123c78]
Event: 51,420 Thread 0x00007f02780ae800  429             com.android.dx.dex.code.RopTranslator$TranslationVisitor::addOutput (9 bytes)
Event: 51,438 Thread 0x00007f02780ae800 nmethod 429 0x00007f0274098d50 code [0x00007f0274098ea0, 0x00007f0274098f48]
Event: 51,438 Thread 0x00007f02780ae800  430             com.android.dx.rop.type.Type::getBasicFrameType (60 bytes)
Event: 51,439 Thread 0x00007f02780ae800 nmethod 430 0x00007f0274121c90 code [0x00007f0274121dc0, 0x00007f0274121e38]
Event: 51,439 Thread 0x00007f02780ae800  431             com.android.dx.cf.code.ValueAwareMachine::run (1142 bytes)
Event: 51,547 Thread 0x00007f02780ab800 nmethod 427 0x00007f0274126450 code [0x00007f0274126680, 0x00007f02741270d0]
Event: 51,548 Thread 0x00007f02780ab800  432             com.android.dx.cf.code.BaseMachine::getLocalTarget (151 bytes)
Event: 51,651 Thread 0x00007f02780ab800 nmethod 432 0x00007f0274121e90 code [0x00007f02741220a0, 0x00007f02741229a0]
Event: 51,651 Thread 0x00007f02780ab800  433             com.android.dx.ssa.SsaConverter::needsNewSuccessor (53 bytes)

GC Heap History (10 events):
Event: 2,687 GC heap after
Heap after GC invocations=2 (full 0):
 PSYoungGen      total 29696K, used 2042K [0x00000000eaa80000, 0x00000000ec980000, 0x0000000100000000)
  eden space 27648K, 0% used [0x00000000eaa80000,0x00000000eaa80000,0x00000000ec580000)
  from space 2048K, 99% used [0x00000000ec780000,0x00000000ec97e8e8,0x00000000ec980000)
  to   space 2048K, 0% used [0x00000000ec580000,0x00000000ec580000,0x00000000ec780000)
 ParOldGen       total 35328K, used 1812K [0x00000000c0000000, 0x00000000c2280000, 0x00000000eaa80000)
  object space 35328K, 5% used [0x00000000c0000000,0x00000000c01c50c8,0x00000000c2280000)
 PSPermGen       total 21504K, used 5986K [0x00000000b5a00000, 0x00000000b6f00000, 0x00000000c0000000)
  object space 21504K, 27% used [0x00000000b5a00000,0x00000000b5fd8b28,0x00000000b6f00000)
}
Event: 8,421 GC heap before
{Heap before GC invocations=3 (full 0):
 PSYoungGen      total 29696K, used 29690K [0x00000000eaa80000, 0x00000000ec980000, 0x0000000100000000)
  eden space 27648K, 100% used [0x00000000eaa80000,0x00000000ec580000,0x00000000ec580000)
  from space 2048K, 99% used [0x00000000ec780000,0x00000000ec97e8e8,0x00000000ec980000)
  to   space 2048K, 0% used [0x00000000ec580000,0x00000000ec580000,0x00000000ec780000)
 ParOldGen       total 35328K, used 1812K [0x00000000c0000000, 0x00000000c2280000, 0x00000000eaa80000)
  object space 35328K, 5% used [0x00000000c0000000,0x00000000c01c50c8,0x00000000c2280000)
 PSPermGen       total 21504K, used 6222K [0x00000000b5a00000, 0x00000000b6f00000, 0x00000000c0000000)
  object space 21504K, 28% used [0x00000000b5a00000,0x00000000b6013b60,0x00000000b6f00000)
Event: 8,508 GC heap after
Heap after GC invocations=3 (full 0):
 PSYoungGen      total 29696K, used 2033K [0x00000000eaa80000, 0x00000000ee480000, 0x0000000100000000)
  eden space 27648K, 0% used [0x00000000eaa80000,0x00000000eaa80000,0x00000000ec580000)
  from space 2048K, 99% used [0x00000000ec580000,0x00000000ec77c708,0x00000000ec780000)
  to   space 2048K, 0% used [0x00000000ee280000,0x00000000ee280000,0x00000000ee480000)
 ParOldGen       total 35328K, used 7050K [0x00000000c0000000, 0x00000000c2280000, 0x00000000eaa80000)
  object space 35328K, 19% used [0x00000000c0000000,0x00000000c06e29e0,0x00000000c2280000)
 PSPermGen       total 21504K, used 6222K [0x00000000b5a00000, 0x00000000b6f00000, 0x00000000c0000000)
  object space 21504K, 28% used [0x00000000b5a00000,0x00000000b6013b60,0x00000000b6f00000)
}
Event: 16,877 GC heap before
{Heap before GC invocations=4 (full 0):
 PSYoungGen      total 29696K, used 29681K [0x00000000eaa80000, 0x00000000ee480000, 0x0000000100000000)
  eden space 27648K, 100% used [0x00000000eaa80000,0x00000000ec580000,0x00000000ec580000)
  from space 2048K, 99% used [0x00000000ec580000,0x00000000ec77c708,0x00000000ec780000)
  to   space 2048K, 0% used [0x00000000ee280000,0x00000000ee280000,0x00000000ee480000)
 ParOldGen       total 35328K, used 7050K [0x00000000c0000000, 0x00000000c2280000, 0x00000000eaa80000)
  object space 35328K, 19% used [0x00000000c0000000,0x00000000c06e29e0,0x00000000c2280000)
 PSPermGen       total 21504K, used 6266K [0x00000000b5a00000, 0x00000000b6f00000, 0x00000000c0000000)
  object space 21504K, 29% used [0x00000000b5a00000,0x00000000b601e970,0x00000000b6f00000)
Event: 16,963 GC heap after
Heap after GC invocations=4 (full 0):
 PSYoungGen      total 57344K, used 2029K [0x00000000eaa80000, 0x00000000ee480000, 0x0000000100000000)
  eden space 55296K, 0% used [0x00000000eaa80000,0x00000000eaa80000,0x00000000ee080000)
  from space 2048K, 99% used [0x00000000ee280000,0x00000000ee47b488,0x00000000ee480000)
  to   space 2048K, 0% used [0x00000000ee080000,0x00000000ee080000,0x00000000ee280000)
 ParOldGen       total 35328K, used 12017K [0x00000000c0000000, 0x00000000c2280000, 0x00000000eaa80000)
  object space 35328K, 34% used [0x00000000c0000000,0x00000000c0bbc580,0x00000000c2280000)
 PSPermGen       total 21504K, used 6266K [0x00000000b5a00000, 0x00000000b6f00000, 0x00000000c0000000)
  object space 21504K, 29% used [0x00000000b5a00000,0x00000000b601e970,0x00000000b6f00000)
}
Event: 32,052 GC heap before
{Heap before GC invocations=5 (full 0):
 PSYoungGen      total 57344K, used 57325K [0x00000000eaa80000, 0x00000000ee480000, 0x0000000100000000)
  eden space 55296K, 100% used [0x00000000eaa80000,0x00000000ee080000,0x00000000ee080000)
  from space 2048K, 99% used [0x00000000ee280000,0x00000000ee47b488,0x00000000ee480000)
  to   space 2048K, 0% used [0x00000000ee080000,0x00000000ee080000,0x00000000ee280000)
 ParOldGen       total 35328K, used 12017K [0x00000000c0000000, 0x00000000c2280000, 0x00000000eaa80000)
  object space 35328K, 34% used [0x00000000c0000000,0x00000000c0bbc580,0x00000000c2280000)
 PSPermGen       total 21504K, used 6317K [0x00000000b5a00000, 0x00000000b6f00000, 0x00000000c0000000)
  object space 21504K, 29% used [0x00000000b5a00000,0x00000000b602b500,0x00000000b6f00000)
Event: 32,384 GC heap after
Heap after GC invocations=5 (full 0):
 PSYoungGen      total 57344K, used 2017K [0x00000000eaa80000, 0x00000000f3180000, 0x0000000100000000)
  eden space 55296K, 0% used [0x00000000eaa80000,0x00000000eaa80000,0x00000000ee080000)
  from space 2048K, 98% used [0x00000000ee080000,0x00000000ee2786f8,0x00000000ee280000)
  to   space 13824K, 0% used [0x00000000f2400000,0x00000000f2400000,0x00000000f3180000)
 ParOldGen       total 35328K, used 21582K [0x00000000c0000000, 0x00000000c2280000, 0x00000000eaa80000)
  object space 35328K, 61% used [0x00000000c0000000,0x00000000c15139a0,0x00000000c2280000)
 PSPermGen       total 21504K, used 6317K [0x00000000b5a00000, 0x00000000b6f00000, 0x00000000c0000000)
  object space 21504K, 29% used [0x00000000b5a00000,0x00000000b602b500,0x00000000b6f00000)
}
Event: 41,331 GC heap before
{Heap before GC invocations=6 (full 0):
 PSYoungGen      total 57344K, used 57313K [0x00000000eaa80000, 0x00000000f3180000, 0x0000000100000000)
  eden space 55296K, 100% used [0x00000000eaa80000,0x00000000ee080000,0x00000000ee080000)
  from space 2048K, 98% used [0x00000000ee080000,0x00000000ee2786f8,0x00000000ee280000)
  to   space 13824K, 0% used [0x00000000f2400000,0x00000000f2400000,0x00000000f3180000)
 ParOldGen       total 35328K, used 21582K [0x00000000c0000000, 0x00000000c2280000, 0x00000000eaa80000)
  object space 35328K, 61% used [0x00000000c0000000,0x00000000c15139a0,0x00000000c2280000)
 PSPermGen       total 21504K, used 6363K [0x00000000b5a00000, 0x00000000b6f00000, 0x00000000c0000000)
  object space 21504K, 29% used [0x00000000b5a00000,0x00000000b6036cb8,0x00000000b6f00000)
Event: 41,681 GC heap after
Heap after GC invocations=6 (full 0):
 PSYoungGen      total 122880K, used 11197K [0x00000000eaa80000, 0x00000000f3480000, 0x0000000100000000)
  eden space 109056K, 0% used [0x00000000eaa80000,0x00000000eaa80000,0x00000000f1500000)
  from space 13824K, 81% used [0x00000000f2400000,0x00000000f2eef688,0x00000000f3180000)
  to   space 15360K, 0% used [0x00000000f1500000,0x00000000f1500000,0x00000000f2400000)
 ParOldGen       total 35328K, used 21582K [0x00000000c0000000, 0x00000000c2280000, 0x00000000eaa80000)
  object space 35328K, 61% used [0x00000000c0000000,0x00000000c15139a0,0x00000000c2280000)
 PSPermGen       total 21504K, used 6363K [0x00000000b5a00000, 0x00000000b6f00000, 0x00000000c0000000)
  object space 21504K, 29% used [0x00000000b5a00000,0x00000000b6036cb8,0x00000000b6f00000)
}
Event: 51,677 GC heap before
{Heap before GC invocations=7 (full 0):
 PSYoungGen      total 122880K, used 120253K [0x00000000eaa80000, 0x00000000f3480000, 0x0000000100000000)
  eden space 109056K, 100% used [0x00000000eaa80000,0x00000000f1500000,0x00000000f1500000)
  from space 13824K, 81% used [0x00000000f2400000,0x00000000f2eef688,0x00000000f3180000)
  to   space 15360K, 0% used [0x00000000f1500000,0x00000000f1500000,0x00000000f2400000)
 ParOldGen       total 35328K, used 21582K [0x00000000c0000000, 0x00000000c2280000, 0x00000000eaa80000)
  object space 35328K, 61% used [0x00000000c0000000,0x00000000c15139a0,0x00000000c2280000)
 PSPermGen       total 21504K, used 6400K [0x00000000b5a00000, 0x00000000b6f00000, 0x00000000c0000000)
  object space 21504K, 29% used [0x00000000b5a00000,0x00000000b6040028,0x00000000b6f00000)

Deoptimization events (10 events):
Event: 48,218 Thread 0x00007f02781b2000 Uncommon trap: reason=bimorphic action=maybe_recompile pc=0x00007f02740d6dbc method=com.android.dx.ssa.SCCP.setLatticeValueTo(IILcom/android/dx/rop/cst/Constant;)Z @ 43
Event: 48,316 Thread 0x00007f02781b2000 Uncommon trap: reason=bimorphic action=maybe_recompile pc=0x00007f02740d6dbc method=com.android.dx.ssa.SCCP.setLatticeValueTo(IILcom/android/dx/rop/cst/Constant;)Z @ 43
Event: 50,019 Thread 0x00007f02781b2000 Uncommon trap: reason=bimorphic action=maybe_recompile pc=0x00007f02740fb780 method=com.android.dx.cf.code.BytecodeArray.parseInstruction(ILcom/android/dx/cf/code/BytecodeArray$Visitor;)I @ 1161
Event: 50,037 Thread 0x00007f02781b2000 Uncommon trap: reason=bimorphic action=maybe_recompile pc=0x00007f02740fb780 method=com.android.dx.cf.code.BytecodeArray.parseInstruction(ILcom/android/dx/cf/code/BytecodeArray$Visitor;)I @ 1161
Event: 50,048 Thread 0x00007f02781b0800 Uncommon trap: reason=bimorphic action=maybe_recompile pc=0x00007f02740fcdcc method=com.android.dx.cf.code.BytecodeArray.parseInstruction(ILcom/android/dx/cf/code/BytecodeArray$Visitor;)I @ 2135
Event: 50,071 Thread 0x00007f02781b0800 Uncommon trap: reason=bimorphic action=maybe_recompile pc=0x00007f02740fcdcc method=com.android.dx.cf.code.BytecodeArray.parseInstruction(ILcom/android/dx/cf/code/BytecodeArray$Visitor;)I @ 2135
Event: 50,556 Thread 0x00007f027800a800 Uncommon trap: reason=unstable_if action=reinterpret pc=0x00007f02740651a0 method=com.android.dx.ssa.Dominators.run()V @ 346
Event: 50,817 Thread 0x00007f027800a800 Uncommon trap: reason=bimorphic action=maybe_recompile pc=0x00007f0274115a28 method=com.android.dx.ssa.LiteralOpUpgrader.tryReplacingWithConstant(Lcom/android/dx/ssa/NormalSsaInsn;)Z @ 62
Event: 50,968 Thread 0x00007f027800a800 Uncommon trap: reason=bimorphic action=maybe_recompile pc=0x00007f0274115a28 method=com.android.dx.ssa.LiteralOpUpgrader.tryReplacingWithConstant(Lcom/android/dx/ssa/NormalSsaInsn;)Z @ 62
Event: 50,992 Thread 0x00007f02781b2000 Uncommon trap: reason=unstable_if action=reinterpret pc=0x00007f02740f1f6c method=com.android.dx.ssa.MoveParamCombiner$1.visitNonMoveInsn(Lcom/android/dx/ssa/NormalSsaInsn;)V @ 27

Internal exceptions (10 events):
Event: 2,143 Thread 0x00007f027800a800 Threw 0x00000000eb449d08 at /build/openjdk-7-9duhBW/openjdk-7-7u101-2.6.6/build/openjdk/hotspot/src/share/vm/prims/jvm.cpp:1322
Event: 2,144 Thread 0x00007f027800a800 Threw 0x00000000eb44c888 at /build/openjdk-7-9duhBW/openjdk-7-7u101-2.6.6/build/openjdk/hotspot/src/share/vm/prims/jvm.cpp:1322
Event: 2,883 Thread 0x00007f027800a800 Threw 0x00000000eac1b610 at /build/openjdk-7-9duhBW/openjdk-7-7u101-2.6.6/build/openjdk/hotspot/src/share/vm/prims/jvm.cpp:1322
Event: 4,944 Thread 0x00007f02781af000 Threw 0x00000000eb4fed88 at /build/openjdk-7-9duhBW/openjdk-7-7u101-2.6.6/build/openjdk/hotspot/src/share/vm/prims/jvm.cpp:1322
Event: 26,013 Thread 0x00007f02781af000 Threw 0x00000000eba6a210 at /build/openjdk-7-9duhBW/openjdk-7-7u101-2.6.6/build/openjdk/hotspot/src/share/vm/prims/jvm.cpp:1322
Event: 26,357 Thread 0x00007f027800a800 Threw 0x00000000ebce67d0 at /build/openjdk-7-9duhBW/openjdk-7-7u101-2.6.6/build/openjdk/hotspot/src/share/vm/prims/jvm.cpp:1322
Event: 27,174 Thread 0x00007f02781b0800 Threw 0x00000000ec262080 at /build/openjdk-7-9duhBW/openjdk-7-7u101-2.6.6/build/openjdk/hotspot/src/share/vm/prims/jvm.cpp:1322
Event: 29,444 Thread 0x00007f02781af000 Implicit null exception at 0x00007f0274095725 to 0x00007f02740991ed
Event: 42,218 Thread 0x00007f027800a800 Threw 0x00000000eb03b0f8 at /build/openjdk-7-9duhBW/openjdk-7-7u101-2.6.6/build/openjdk/hotspot/src/share/vm/prims/jvm.cpp:1322
Event: 44,779 Thread 0x00007f02781af000 Implicit null exception at 0x00007f027404367c to 0x00007f0274043791

Events (10 events):
Event: 50,817 Thread 0x00007f027800a800 Uncommon trap: trap_request=0xffffffc6 fr.pc=0x00007f0274115a28
Event: 50,817 Thread 0x00007f027800a800 DEOPT PACKING pc=0x00007f0274115a28 sp=0x00007f027e56a960
Event: 50,817 Thread 0x00007f027800a800 DEOPT UNPACKING pc=0x00007f0273fac045 sp=0x00007f027e56a848 mode 2
Event: 50,968 Thread 0x00007f027800a800 Uncommon trap: trap_request=0xffffffc6 fr.pc=0x00007f0274115a28
Event: 50,968 Thread 0x00007f027800a800 DEOPT PACKING pc=0x00007f0274115a28 sp=0x00007f027e56a8e0
Event: 50,968 Thread 0x00007f027800a800 DEOPT UNPACKING pc=0x00007f0273fac045 sp=0x00007f027e56a7c8 mode 2
Event: 50,992 Thread 0x00007f02781b2000 Uncommon trap: trap_request=0xffffff75 fr.pc=0x00007f02740f1f6c
Event: 50,992 Thread 0x00007f02781b2000 DEOPT PACKING pc=0x00007f02740f1f6c sp=0x00007f0260f41170
Event: 50,992 Thread 0x00007f02781b2000 DEOPT UNPACKING pc=0x00007f0273fac045 sp=0x00007f0260f410e8 mode 2
Event: 51,671 Executing VM operation: ParallelGCFailedAllocation


Dynamic libraries:
00400000-00401000 r-xp 00000000 08:06 795899                             /usr/lib/jvm/java-7-openjdk-amd64/jre/bin/java
00600000-00601000 r--p 00000000 08:06 795899                             /usr/lib/jvm/java-7-openjdk-amd64/jre/bin/java
00601000-00602000 rw-p 00001000 08:06 795899                             /usr/lib/jvm/java-7-openjdk-amd64/jre/bin/java
020d1000-020f2000 rw-p 00000000 00:00 0                                  [heap]
b5a00000-b6f00000 rw-p 00000000 00:00 0 
b6f00000-c0000000 rw-p 00000000 00:00 0 
c0000000-c2280000 rw-p 00000000 00:00 0 
c2280000-eaa80000 rw-p 00000000 00:00 0 
eaa80000-f3480000 rw-p 00000000 00:00 0 
fb080000-100000000 rw-p 00000000 00:00 0 
7f0228000000-7f0228029000 rw-p 00000000 00:00 0 
7f0228029000-7f022c000000 ---p 00000000 00:00 0 
7f022c000000-7f022c022000 rw-p 00000000 00:00 0 
7f022c022000-7f0230000000 ---p 00000000 00:00 0 
7f0230000000-7f0230021000 rw-p 00000000 00:00 0 
7f0230021000-7f0234000000 ---p 00000000 00:00 0 
7f0234000000-7f0234021000 rw-p 00000000 00:00 0 
7f0234021000-7f0238000000 ---p 00000000 00:00 0 
7f0238000000-7f0238021000 rw-p 00000000 00:00 0 
7f0238021000-7f023c000000 ---p 00000000 00:00 0 
7f023c000000-7f023c03a000 rw-p 00000000 00:00 0 
7f023c03a000-7f0240000000 ---p 00000000 00:00 0 
7f0240000000-7f02415e9000 rw-p 00000000 00:00 0 
7f02415e9000-7f0244000000 ---p 00000000 00:00 0 
7f0244000000-7f0244021000 rw-p 00000000 00:00 0 
7f0244021000-7f0248000000 ---p 00000000 00:00 0 
7f0248000000-7f0248021000 rw-p 00000000 00:00 0 
7f0248021000-7f024c000000 ---p 00000000 00:00 0 
7f024c000000-7f024d993000 rw-p 00000000 00:00 0 
7f024d993000-7f0250000000 ---p 00000000 00:00 0 
7f0250000000-7f0250021000 rw-p 00000000 00:00 0 
7f0250021000-7f0254000000 ---p 00000000 00:00 0 
7f0254000000-7f0254021000 rw-p 00000000 00:00 0 
7f0254021000-7f0258000000 ---p 00000000 00:00 0 
7f0258000000-7f0258021000 rw-p 00000000 00:00 0 
7f0258021000-7f025c000000 ---p 00000000 00:00 0 
7f025c000000-7f025c021000 rw-p 00000000 00:00 0 
7f025c021000-7f0260000000 ---p 00000000 00:00 0 
7f0260e42000-7f0260e45000 ---p 00000000 00:00 0 
7f0260e45000-7f0260f43000 rw-p 00000000 00:00 0 
7f0260f43000-7f0260f46000 ---p 00000000 00:00 0 
7f0260f46000-7f0261044000 rw-p 00000000 00:00 0 
7f0261044000-7f0261047000 ---p 00000000 00:00 0 
7f0261047000-7f0261145000 rw-p 00000000 00:00 0 
7f0261145000-7f0261148000 ---p 00000000 00:00 0 
7f0261148000-7f0261246000 rw-p 00000000 00:00 0 
7f0261246000-7f0261249000 ---p 00000000 00:00 0 
7f0261249000-7f0261378000 rw-p 00000000 00:00 0 
7f0261378000-7f02613b5000 r-xp 00000000 08:06 1440198                    /lib/x86_64-linux-gnu/libpcre.so.3.13.1
7f02613b5000-7f02615b4000 ---p 0003d000 08:06 1440198                    /lib/x86_64-linux-gnu/libpcre.so.3.13.1
7f02615b4000-7f02615b5000 r--p 0003c000 08:06 1440198                    /lib/x86_64-linux-gnu/libpcre.so.3.13.1
7f02615b5000-7f02615b6000 rw-p 0003d000 08:06 1440198                    /lib/x86_64-linux-gnu/libpcre.so.3.13.1
7f02615b6000-7f02615bd000 r-xp 00000000 08:06 523646                     /usr/lib/x86_64-linux-gnu/libffi.so.6.0.1
7f02615bd000-7f02617bc000 ---p 00007000 08:06 523646                     /usr/lib/x86_64-linux-gnu/libffi.so.6.0.1
7f02617bc000-7f02617bd000 r--p 00006000 08:06 523646                     /usr/lib/x86_64-linux-gnu/libffi.so.6.0.1
7f02617bd000-7f02617be000 rw-p 00007000 08:06 523646                     /usr/lib/x86_64-linux-gnu/libffi.so.6.0.1
7f02617be000-7f02617d5000 r-xp 00000000 08:06 1446787                    /lib/x86_64-linux-gnu/libresolv-2.19.so
7f02617d5000-7f02619d5000 ---p 00017000 08:06 1446787                    /lib/x86_64-linux-gnu/libresolv-2.19.so
7f02619d5000-7f02619d6000 r--p 00017000 08:06 1446787                    /lib/x86_64-linux-gnu/libresolv-2.19.so
7f02619d6000-7f02619d7000 rw-p 00018000 08:06 1446787                    /lib/x86_64-linux-gnu/libresolv-2.19.so
7f02619d7000-7f02619d9000 rw-p 00000000 00:00 0 
7f02619d9000-7f02619f9000 r-xp 00000000 08:06 1443709                    /lib/x86_64-linux-gnu/libselinux.so.1
7f02619f9000-7f0261bf8000 ---p 00020000 08:06 1443709                    /lib/x86_64-linux-gnu/libselinux.so.1
7f0261bf8000-7f0261bf9000 r--p 0001f000 08:06 1443709                    /lib/x86_64-linux-gnu/libselinux.so.1
7f0261bf9000-7f0261bfa000 rw-p 00020000 08:06 1443709                    /lib/x86_64-linux-gnu/libselinux.so.1
7f0261bfa000-7f0261bfc000 rw-p 00000000 00:00 0 
7f0261bfc000-7f0261bff000 r-xp 00000000 08:06 531295                     /usr/lib/x86_64-linux-gnu/libgmodule-2.0.so.0.4002.0
7f0261bff000-7f0261dfe000 ---p 00003000 08:06 531295                     /usr/lib/x86_64-linux-gnu/libgmodule-2.0.so.0.4002.0
7f0261dfe000-7f0261dff000 r--p 00002000 08:06 531295                     /usr/lib/x86_64-linux-gnu/libgmodule-2.0.so.0.4002.0
7f0261dff000-7f0261e00000 rw-p 00003000 08:06 531295                     /usr/lib/x86_64-linux-gnu/libgmodule-2.0.so.0.4002.0
7f0261e00000-7f0261f06000 r-xp 00000000 08:06 1443610                    /lib/x86_64-linux-gnu/libglib-2.0.so.0.4002.0
7f0261f06000-7f0262105000 ---p 00106000 08:06 1443610                    /lib/x86_64-linux-gnu/libglib-2.0.so.0.4002.0
7f0262105000-7f0262106000 r--p 00105000 08:06 1443610                    /lib/x86_64-linux-gnu/libglib-2.0.so.0.4002.0
7f0262106000-7f0262107000 rw-p 00106000 08:06 1443610                    /lib/x86_64-linux-gnu/libglib-2.0.so.0.4002.0
7f0262107000-7f0262108000 rw-p 00000000 00:00 0 
7f0262108000-7f0262157000 r-xp 00000000 08:06 531307                     /usr/lib/x86_64-linux-gnu/libgobject-2.0.so.0.4002.0
7f0262157000-7f0262357000 ---p 0004f000 08:06 531307                     /usr/lib/x86_64-linux-gnu/libgobject-2.0.so.0.4002.0
7f0262357000-7f0262358000 r--p 0004f000 08:06 531307                     /usr/lib/x86_64-linux-gnu/libgobject-2.0.so.0.4002.0
7f0262358000-7f0262359000 rw-p 00050000 08:06 531307                     /usr/lib/x86_64-linux-gnu/libgobject-2.0.so.0.4002.0
7f0262359000-7f02624c5000 r-xp 00000000 08:06 531285                     /usr/lib/x86_64-linux-gnu/libgio-2.0.so.0.4002.0
7f02624c5000-7f02626c4000 ---p 0016c000 08:06 531285                     /usr/lib/x86_64-linux-gnu/libgio-2.0.so.0.4002.0
7f02626c4000-7f02626c8000 r--p 0016b000 08:06 531285                     /usr/lib/x86_64-linux-gnu/libgio-2.0.so.0.4002.0
7f02626c8000-7f02626ca000 rw-p 0016f000 08:06 531285                     /usr/lib/x86_64-linux-gnu/libgio-2.0.so.0.4002.0
7f02626ca000-7f02626cc000 rw-p 00000000 00:00 0 
7f02626cc000-7f02626e3000 r-xp 00000000 08:06 799168                     /usr/lib/jvm/java-7-openjdk-amd64/jre/lib/amd64/libnet.so
7f02626e3000-7f02628e2000 ---p 00017000 08:06 799168                     /usr/lib/jvm/java-7-openjdk-amd64/jre/lib/amd64/libnet.so
7f02628e2000-7f02628e3000 r--p 00016000 08:06 799168                     /usr/lib/jvm/java-7-openjdk-amd64/jre/lib/amd64/libnet.so
7f02628e3000-7f02628e4000 rw-p 00017000 08:06 799168                     /usr/lib/jvm/java-7-openjdk-amd64/jre/lib/amd64/libnet.so
7f02628e4000-7f02628f4000 r-xp 00000000 08:06 806319                     /usr/lib/jvm/java-7-openjdk-amd64/jre/lib/amd64/libnio.so
7f02628f4000-7f0262af4000 ---p 00010000 08:06 806319                     /usr/lib/jvm/java-7-openjdk-amd64/jre/lib/amd64/libnio.so
7f0262af4000-7f0262af5000 r--p 00010000 08:06 806319                     /usr/lib/jvm/java-7-openjdk-amd64/jre/lib/amd64/libnio.so
7f0262af5000-7f0262af6000 rw-p 00011000 08:06 806319                     /usr/lib/jvm/java-7-openjdk-amd64/jre/lib/amd64/libnio.so
7f0262af6000-7f0262af7000 ---p 00000000 00:00 0 
7f0262af7000-7f0262bf7000 rw-p 00000000 00:00 0 
7f0262bf7000-7f0262bfa000 ---p 00000000 00:00 0 
7f0262bfa000-7f0262cf8000 rw-p 00000000 00:00 0 
7f0262cf8000-7f0262cfb000 ---p 00000000 00:00 0 
7f0262cfb000-7f0262df9000 rw-p 00000000 00:00 0 
7f0262df9000-7f0262dfc000 ---p 00000000 00:00 0 
7f0262dfc000-7f0262efa000 rw-p 00000000 00:00 0 
7f0262efa000-7f0262efd000 ---p 00000000 00:00 0 
7f0262efd000-7f0262ffb000 rw-p 00000000 00:00 0 
7f0262ffb000-7f0263afb000 r--p 00000000 08:06 528122                     /usr/lib/locale/locale-archive
7f0263afb000-7f0263afe000 ---p 00000000 00:00 0 
7f0263afe000-7f0263bfc000 rw-p 00000000 00:00 0 
7f0263bfc000-7f0263bff000 ---p 00000000 00:00 0 
7f0263bff000-7f0263cfd000 rw-p 00000000 00:00 0 
7f0263cfd000-7f0263cfe000 ---p 00000000 00:00 0 
7f0263cfe000-7f0264000000 rw-p 00000000 00:00 0 
7f0264000000-7f0264021000 rw-p 00000000 00:00 0 
7f0264021000-7f0268000000 ---p 00000000 00:00 0 
7f0268000000-7f0268021000 rw-p 00000000 00:00 0 
7f0268021000-7f026c000000 ---p 00000000 00:00 0 
7f026c000000-7f026c037000 rw-p 00000000 00:00 0 
7f026c037000-7f0270000000 ---p 00000000 00:00 0 
7f0270014000-7f0270043000 r--p 00000000 08:06 800728                     /usr/share/locale-langpack/ru/LC_MESSAGES/libc.mo
7f0270043000-7f0270059000 r--s 000f1000 00:1d 1845354                    /home/thedragonspb/AndroidStudioProjects/ComplexCalc3/app/build/intermediates/exploded-aar/com.android.support/support-v4/23.3.0/jars/classes.jar
7f0270059000-7f0270068000 r--s 000df000 00:1d 1343636                    /home/thedragonspb/Android/Sdk/build-tools/23.0.3/lib/dx.jar
7f0270068000-7f0270e1a000 rw-p 00000000 00:00 0 
7f0270e1a000-7f0270fcc000 r--s 01d32000 08:06 806333                     /usr/lib/jvm/java-7-openjdk-amd64/jre/lib/rt.jar
7f0270fcc000-7f02737c5000 rw-p 00000000 00:00 0 
7f02737c5000-7f02737c6000 ---p 00000000 00:00 0 
7f02737c6000-7f02738c6000 rw-p 00000000 00:00 0 
7f02738c6000-7f02738c7000 ---p 00000000 00:00 0 
7f02738c7000-7f02739c7000 rw-p 00000000 00:00 0 
7f02739c7000-7f02739c8000 ---p 00000000 00:00 0 
7f02739c8000-7f0273ac8000 rw-p 00000000 00:00 0 
7f0273ac8000-7f0273ac9000 ---p 00000000 00:00 0 
7f0273ac9000-7f0273bdb000 rw-p 00000000 00:00 0 
7f0273bdb000-7f0273d1f000 rw-p 00000000 00:00 0 
7f0273d1f000-7f0273d2a000 rw-p 00000000 00:00 0 
7f0273d2a000-7f0273d72000 rw-p 00000000 00:00 0 
7f0273d72000-7f0273d84000 rw-p 00000000 00:00 0 
7f0273d84000-7f0273ec7000 rw-p 00000000 00:00 0 
7f0273ec7000-7f0273f0d000 rw-p 00000000 00:00 0 
7f0273f0d000-7f0273f72000 rw-p 00000000 00:00 0 
7f0273f72000-7f0273f73000 rw-p 00000000 00:00 0 
7f0273f73000-7f02741e3000 rwxp 00000000 00:00 0 
7f02741e3000-7f0276f73000 rw-p 00000000 00:00 0 
7f0276f73000-7f0276f7b000 r-xp 00000000 08:06 806301                     /usr/lib/jvm/java-7-openjdk-amd64/jre/lib/amd64/libzip.so
7f0276f7b000-7f027717a000 ---p 00008000 08:06 806301                     /usr/lib/jvm/java-7-openjdk-amd64/jre/lib/amd64/libzip.so
7f027717a000-7f027717b000 r--p 00007000 08:06 806301                     /usr/lib/jvm/java-7-openjdk-amd64/jre/lib/amd64/libzip.so
7f027717b000-7f027717c000 rw-p 00008000 08:06 806301                     /usr/lib/jvm/java-7-openjdk-amd64/jre/lib/amd64/libzip.so
7f027717c000-7f0277187000 r-xp 00000000 08:06 1447429                    /lib/x86_64-linux-gnu/libnss_files-2.19.so
7f0277187000-7f0277386000 ---p 0000b000 08:06 1447429                    /lib/x86_64-linux-gnu/libnss_files-2.19.so
7f0277386000-7f0277387000 r--p 0000a000 08:06 1447429                    /lib/x86_64-linux-gnu/libnss_files-2.19.so
7f0277387000-7f0277388000 rw-p 0000b000 08:06 1447429                    /lib/x86_64-linux-gnu/libnss_files-2.19.so
7f0277388000-7f0277393000 r-xp 00000000 08:06 1447421                    /lib/x86_64-linux-gnu/libnss_nis-2.19.so
7f0277393000-7f0277592000 ---p 0000b000 08:06 1447421                    /lib/x86_64-linux-gnu/libnss_nis-2.19.so
7f0277592000-7f0277593000 r--p 0000a000 08:06 1447421                    /lib/x86_64-linux-gnu/libnss_nis-2.19.so
7f0277593000-7f0277594000 rw-p 0000b000 08:06 1447421                    /lib/x86_64-linux-gnu/libnss_nis-2.19.so
7f0277594000-7f02775ab000 r-xp 00000000 08:06 1447417                    /lib/x86_64-linux-gnu/libnsl-2.19.so
7f02775ab000-7f02777aa000 ---p 00017000 08:06 1447417                    /lib/x86_64-linux-gnu/libnsl-2.19.so
7f02777aa000-7f02777ab000 r--p 00016000 08:06 1447417                    /lib/x86_64-linux-gnu/libnsl-2.19.so
7f02777ab000-7f02777ac000 rw-p 00017000 08:06 1447417                    /lib/x86_64-linux-gnu/libnsl-2.19.so
7f02777ac000-7f02777ae000 rw-p 00000000 00:00 0 
7f02777ae000-7f02777b7000 r-xp 00000000 08:06 1447416                    /lib/x86_64-linux-gnu/libnss_compat-2.19.so
7f02777b7000-7f02779b6000 ---p 00009000 08:06 1447416                    /lib/x86_64-linux-gnu/libnss_compat-2.19.so
7f02779b6000-7f02779b7000 r--p 00008000 08:06 1447416                    /lib/x86_64-linux-gnu/libnss_compat-2.19.so
7f02779b7000-7f02779b8000 rw-p 00009000 08:06 1447416                    /lib/x86_64-linux-gnu/libnss_compat-2.19.so
7f02779b8000-7f02779e3000 r-xp 00000000 08:06 799049                     /usr/lib/jvm/java-7-openjdk-amd64/jre/lib/amd64/libjava.so
7f02779e3000-7f0277be3000 ---p 0002b000 08:06 799049                     /usr/lib/jvm/java-7-openjdk-amd64/jre/lib/amd64/libjava.so
7f0277be3000-7f0277be4000 r--p 0002b000 08:06 799049                     /usr/lib/jvm/java-7-openjdk-amd64/jre/lib/amd64/libjava.so
7f0277be4000-7f0277be6000 rw-p 0002c000 08:06 799049                     /usr/lib/jvm/java-7-openjdk-amd64/jre/lib/amd64/libjava.so
7f0277be6000-7f0277bf6000 r-xp 00000000 08:06 799050                     /usr/lib/jvm/java-7-openjdk-amd64/jre/lib/amd64/libverify.so
7f0277bf6000-7f0277df5000 ---p 00010000 08:06 799050                     /usr/lib/jvm/java-7-openjdk-amd64/jre/lib/amd64/libverify.so
7f0277df5000-7f0277df7000 r--p 0000f000 08:06 799050                     /usr/lib/jvm/java-7-openjdk-amd64/jre/lib/amd64/libverify.so
7f0277df7000-7f0277df8000 rw-p 00011000 08:06 799050                     /usr/lib/jvm/java-7-openjdk-amd64/jre/lib/amd64/libverify.so
7f0277df8000-7f0277dff000 r-xp 00000000 08:06 1447425                    /lib/x86_64-linux-gnu/librt-2.19.so
7f0277dff000-7f0277ffe000 ---p 00007000 08:06 1447425                    /lib/x86_64-linux-gnu/librt-2.19.so
7f0277ffe000-7f0277fff000 r--p 00006000 08:06 1447425                    /lib/x86_64-linux-gnu/librt-2.19.so
7f0277fff000-7f0278000000 rw-p 00007000 08:06 1447425                    /lib/x86_64-linux-gnu/librt-2.19.so
7f0278000000-7f02781ce000 rw-p 00000000 00:00 0 
7f02781ce000-7f027c000000 ---p 00000000 00:00 0 
7f027c007000-7f027c00e000 r--s 00000000 08:06 660065                     /usr/lib/x86_64-linux-gnu/gconv/gconv-modules.cache
7f027c00e000-7f027c011000 r--s 0000f000 08:06 806346                     /usr/lib/jvm/java-7-openjdk-amd64/jre/lib/ext/icedtea-sound.jar
7f027c011000-7f027c0e8000 rw-p 00000000 00:00 0 
7f027c0e8000-7f027c130000 rw-p 00000000 00:00 0 
7f027c130000-7f027c146000 r-xp 00000000 08:06 1443556                    /lib/x86_64-linux-gnu/libgcc_s.so.1
7f027c146000-7f027c345000 ---p 00016000 08:06 1443556                    /lib/x86_64-linux-gnu/libgcc_s.so.1
7f027c345000-7f027c346000 rw-p 00015000 08:06 1443556                    /lib/x86_64-linux-gnu/libgcc_s.so.1
7f027c346000-7f027c44b000 r-xp 00000000 08:06 1447411                    /lib/x86_64-linux-gnu/libm-2.19.so
7f027c44b000-7f027c64a000 ---p 00105000 08:06 1447411                    /lib/x86_64-linux-gnu/libm-2.19.so
7f027c64a000-7f027c64b000 r--p 00104000 08:06 1447411                    /lib/x86_64-linux-gnu/libm-2.19.so
7f027c64b000-7f027c64c000 rw-p 00105000 08:06 1447411                    /lib/x86_64-linux-gnu/libm-2.19.so
7f027c64c000-7f027c732000 r-xp 00000000 08:06 523292                     /usr/lib/x86_64-linux-gnu/libstdc++.so.6.0.19
7f027c732000-7f027c931000 ---p 000e6000 08:06 523292                     /usr/lib/x86_64-linux-gnu/libstdc++.so.6.0.19
7f027c931000-7f027c939000 r--p 000e5000 08:06 523292                     /usr/lib/x86_64-linux-gnu/libstdc++.so.6.0.19
7f027c939000-7f027c93b000 rw-p 000ed000 08:06 523292                     /usr/lib/x86_64-linux-gnu/libstdc++.so.6.0.19
7f027c93b000-7f027c950000 rw-p 00000000 00:00 0 
7f027c950000-7f027d475000 r-xp 00000000 08:06 805879                     /usr/lib/jvm/java-7-openjdk-amd64/jre/lib/amd64/server/libjvm.so
7f027d475000-7f027d675000 ---p 00b25000 08:06 805879                     /usr/lib/jvm/java-7-openjdk-amd64/jre/lib/amd64/server/libjvm.so
7f027d675000-7f027d70f000 r--p 00b25000 08:06 805879                     /usr/lib/jvm/java-7-openjdk-amd64/jre/lib/amd64/server/libjvm.so
7f027d70f000-7f027d732000 rw-p 00bbf000 08:06 805879                     /usr/lib/jvm/java-7-openjdk-amd64/jre/lib/amd64/server/libjvm.so
7f027d732000-7f027d761000 rw-p 00000000 00:00 0 
7f027d761000-7f027d779000 r-xp 00000000 08:06 1443740                    /lib/x86_64-linux-gnu/libz.so.1.2.8
7f027d779000-7f027d978000 ---p 00018000 08:06 1443740                    /lib/x86_64-linux-gnu/libz.so.1.2.8
7f027d978000-7f027d979000 r--p 00017000 08:06 1443740                    /lib/x86_64-linux-gnu/libz.so.1.2.8
7f027d979000-7f027d97a000 rw-p 00018000 08:06 1443740                    /lib/x86_64-linux-gnu/libz.so.1.2.8
7f027d97a000-7f027d993000 r-xp 00000000 08:06 1447418                    /lib/x86_64-linux-gnu/libpthread-2.19.so
7f027d993000-7f027db92000 ---p 00019000 08:06 1447418                    /lib/x86_64-linux-gnu/libpthread-2.19.so
7f027db92000-7f027db93000 r--p 00018000 08:06 1447418                    /lib/x86_64-linux-gnu/libpthread-2.19.so
7f027db93000-7f027db94000 rw-p 00019000 08:06 1447418                    /lib/x86_64-linux-gnu/libpthread-2.19.so
7f027db94000-7f027db98000 rw-p 00000000 00:00 0 
7f027db98000-7f027db9b000 r-xp 00000000 08:06 1447413                    /lib/x86_64-linux-gnu/libdl-2.19.so
7f027db9b000-7f027dd9a000 ---p 00003000 08:06 1447413                    /lib/x86_64-linux-gnu/libdl-2.19.so
7f027dd9a000-7f027dd9b000 r--p 00002000 08:06 1447413                    /lib/x86_64-linux-gnu/libdl-2.19.so
7f027dd9b000-7f027dd9c000 rw-p 00003000 08:06 1447413                    /lib/x86_64-linux-gnu/libdl-2.19.so
7f027dd9c000-7f027df57000 r-xp 00000000 08:06 1447426                    /lib/x86_64-linux-gnu/libc-2.19.so
7f027df57000-7f027e156000 ---p 001bb000 08:06 1447426                    /lib/x86_64-linux-gnu/libc-2.19.so
7f027e156000-7f027e15a000 r--p 001ba000 08:06 1447426                    /lib/x86_64-linux-gnu/libc-2.19.so
7f027e15a000-7f027e15c000 rw-p 001be000 08:06 1447426                    /lib/x86_64-linux-gnu/libc-2.19.so
7f027e15c000-7f027e161000 rw-p 00000000 00:00 0 
7f027e161000-7f027e16e000 r-xp 00000000 08:06 806316                     /usr/lib/jvm/java-7-openjdk-amd64/jre/lib/amd64/jli/libjli.so
7f027e16e000-7f027e36d000 ---p 0000d000 08:06 806316                     /usr/lib/jvm/java-7-openjdk-amd64/jre/lib/amd64/jli/libjli.so
7f027e36d000-7f027e36e000 r--p 0000c000 08:06 806316                     /usr/lib/jvm/java-7-openjdk-amd64/jre/lib/amd64/jli/libjli.so
7f027e36e000-7f027e36f000 rw-p 0000d000 08:06 806316                     /usr/lib/jvm/java-7-openjdk-amd64/jre/lib/amd64/jli/libjli.so
7f027e36f000-7f027e392000 r-xp 00000000 08:06 1447419                    /lib/x86_64-linux-gnu/ld-2.19.so
7f027e394000-7f027e3b6000 rw-p 00000000 00:00 0 
7f027e3b6000-7f027e46c000 rw-p 00000000 00:00 0 
7f027e46c000-7f027e46f000 ---p 00000000 00:00 0 
7f027e46f000-7f027e572000 rw-p 00000000 00:00 0 
7f027e573000-7f027e574000 rw-p 00000000 00:00 0 
7f027e574000-7f027e578000 r--s 00034000 08:06 806345                     /usr/lib/jvm/java-7-openjdk-amd64/jre/lib/ext/sunjce_provider.jar
7f027e578000-7f027e57a000 r--s 00012000 08:06 806344                     /usr/lib/jvm/java-7-openjdk-amd64/jre/lib/ext/zipfs.jar
7f027e57a000-7f027e57c000 r--s 00006000 08:06 807305                     /usr/share/java/java-atk-wrapper.jar
7f027e57c000-7f027e580000 r--s 00085000 08:06 806347                     /usr/lib/jvm/java-7-openjdk-amd64/jre/lib/ext/localedata.jar
7f027e580000-7f027e581000 r--s 00002000 08:06 806343                     /usr/lib/jvm/java-7-openjdk-amd64/jre/lib/ext/dnsns.jar
7f027e581000-7f027e585000 r--s 0003c000 08:06 806348                     /usr/lib/jvm/java-7-openjdk-amd64/jre/lib/ext/sunpkcs11.jar
7f027e585000-7f027e58d000 rw-s 00000000 08:06 796236                     /tmp/hsperfdata_thedragonspb/10228
7f027e58d000-7f027e58e000 rw-p 00000000 00:00 0 
7f027e58e000-7f027e58f000 ---p 00000000 00:00 0 
7f027e58f000-7f027e591000 rw-p 00000000 00:00 0 
7f027e591000-7f027e592000 r--p 00022000 08:06 1447419                    /lib/x86_64-linux-gnu/ld-2.19.so
7f027e592000-7f027e593000 rw-p 00023000 08:06 1447419                    /lib/x86_64-linux-gnu/ld-2.19.so
7f027e593000-7f027e594000 rw-p 00000000 00:00 0 
7ffe7130e000-7ffe7132f000 rw-p 00000000 00:00 0                          [stack]
7ffe713e4000-7ffe713e6000 r--p 00000000 00:00 0                          [vvar]
7ffe713e6000-7ffe713e8000 r-xp 00000000 00:00 0                          [vdso]
ffffffffff600000-ffffffffff601000 r-xp 00000000 00:00 0                  [vsyscall]

VM Arguments:
jvm_args: -Djava.awt.headless=true -Xmx1024M -Dfile.encoding=UTF-8 -Duser.country=RU -Duser.language=ru -Duser.variant 
java_command: com.android.dx.command.Main --dex --force-jumbo --num-threads=4 --output /home/thedragonspb/AndroidStudioProjects/ComplexCalc3/app/build/intermediates/pre-dexed/debug/com.android.support-support-v4-23.3.0_8fa9546de7217f5729dbfe1cb521bae565b11ec5.jar /home/thedragonspb/AndroidStudioProjects/ComplexCalc3/app/build/intermediates/exploded-aar/com.android.support/support-v4/23.3.0/jars/classes.jar
Launcher Type: SUN_STANDARD

Environment Variables:
PATH=/usr/local/sbin:/usr/local/bin:/usr/sbin:/usr/bin:/sbin:/bin:/usr/games:/usr/local/games
LD_LIBRARY_PATH=.:
SHELL=/bin/bash
DISPLAY=:0.0

Signal Handlers:
SIGSEGV: [libjvm.so+0x9561e0], sa_mask[0]=0x7ffbfeff, sa_flags=0x10000004
SIGBUS: [libjvm.so+0x9561e0], sa_mask[0]=0x7ffbfeff, sa_flags=0x10000004
SIGFPE: [libjvm.so+0x7cc4d0], sa_mask[0]=0x7ffbfeff, sa_flags=0x10000004
SIGPIPE: [libjvm.so+0x7cc4d0], sa_mask[0]=0x7ffbfeff, sa_flags=0x10000004
SIGXFSZ: [libjvm.so+0x7cc4d0], sa_mask[0]=0x7ffbfeff, sa_flags=0x10000004
SIGILL: [libjvm.so+0x7cc4d0], sa_mask[0]=0x7ffbfeff, sa_flags=0x10000004
SIGUSR1: SIG_DFL, sa_mask[0]=0x00000000, sa_flags=0x00000000
SIGUSR2: [libjvm.so+0x7cc370], sa_mask[0]=0x00000004, sa_flags=0x10000004
SIGHUP: [libjvm.so+0x7cc550], sa_mask[0]=0x7ffbfeff, sa_flags=0x10000004
SIGINT: [libjvm.so+0x7cc550], sa_mask[0]=0x7ffbfeff, sa_flags=0x10000004
SIGTERM: [libjvm.so+0x7cc550], sa_mask[0]=0x7ffbfeff, sa_flags=0x10000004
SIGQUIT: [libjvm.so+0x7cc550], sa_mask[0]=0x7ffbfeff, sa_flags=0x10000004
SIGTRAP: SIG_DFL, sa_mask[0]=0x00000000, sa_flags=0x00000000


---------------  S Y S T E M  ---------------

OS:Ubuntu 14.04 (trusty)
uname:Linux 3.19.0-59-generic #65~14.04.1-Ubuntu SMP Tue Apr 19 18:57:09 UTC 2016 x86_64
libc:glibc 2.19 NPTL 2.19 
rlimit: STACK 8192k, CORE 0k, NPROC 12989, NOFILE 4096, AS infinity
load average:12,31 5,08 2,81

/proc/meminfo:
MemTotal:        3409948 kB
MemFree:          119884 kB
MemAvailable:      96592 kB
Buffers:            2200 kB
Cached:           118240 kB
SwapCached:            0 kB
Active:          3014412 kB
Inactive:          74748 kB
Active(anon):    2970096 kB
Inactive(anon):    36984 kB
Active(file):      44316 kB
Inactive(file):    37764 kB
Unevictable:          88 kB
Mlocked:              88 kB
SwapTotal:             0 kB
SwapFree:              0 kB
Dirty:               320 kB
Writeback:             0 kB
AnonPages:       2968608 kB
Mapped:            98616 kB
Shmem:             38580 kB
Slab:              89080 kB
SReclaimable:      40268 kB
SUnreclaim:        48812 kB
KernelStack:        9952 kB
PageTables:        40808 kB
NFS_Unstable:          0 kB
Bounce:                0 kB
WritebackTmp:          0 kB
CommitLimit:     1704972 kB
Committed_AS:    6455116 kB
VmallocTotal:   34359738367 kB
VmallocUsed:       95840 kB
VmallocChunk:   34359637248 kB
HardwareCorrupted:     0 kB
AnonHugePages:   1568768 kB
CmaTotal:              0 kB
CmaFree:               0 kB
HugePages_Total:       0
HugePages_Free:        0
HugePages_Rsvd:        0
HugePages_Surp:        0
Hugepagesize:       2048 kB
DirectMap4k:      241404 kB
DirectMap2M:     3373056 kB
DirectMap1G:           0 kB


CPU:total 4 (4 cores per cpu, 1 threads per core) family 22 model 0 stepping 1, cmov, cx8, fxsr, mmx, sse, sse2, sse3, ssse3, sse4.1, sse4.2, popcnt, avx, aes, mmxext, 3dnowpref, lzcnt, sse4a, tsc, tscinvbit, tscinv

/proc/cpuinfo:
processor	: 0
vendor_id	: AuthenticAMD
cpu family	: 22
model		: 0
model name	: AMD A4-5000 APU with Radeon(TM) HD Graphics
stepping	: 1
microcode	: 0x700010b
cpu MHz		: 1500.000
cache size	: 2048 KB
physical id	: 0
siblings	: 4
core id		: 0
cpu cores	: 4
apicid		: 0
initial apicid	: 0
fpu		: yes
fpu_exception	: yes
cpuid level	: 13
wp		: yes
flags		: fpu vme de pse tsc msr pae mce cx8 apic sep mtrr pge mca cmov pat pse36 clflush mmx fxsr sse sse2 ht syscall nx mmxext fxsr_opt pdpe1gb rdtscp lm constant_tsc rep_good nopl nonstop_tsc extd_apicid aperfmperf eagerfpu pni pclmulqdq monitor ssse3 cx16 sse4_1 sse4_2 movbe popcnt aes xsave avx f16c lahf_lm cmp_legacy svm extapic cr8_legacy abm sse4a misalignsse 3dnowprefetch osvw ibs skinit wdt topoext perfctr_nb perfctr_l2 arat hw_pstate proc_feedback npt lbrv svm_lock nrip_save tsc_scale flushbyasid decodeassists pausefilter pfthreshold vmmcall bmi1 xsaveopt
bugs		: fxsave_leak
bogomips	: 2994.37
TLB size	: 1024 4K pages
clflush size	: 64
cache_alignment	: 64
address sizes	: 40 bits physical, 48 bits virtual
power management: ts ttp tm 100mhzsteps hwpstate [11]

processor	: 1
vendor_id	: AuthenticAMD
cpu family	: 22
model		: 0
model name	: AMD A4-5000 APU with Radeon(TM) HD Graphics    
stepping	: 1
microcode	: 0x700010b
cpu MHz		: 1300.000
cache size	: 2048 KB
physical id	: 0
siblings	: 4
core id		: 1
cpu cores	: 4
apicid		: 1
initial apicid	: 1
fpu		: yes
fpu_exception	: yes
cpuid level	: 13
wp		: yes
flags		: fpu vme de pse tsc msr pae mce cx8 apic sep mtrr pge mca cmov pat pse36 clflush mmx fxsr sse sse2 ht syscall nx mmxext fxsr_opt pdpe1gb rdtscp lm constant_tsc rep_good nopl nonstop_tsc extd_apicid aperfmperf eagerfpu pni pclmulqdq monitor ssse3 cx16 sse4_1 sse4_2 movbe popcnt aes xsave avx f16c lahf_lm cmp_legacy svm extapic cr8_legacy abm sse4a misalignsse 3dnowprefetch osvw ibs skinit wdt topoext perfctr_nb perfctr_l2 arat hw_pstate proc_feedback npt lbrv svm_lock nrip_save tsc_scale flushbyasid decodeassists pausefilter pfthreshold vmmcall bmi1 xsaveopt
bugs		: fxsave_leak
bogomips	: 2994.37
TLB size	: 1024 4K pages
clflush size	: 64
cache_alignment	: 64
address sizes	: 40 bits physical, 48 bits virtual
power management: ts ttp tm 100mhzsteps hwpstate [11]

processor	: 2
vendor_id	: AuthenticAMD
cpu family	: 22
model		: 0
model name	: AMD A4-5000 APU with Radeon(TM) HD Graphics    
stepping	: 1
microcode	: 0x700010b
cpu MHz		: 1500.000
cache size	: 2048 KB
physical id	: 0
siblings	: 4
core id		: 2
cpu cores	: 4
apicid		: 2
initial apicid	: 2
fpu		: yes
fpu_exception	: yes
cpuid level	: 13
wp		: yes
flags		: fpu vme de pse tsc msr pae mce cx8 apic sep mtrr pge mca cmov pat pse36 clflush mmx fxsr sse sse2 ht syscall nx mmxext fxsr_opt pdpe1gb rdtscp lm constant_tsc rep_good nopl nonstop_tsc extd_apicid aperfmperf eagerfpu pni pclmulqdq monitor ssse3 cx16 sse4_1 sse4_2 movbe popcnt aes xsave avx f16c lahf_lm cmp_legacy svm extapic cr8_legacy abm sse4a misalignsse 3dnowprefetch osvw ibs skinit wdt topoext perfctr_nb perfctr_l2 arat hw_pstate proc_feedback npt lbrv svm_lock nrip_save tsc_scale flushbyasid decodeassists pausefilter pfthreshold vmmcall bmi1 xsaveopt
bugs		: fxsave_leak
bogomips	: 2994.37
TLB size	: 1024 4K pages
clflush size	: 64
cache_alignment	: 64
address sizes	: 40 bits physical, 48 bits virtual
power management: ts ttp tm 100mhzsteps hwpstate [11]

processor	: 3
vendor_id	: AuthenticAMD
cpu family	: 22
model		: 0
model name	: AMD A4-5000 APU with Radeon(TM) HD Graphics    
stepping	: 1
microcode	: 0x700010b
cpu MHz		: 1500.000
cache size	: 2048 KB
physical id	: 0
siblings	: 4
core id		: 3
cpu cores	: 4
apicid		: 3
initial apicid	: 3
fpu		: yes
fpu_exception	: yes
cpuid level	: 13
wp		: yes
flags		: fpu vme de pse tsc msr pae mce cx8 apic sep mtrr pge mca cmov pat pse36 clflush mmx fxsr sse sse2 ht syscall nx mmxext fxsr_opt pdpe1gb rdtscp lm constant_tsc rep_good nopl nonstop_tsc extd_apicid aperfmperf eagerfpu pni pclmulqdq monitor ssse3 cx16 sse4_1 sse4_2 movbe popcnt aes xsave avx f16c lahf_lm cmp_legacy svm extapic cr8_legacy abm sse4a misalignsse 3dnowprefetch osvw ibs skinit wdt topoext perfctr_nb perfctr_l2 arat hw_pstate proc_feedback npt lbrv svm_lock nrip_save tsc_scale flushbyasid decodeassists pausefilter pfthreshold vmmcall bmi1 xsaveopt
bugs		: fxsave_leak
bogomips	: 2994.37
TLB size	: 1024 4K pages
clflush size	: 64
cache_alignment	: 64
address sizes	: 40 bits physical, 48 bits virtual
power management: ts ttp tm 100mhzsteps hwpstate [11]



Memory: 4k page, physical 3409948k(119884k free), swap 0k(0k free)

vm_info: OpenJDK 64-Bit Server VM (24.95-b01) for linux-amd64 JRE (1.7.0_101-b00), built on Apr 24 2016 20:39:29 by "buildd" with gcc 4.8.2

time: Tue May 10 20:33:17 2016
elapsed time: 52 seconds

